Level Date Low_Temp High_Temp
I [2024-08-05 16:12:48] fairy:279 87.39
W [2024-08-05 16:14:35] fairy:778 28.85
E [2024-08-05 16:15:23] dragon:45 -38.56
W [2024-08-05 16:16:31] elemental:635 -84.95
W [2024-08-05 16:18:42] elemental:448 63.79
E [2024-08-05 16:20:10] dragon:848 -71.29
E [2024-08-05 16:22:46] fairy:332 -28.2
E [2024-08-05 16:24:47] elemental:937 8.68
W [2024-08-05 16:26:12] dragon:182 -20.16
E [2024-08-05 16:26:50] chimera:858 -65.78
W [2024-08-05 16:30:03] elemental:394 62.65
I [2024-08-05 16:30:18] basilisk:254 -49.93
W [2024-08-05 16:30:53] basilisk:90 -65.74
I [2024-08-05 16:37:22] dragon:258 -19.57
W [2024-08-05 16:38:35] dragon:315 98.28
W [2024-08-05 16:40:44] fairy:601 68.75
W [2024-08-05 16:41:07] basilisk:448 30.45
I [2024-08-05 16:41:19] chimera:734 56.1
W [2024-08-05 16:44:32] basilisk:165 49.26
W [2024-08-05 16:44:39] elemental:737 61.51
W [2024-08-05 16:46:07] fairy:609 -44.80
E [2024-08-05 16:48:06] chimera:782 -75.32
E [2024-08-05 16:48:45] elemental:822 -38.88
E [2024-08-05 16:50:17] chimera:657 -10.56
E [2024-08-05 16:50:33] basilisk:684 -61.51
I [2024-08-05 16:54:03] chimera:210 -74.57
W [2024-08-05 16:55:00] chimera:640 40.94
W [2024-08-05 16:55:15] fairy:87 32.2
I [2024-08-05 16:56:29] elemental:859 -3.0
W [2024-08-05 16:58:08] fairy:438 34.84
E [2024-08-05 16:58:21] fairy:164 -26.65
W [2024-08-05 16:58:38] fairy:66 -96.36
W [2024-08-05 17:00:31] fairy:827 9.25
E [2024-08-05 17:00:59] fairy:466 38.36
W [2024-08-05 17:02:13] basilisk:367 77.95
W [2024-08-05 17:02:37] fairy:657 -8.45
W [2024-08-05 17:03:36] elemental:505 -44.36
I [2024-08-05 17:04:31] basilisk:918 -31.69
E [2024-08-05 17:04:50] chimera:201 -84.62
W [2024-08-05 17:07:27] fairy:512 6.1
E [2024-08-05 17:07:30] chimera:353 -19.1
W [2024-08-05 17:07:33] fairy:287 36.39
I [2024-08-05 17:09:25] basilisk:845 47.13
E [2024-08-05 17:10:10] basilisk:963 -55.33
W [2024-08-05 17:11:19] dragon:646 40.99
W [2024-08-05 17:12:36] elemental:137 -26.6
W [2024-08-05 17:13:34] basilisk:824 -33.41
I [2024-08-05 17:14:23] basilisk:140 -72.98
E [2024-08-05 17:15:01] basilisk:219 76.61
E [2024-08-05 17:15:32] basilisk:341 24.74
W [2024-08-05 17:16:20] fairy:293 45.83
I [2024-08-05 17:17:28] basilisk:18 -3.61
E [2024-08-05 17:20:23] fairy:334 -58.20
E [2024-08-05 17:23:14] dragon:699 -5.62
E [2024-08-05 17:23:24] dragon:202 -40.36
E [2024-08-05 17:27:10] chimera:9 10.77
I [2024-08-05 17:27:48] basilisk:924 12.5
W [2024-08-05 17:27:58] chimera:74 -31.85
W [2024-08-05 17:31:19] basilisk:573 -63.5
E [2024-08-05 17:32:26] elemental:479 44.38
E [2024-08-05 17:33:52] chimera:346 100.16
I [2024-08-05 17:35:01] elemental:58 75.73
E [2024-08-05 17:36:21] dragon:669 -100.58
W [2024-08-05 17:42:38] dragon:5 -53.51
E [2024-08-05 17:43:46] elemental:576 -93.96
E [2024-08-05 17:44:20] fairy:474 9.19
I [2024-08-05 17:44:35] basilisk:963 -99.32
I [2024-08-05 17:45:32] basilisk:474 67.78
E [2024-08-05 17:46:26] elemental:758 -95.42
I [2024-08-05 17:46:52] chimera:473 34.42
I [2024-08-05 17:49:13] elemental:607 88.82
I [2024-08-05 17:49:23] basilisk:794 -69.65
I [2024-08-05 17:50:38] dragon:339 20.89
W [2024-08-05 17:50:52] chimera:791 35.55
W [2024-08-05 17:52:57] fairy:678 -6.46
I [2024-08-05 17:53:35] dragon:582 -5.47
I [2024-08-05 17:57:40] chimera:942 73.60
W [2024-08-05 17:58:02] dragon:212 60.25
I [2024-08-05 17:58:19] basilisk:553 6.11
I [2024-08-05 17:59:51] basilisk:107 -50.62
E [2024-08-05 18:01:01] basilisk:346 20.97
I [2024-08-05 18:03:23] dragon:498 -96.67
I [2024-08-05 18:03:36] elemental:201 10.5
W [2024-08-05 18:06:08] fairy:919 -24.77
W [2024-08-05 18:06:24] fairy:698 -55.64
W [2024-08-05 18:07:29] chimera:197 44.99
E [2024-08-05 18:08:46] dragon:234 1.14
I [2024-08-05 18:09:02] dragon:688 20.30
I [2024-08-05 18:10:19] chimera:393 77.31
E [2024-08-05 18:10:26] dragon:898 97.82
I [2024-08-05 18:11:04] elemental:183 -11.60
E [2024-08-05 18:11:39] fairy:953 18.69
W [2024-08-05 18:13:03] fairy:768 -73.2
E [2024-08-05 18:13:06] chimera:763 -81.46
W [2024-08-05 18:13:21] elemental:250 -100.59
I [2024-08-05 18:14:42] basilisk:245 39.41
E [2024-08-05 18:14:47] elemental:89 36.63
I [2024-08-05 18:15:22] basilisk:597 72.22
I [2024-08-05 18:18:01] fairy:396 94.25
W [2024-08-05 18:18:10] chimera:125 31.74
W [2024-08-05 18:21:28] dragon:24 -35.67
I [2024-08-05 18:22:50] fairy:580 25.11
W [2024-08-05 18:23:13] chimera:889 61.32
I [2024-08-05 18:23:35] chimera:569 -69.48
W [2024-08-05 18:26:51] elemental:378 -62.11
E [2024-08-05 18:26:55] chimera:795 38.77
E [2024-08-05 18:33:28] basilisk:145 59.0
I [2024-08-05 18:33:54] basilisk:714 2.9
I [2024-08-05 18:34:16] elemental:829 1.66
E [2024-08-05 18:35:04] dragon:538 84.71
E [2024-08-05 18:35:52] chimera:888 2.93
W [2024-08-05 18:36:40] chimera:277 -39.59
W [2024-08-05 18:40:48] fairy:276 97.41
I [2024-08-05 18:42:05] elemental:903 21.39
E [2024-08-05 18:43:10] elemental:654 -40.6
W [2024-08-05 18:46:18] basilisk:779 93.53
I [2024-08-05 18:46:20] basilisk:610 57.78
I [2024-08-05 18:46:40] basilisk:618 28.71
E [2024-08-05 18:50:12] elemental:707 -79.22
E [2024-08-05 18:50:28] chimera:843 -27.99
I [2024-08-05 18:51:09] basilisk:982 -47.30
W [2024-08-05 18:51:14] chimera:70 75.10
I [2024-08-05 18:56:17] fairy:929 -51.65
E [2024-08-05 18:56:28] elemental:454 -97.28
W [2024-08-05 18:58:39] dragon:964 -23.59
I [2024-08-05 19:00:50] basilisk:261 27.76
E [2024-08-05 19:05:09] basilisk:708 77.55
W [2024-08-05 19:06:39] elemental:440 -15.32
W [2024-08-05 19:07:27] elemental:405 73.37
W [2024-08-05 19:07:28] dragon:520 -12.82
I [2024-08-05 19:07:43] dragon:4 27.5
I [2024-08-05 19:09:32] chimera:933 -91.44
W [2024-08-05 19:10:17] dragon:236 -44.33
E [2024-08-05 19:11:17] elemental:122 62.31
E [2024-08-05 19:13:43] basilisk:11 76.82
I [2024-08-05 19:14:28] dragon:5 -66.53
E [2024-08-05 19:14:41] elemental:195 -88.71
W [2024-08-05 19:17:05] dragon:680 -4.5
E [2024-08-05 19:17:09] chimera:333 -50.76
E [2024-08-05 19:20:05] fairy:77 -88.16
I [2024-08-05 19:21:27] elemental:718 100.82
W [2024-08-05 19:21:45] chimera:832 -24.50
W [2024-08-05 19:23:33] fairy:790 66.1
E [2024-08-05 19:23:38] chimera:895 -4.0
W [2024-08-05 19:28:45] basilisk:190 42.60
I [2024-08-05 19:32:45] fairy:430 -94.79
I [2024-08-05 19:37:53] elemental:773 -57.96
I [2024-08-05 19:38:04] basilisk:314 -79.21
I [2024-08-05 19:39:33] elemental:676 45.25
W [2024-08-05 19:41:02] chimera:795 70.16
W [2024-08-05 19:42:19] dragon:366 -18.77
I [2024-08-05 19:43:13] fairy:548 -89.82
E [2024-08-05 19:44:23] chimera:941 -28.49
I [2024-08-05 19:45:08] dragon:812 -49.44
E [2024-08-05 19:45:31] dragon:781 83.7
I [2024-08-05 19:46:38] fairy:724 83.19
W [2024-08-05 19:47:35] elemental:958 -83.4
W [2024-08-05 19:48:26] chimera:341 83.84
E [2024-08-05 19:53:07] basilisk:863 -66.40
E [2024-08-05 19:58:17] elemental:754 -45.86
I [2024-08-05 19:59:29] elemental:557 80.7
W [2024-08-05 19:59:49] elemental:606 13.86
I [2024-08-05 20:01:01] elemental:943 74.87
I [2024-08-05 20:03:18] chimera:679 94.96
I [2024-08-05 20:03:40] chimera:144 -81.19
W [2024-08-05 20:04:47] dragon:384 -25.39
I [2024-08-05 20:06:10] elemental:109 10.77
W [2024-08-05 20:07:13] elemental:937 -23.35
I [2024-08-05 20:11:17] dragon:689 14.66
E [2024-08-05 20:12:18] chimera:941 -70.78
I [2024-08-05 20:13:31] dragon:888 -75.84
E [2024-08-05 20:16:50] fairy:434 -77.52
I [2024-08-05 20:17:02] fairy:860 -59.4
I [2024-08-05 20:17:48] chimera:666 -67.45
W [2024-08-05 20:19:39] basilisk:306 28.20
E [2024-08-05 20:23:58] chimera:182 -57.44
I [2024-08-05 20:24:03] dragon:541 -20.60
W [2024-08-05 20:25:49] basilisk:669 -26.26
W [2024-08-05 20:26:30] fairy:115 6.31
I [2024-08-05 20:29:20] chimera:507 -17.63
W [2024-08-05 20:29:32] dragon:720 62.48
I [2024-08-05 20:29:55] dragon:383 33.0
I [2024-08-05 20:31:23] dragon:396 24.38
I [2024-08-05 20:31:47] chimera:286 -20.22
I [2024-08-05 20:36:35] fairy:314 72.44
W [2024-08-05 20:36:41] fairy:593 52.11
E [2024-08-05 20:38:21] fairy:440 -91.7
E [2024-08-05 20:39:05] dragon:367 94.49
W [2024-08-05 20:43:14] chimera:943 -2.59
E [2024-08-05 20:46:04] dragon:596 9.39
W [2024-08-05 20:46:16] fairy:102 -33.25
W [2024-08-05 20:48:57] dragon:30 29.51
E [2024-08-05 20:50:01] basilisk:455 -58.17
E [2024-08-05 20:53:45] elemental:89 -57.4
E [2024-08-05 20:53:57] chimera:82 46.76
W [2024-08-05 20:55:59] basilisk:202 8.41
W [2024-08-05 20:56:26] basilisk:665 -64.96
I [2024-08-05 20:56:51] dragon:184 84.8
I [2024-08-05 20:58:18] elemental:186 -7.47
I [2024-08-05 20:58:23] basilisk:361 -16.38
I [2024-08-05 20:59:12] dragon:918 -98.23
W [2024-08-05 21:01:12] basilisk:488 94.26
E [2024-08-05 21:02:08] basilisk:388 27.29
W [2024-08-05 21:02:12] chimera:670 -78.67
W [2024-08-05 21:02:17] elemental:469 -17.70
W [2024-08-05 21:04:13] elemental:843 -45.40
W [2024-08-05 21:05:13] basilisk:830 77.56
I [2024-08-05 21:07:06] fairy:284 45.94
W [2024-08-05 21:09:46] chimera:480 38.85
W [2024-08-05 21:12:47] elemental:458 10.97
E [2024-08-05 21:14:08] fairy:163 89.59
I [2024-08-05 21:17:30] basilisk:850 96.13
W [2024-08-05 21:17:51] fairy:632 88.63
E [2024-08-05 21:19:01] dragon:129 -28.71
I [2024-08-05 21:20:04] elemental:837 -10.99
W [2024-08-05 21:22:10] basilisk:217 43.23
W [2024-08-05 21:23:07] elemental:60 -61.42
I [2024-08-05 21:23:21] chimera:988 12.12
I [2024-08-05 21:23:47] basilisk:601 27.91
E [2024-08-05 21:23:56] chimera:414 42.44
E [2024-08-05 21:25:56] dragon:239 9.28
E [2024-08-05 21:26:11] elemental:687 54.92
I [2024-08-05 21:27:37] fairy:62 51.73
I [2024-08-05 21:28:03] basilisk:658 65.85
E [2024-08-05 21:29:13] elemental:472 7.73
W [2024-08-05 21:31:17] basilisk:847 -20.93
I [2024-08-05 21:34:12] chimera:486 18.61
I [2024-08-05 21:38:31] dragon:685 85.45
E [2024-08-05 21:39:46] basilisk:226 94.86
E [2024-08-05 21:40:16] fairy:842 84.3
I [2024-08-05 21:41:38] fairy:626 25.96
E [2024-08-05 21:41:53] fairy:777 67.84
E [2024-08-05 21:44:57] basilisk:145 -36.68
W [2024-08-05 21:45:02] fairy:690 8.2
I [2024-08-05 21:45:19] elemental:684 58.14
I [2024-08-05 21:45:53] elemental:977 32.8
E [2024-08-05 21:46:46] chimera:542 94.92
I [2024-08-05 21:47:55] dragon:19 29.93
E [2024-08-05 21:48:18] basilisk:971 99.28
E [2024-08-05 21:49:16] dragon:214 -42.68
W [2024-08-05 21:49:16] elemental:381 -70.67
W [2024-08-05 21:51:11] fairy:438 54.96
E [2024-08-05 21:52:12] dragon:463 70.37
W [2024-08-05 21:55:54] fairy:914 -70.21
I [2024-08-05 21:56:14] chimera:942 -54.39
W [2024-08-05 22:00:30] elemental:675 -36.43
W [2024-08-05 22:02:04] basilisk:750 55.91
W [2024-08-05 22:02:16] elemental:210 -48.68
E [2024-08-05 22:02:25] chimera:763 55.69
E [2024-08-05 22:04:08] chimera:326 -68.85
E [2024-08-05 22:04:13] elemental:593 62.37
I [2024-08-05 22:05:25] dragon:606 -10.86
W [2024-08-05 22:05:52] elemental:163 -46.75
I [2024-08-05 22:10:57] dragon:670 -96.22
I [2024-08-05 22:11:35] fairy:65 -58.9
E [2024-08-05 22:12:19] basilisk:780 90.56
W [2024-08-05 22:14:11] basilisk:465 66.54
I [2024-08-05 22:15:18] dragon:130 -22.71
W [2024-08-05 22:15:28] chimera:44 69.74
W [2024-08-05 22:16:49] dragon:526 -90.53
W [2024-08-05 22:17:58] dragon:417 14.50
W [2024-08-05 22:18:56] elemental:970 -17.74
W [2024-08-05 22:18:59] chimera:56 30.61
I [2024-08-05 22:23:33] dragon:5 63.66
I [2024-08-05 22:23:41] fairy:981 -1.78
E [2024-08-05 22:25:32] basilisk:801 0.62
I [2024-08-05 22:26:01] elemental:158 -43.33
W [2024-08-05 22:27:53] fairy:418 91.47
W [2024-08-05 22:31:14] fairy:898 55.84
I [2024-08-05 22:32:10] chimera:777 -30.47
I [2024-08-05 22:33:32] fairy:233 -26.36
I [2024-08-05 22:41:08] dragon:60 -19.40
W [2024-08-05 22:43:34] chimera:976 -8.54
I [2024-08-05 22:44:12] chimera:104 25.35
E [2024-08-05 22:45:52] chimera:61 -9.8
I [2024-08-05 22:47:40] fairy:174 75.75
E [2024-08-05 22:49:47] chimera:708 21.85
I [2024-08-05 22:50:56] chimera:442 79.50
I [2024-08-05 22:54:58] dragon:584 81.78
E [2024-08-05 22:56:05] basilisk:218 88.26
W [2024-08-05 22:57:36] chimera:687 -9.95
I [2024-08-05 23:03:03] chimera:15 14.48
E [2024-08-05 23:03:24] basilisk:247 -58.24
W [2024-08-05 23:05:16] dragon:192 83.90
E [2024-08-05 23:06:16] basilisk:676 -54.95
E [2024-08-05 23:06:36] basilisk:914 -46.71
I [2024-08-05 23:13:14] chimera:992 97.28
I [2024-08-05 23:14:12] chimera:111 91.37
W [2024-08-05 23:14:40] elemental:148 95.18
W [2024-08-05 23:15:24] dragon:818 99.30
I [2024-08-05 23:15:25] fairy:276 -9.13
I [2024-08-05 23:17:27] chimera:132 -88.5
E [2024-08-05 23:18:10] elemental:389 43.49
I [2024-08-05 23:18:32] elemental:745 -84.49
E [2024-08-05 23:19:54] fairy:135 97.15
W [2024-08-05 23:24:20] fairy:227 -73.8
E [2024-08-05 23:26:11] fairy:71 -61.8
W [2024-08-05 23:27:36] dragon:859 -12.37
W [2024-08-05 23:28:24] dragon:427 77.38
I [2024-08-05 23:28:40] dragon:9 87.58
E [2024-08-05 23:29:19] elemental:309 -95.96
I [2024-08-05 23:30:16] elemental:228 -62.34
E [2024-08-05 23:30:47] fairy:460 -23.26
I [2024-08-05 23:36:27] dragon:655 -71.7
I [2024-08-05 23:37:17] basilisk:7 6.62
I [2024-08-05 23:38:06] fairy:257 17.72
E [2024-08-05 23:42:05] fairy:786 -38.32
W [2024-08-05 23:42:10] dragon:518 -54.62
I [2024-08-05 23:45:16] elemental:202 40.73
E [2024-08-05 23:47:40] elemental:660 11.33
I [2024-08-05 23:49:14] elemental:957 16.62
E [2024-08-05 23:50:21] elemental:268 88.41
E [2024-08-05 23:51:05] basilisk:59 27.11
W [2024-08-05 23:52:14] basilisk:464 -64.20
W [2024-08-05 23:54:40] elemental:608 -44.88
E [2024-08-05 23:54:59] basilisk:256 -18.10
W [2024-08-05 23:55:35] chimera:481 -17.43
I [2024-08-05 23:56:29] dragon:672 39.66
E [2024-08-05 23:57:50] fairy:895 24.92
W [2024-08-05 23:58:11] chimera:606 73.74
W [2024-08-05 23:58:21] chimera:822 52.86
I [2024-08-05 23:59:27] chimera:315 37.9
W [2024-08-06 00:01:09] fairy:30 22.53
I [2024-08-06 00:01:45] basilisk:282 -31.2
I [2024-08-06 00:05:23] elemental:427 63.63
W [2024-08-06 00:06:33] elemental:369 -22.65
E [2024-08-06 00:06:43] basilisk:999 0.74
W [2024-08-06 00:07:12] fairy:515 -3.13
I [2024-08-06 00:07:27] chimera:538 60.21
W [2024-08-06 00:07:30] dragon:498 -41.85
W [2024-08-06 00:12:03] basilisk:946 58.56
I [2024-08-06 00:13:58] chimera:828 19.72
I [2024-08-06 00:15:08] basilisk:196 -20.37
I [2024-08-06 00:15:26] basilisk:541 -31.29
I [2024-08-06 00:16:44] chimera:969 -7.65
I [2024-08-06 00:17:32] dragon:987 -44.90
I [2024-08-06 00:21:42] elemental:96 -5.57
I [2024-08-06 00:22:48] chimera:863 89.76
I [2024-08-06 00:23:25] dragon:346 60.10
I [2024-08-06 00:23:36] dragon:190 28.7
I [2024-08-06 00:24:02] fairy:457 -94.90
W [2024-08-06 00:24:25] dragon:194 29.88
I [2024-08-06 00:26:40] basilisk:467 -55.28
E [2024-08-06 00:27:02] fairy:360 15.0
I [2024-08-06 00:27:11] fairy:307 35.34
I [2024-08-06 00:31:14] dragon:583 -55.69
E [2024-08-06 00:32:53] basilisk:951 91.67
I [2024-08-06 00:32:57] fairy:119 -88.19
E [2024-08-06 00:35:43] basilisk:213 -85.54
W [2024-08-06 00:37:48] dragon:43 -6.99
I [2024-08-06 00:38:47] elemental:686 -13.42
W [2024-08-06 00:39:44] elemental:933 -58.3
E [2024-08-06 00:40:08] fairy:378 -40.18
I [2024-08-06 00:41:54] elemental:596 -70.58
I [2024-08-06 00:45:37] chimera:570 -78.38
E [2024-08-06 00:45:49] fairy:999 54.5
W [2024-08-06 00:45:56] fairy:69 46.26
E [2024-08-06 00:52:19] fairy:923 -95.73
E [2024-08-06 00:54:27] basilisk:224 80.30
E [2024-08-06 00:59:36] basilisk:647 95.62
I [2024-08-06 01:00:09] fairy:360 39.24
W [2024-08-06 01:00:28] elemental:57 -2.89
E [2024-08-06 01:01:13] fairy:580 -39.37
I [2024-08-06 01:01:44] fairy:159 -11.67
W [2024-08-06 01:01:53] fairy:653 58.84
E [2024-08-06 01:05:02] chimera:34 85.63
E [2024-08-06 01:05:29] chimera:187 48.5
W [2024-08-06 01:07:18] elemental:851 -95.23
I [2024-08-06 01:08:41] basilisk:345 -46.14
E [2024-08-06 01:16:00] basilisk:167 30.99
W [2024-08-06 01:16:32] fairy:310 88.52
I [2024-08-06 01:16:39] basilisk:882 -4.33
I [2024-08-06 01:18:08] basilisk:765 52.25
E [2024-08-06 01:18:49] chimera:955 57.42
E [2024-08-06 01:19:02] basilisk:675 -68.27
I [2024-08-06 01:20:00] chimera:93 -27.84
I [2024-08-06 01:21:20] fairy:302 33.80
E [2024-08-06 01:24:44] fairy:1 -22.78
I [2024-08-06 01:25:09] dragon:263 -84.60
W [2024-08-06 01:25:20] basilisk:528 34.8
I [2024-08-06 01:28:18] elemental:962 34.31
E [2024-08-06 01:28:53] elemental:148 14.19
I [2024-08-06 01:29:28] dragon:269 8.84
W [2024-08-06 01:29:50] chimera:667 56.11
W [2024-08-06 01:30:30] basilisk:62 -78.98
I [2024-08-06 01:30:31] fairy:133 -18.13
E [2024-08-06 01:36:17] chimera:740 17.85
W [2024-08-06 01:37:42] elemental:788 -57.59
I [2024-08-06 01:38:05] elemental:663 -31.97
E [2024-08-06 01:41:44] dragon:917 90.39
I [2024-08-06 01:43:08] dragon:556 -87.17
E [2024-08-06 01:45:52] fairy:302 13.3
E [2024-08-06 01:46:13] chimera:300 -2.5
E [2024-08-06 01:48:45] chimera:950 64.89
I [2024-08-06 01:49:31] elemental:994 27.40
W [2024-08-06 01:52:00] chimera:776 -14.34
E [2024-08-06 01:52:31] fairy:898 -70.52
I [2024-08-06 01:55:10] dragon:348 16.50
W [2024-08-06 01:58:46] fairy:615 68.13
I [2024-08-06 01:59:02] basilisk:224 -71.89
E [2024-08-06 01:59:20] fairy:842 86.13
E [2024-08-06 02:04:34] chimera:268 46.23
W [2024-08-06 02:05:11] basilisk:64 90.59
I [2024-08-06 02:06:14] elemental:360 61.51
W [2024-08-06 02:07:25] dragon:159 35.59
I [2024-08-06 02:08:00] fairy:593 -35.19
I [2024-08-06 02:08:07] chimera:224 -85.9
W [2024-08-06 02:08:16] chimera:554 76.85
W [2024-08-06 02:11:46] elemental:276 -64.89
I [2024-08-06 02:15:27] chimera:616 -85.53
W [2024-08-06 02:16:08] elemental:152 63.21
I [2024-08-06 02:16:35] basilisk:365 21.69
W [2024-08-06 02:18:46] fairy:197 -50.39
E [2024-08-06 02:18:55] dragon:880 72.48
I [2024-08-06 02:22:06] fairy:550 34.57
I [2024-08-06 02:22:30] chimera:953 85.69
I [2024-08-06 02:24:17] fairy:413 -35.47
W [2024-08-06 02:24:42] chimera:584 -26.67
I [2024-08-06 02:25:07] basilisk:948 -6.23
I [2024-08-06 02:25:29] dragon:83 98.45
W [2024-08-06 02:26:17] elemental:318 -36.85
W [2024-08-06 02:26:47] fairy:567 -39.98
I [2024-08-06 02:28:20] chimera:40 -47.31
W [2024-08-06 02:28:41] elemental:106 -46.87
E [2024-08-06 02:30:45] fairy:92 76.28
W [2024-08-06 02:30:52] basilisk:641 9.52
I [2024-08-06 02:34:20] basilisk:165 40.32
W [2024-08-06 02:40:30] elemental:724 3.18
E [2024-08-06 02:44:04] chimera:846 20.65
E [2024-08-06 02:44:25] elemental:89 -5.68
I [2024-08-06 02:44:53] chimera:113 82.66
W [2024-08-06 02:45:43] chimera:351 -75.16
E [2024-08-06 02:45:54] chimera:139 61.80
E [2024-08-06 02:48:06] chimera:474 51.94
I [2024-08-06 02:49:35] chimera:498 99.27
I [2024-08-06 02:50:53] dragon:655 70.88
I [2024-08-06 02:53:46] dragon:984 -51.36
W [2024-08-06 02:54:55] basilisk:226 68.34
E [2024-08-06 02:55:24] basilisk:965 13.99
I [2024-08-06 02:58:23] elemental:907 -11.45
W [2024-08-06 03:00:25] fairy:701 -82.23
E [2024-08-06 03:04:20] basilisk:839 -14.89
I [2024-08-06 03:05:02] elemental:514 64.0
E [2024-08-06 03:07:04] elemental:630 -34.99
I [2024-08-06 03:07:06] basilisk:44 -65.63
E [2024-08-06 03:07:08] basilisk:203 -87.38
W [2024-08-06 03:07:58] dragon:996 -69.37
I [2024-08-06 03:09:46] dragon:594 -97.95
I [2024-08-06 03:14:28] fairy:959 -35.12
W [2024-08-06 03:15:17] fairy:638 73.89
I [2024-08-06 03:15:51] elemental:21 -6.86
W [2024-08-06 03:20:17] fairy:440 -35.19
W [2024-08-06 03:20:44] chimera:565 -32.63
I [2024-08-06 03:21:04] fairy:998 -22.72
W [2024-08-06 03:21:34] chimera:32 -72.66
W [2024-08-06 03:21:54] basilisk:564 -1.35
W [2024-08-06 03:22:09] chimera:218 33.91
E [2024-08-06 03:25:43] fairy:369 -94.77
I [2024-08-06 03:27:12] fairy:991 -8.94
E [2024-08-06 03:29:04] basilisk:446 82.2
E [2024-08-06 03:30:42] dragon:432 92.71
E [2024-08-06 03:31:47] chimera:539 -48.40
E [2024-08-06 03:31:49] elemental:796 -62.28
W [2024-08-06 03:31:54] fairy:933 -14.67
I [2024-08-06 03:32:38] chimera:969 -42.56
I [2024-08-06 03:35:01] chimera:278 -28.33
W [2024-08-06 03:35:20] chimera:299 -41.89
E [2024-08-06 03:37:32] chimera:383 -99.77
E [2024-08-06 03:38:20] basilisk:956 6.27
E [2024-08-06 03:38:24] basilisk:859 -93.28
E [2024-08-06 03:38:48] basilisk:297 -37.9
I [2024-08-06 03:40:12] elemental:157 -77.1
W [2024-08-06 03:43:09] elemental:874 -4.94
W [2024-08-06 03:43:14] basilisk:710 81.34
I [2024-08-06 03:43:25] dragon:549 -78.86
I [2024-08-06 03:43:28] fairy:399 -51.73
E [2024-08-06 03:45:48] basilisk:746 60.96
E [2024-08-06 03:48:23] dragon:17 -9.58
I [2024-08-06 03:48:26] basilisk:348 -28.3
I [2024-08-06 03:48:32] dragon:778 87.23
W [2024-08-06 03:53:27] basilisk:22 96.87
I [2024-08-06 03:53:55] basilisk:582 87.89
I [2024-08-06 03:53:57] elemental:249 2.55
E [2024-08-06 03:54:26] dragon:952 80.39
E [2024-08-06 03:54:57] fairy:103 87.66
I [2024-08-06 03:55:07] dragon:768 -64.82
I [2024-08-06 03:57:06] fairy:936 -37.19
I [2024-08-06 03:58:19] dragon:844 34.8
W [2024-08-06 04:01:47] chimera:984 26.68
E [2024-08-06 04:02:16] dragon:412 -48.39
E [2024-08-06 04:03:17] dragon:572 -74.14
I [2024-08-06 04:08:36] dragon:449 78.91
I [2024-08-06 04:09:32] chimera:285 70.31
W [2024-08-06 04:13:22] dragon:37 89.40
E [2024-08-06 04:13:46] basilisk:951 -11.7
W [2024-08-06 04:16:02] chimera:916 -97.38
I [2024-08-06 04:16:45] elemental:987 -54.83
W [2024-08-06 04:17:29] dragon:808 16.0
E [2024-08-06 04:18:22] chimera:550 13.45
I [2024-08-06 04:21:29] elemental:636 -48.21
I [2024-08-06 04:21:54] dragon:952 22.79
I [2024-08-06 04:27:20] fairy:312 60.44
W [2024-08-06 04:28:01] elemental:615 3.41
W [2024-08-06 04:29:54] elemental:452 -83.92
W [2024-08-06 04:30:47] basilisk:116 -66.92
W [2024-08-06 04:32:40] elemental:16 -57.17
I [2024-08-06 04:34:36] basilisk:221 -43.8
W [2024-08-06 04:34:48] elemental:7 -92.5
W [2024-08-06 04:35:09] chimera:357 -16.62
E [2024-08-06 04:36:38] dragon:843 -98.91
E [2024-08-06 04:36:40] elemental:879 64.99
I [2024-08-06 04:40:14] dragon:834 -9.44
E [2024-08-06 04:40:14] chimera:184 -11.17
I [2024-08-06 04:41:16] fairy:810 -30.65
I [2024-08-06 04:41:19] basilisk:662 -57.70
E [2024-08-06 04:43:14] basilisk:794 29.43
E [2024-08-06 04:44:26] elemental:778 59.48
E [2024-08-06 04:44:40] dragon:812 9.99
I [2024-08-06 04:46:47] dragon:375 -85.54
I [2024-08-06 04:46:48] basilisk:877 -74.95
W [2024-08-06 04:47:05] chimera:74 -9.15
E [2024-08-06 04:48:58] dragon:600 -12.44
I [2024-08-06 04:49:05] chimera:5 -92.43
I [2024-08-06 04:51:09] elemental:276 96.65
W [2024-08-06 04:55:43] dragon:815 25.37
W [2024-08-06 04:55:47] basilisk:965 -8.99
E [2024-08-06 04:55:51] fairy:726 -46.59
E [2024-08-06 04:57:25] fairy:812 13.0
W [2024-08-06 04:59:18] basilisk:781 -81.77
W [2024-08-06 05:00:02] basilisk:68 -62.17
W [2024-08-06 05:04:04] elemental:311 49.31
I [2024-08-06 05:06:46] basilisk:357 -48.48
W [2024-08-06 05:06:57] chimera:755 25.61
I [2024-08-06 05:09:17] fairy:708 -22.15
W [2024-08-06 05:10:12] elemental:643 -15.7
I [2024-08-06 05:10:36] fairy:236 -14.57
W [2024-08-06 05:11:12] fairy:1000 100.58
E [2024-08-06 05:15:11] basilisk:750 -27.58
E [2024-08-06 05:15:33] dragon:608 -67.80
W [2024-08-06 05:15:42] dragon:320 74.1
W [2024-08-06 05:16:05] dragon:726 81.7
E [2024-08-06 05:21:46] dragon:989 -55.81
I [2024-08-06 05:23:36] chimera:723 26.95
I [2024-08-06 05:24:47] chimera:991 65.90
I [2024-08-06 05:27:30] fairy:375 -78.15
W [2024-08-06 05:28:50] elemental:594 81.51
I [2024-08-06 05:28:52] elemental:346 -70.82
W [2024-08-06 05:29:40] fairy:407 -38.34
W [2024-08-06 05:33:36] dragon:200 60.41
I [2024-08-06 05:35:57] basilisk:87 59.77
W [2024-08-06 05:37:50] basilisk:435 -47.67
W [2024-08-06 05:48:20] basilisk:265 -61.76
I [2024-08-06 05:49:42] fairy:634 -91.33
I [2024-08-06 05:52:15] dragon:508 -38.34
I [2024-08-06 05:54:09] chimera:665 -65.98
E [2024-08-06 05:56:08] fairy:988 -81.54
I [2024-08-06 05:56:33] chimera:567 18.14
I [2024-08-06 06:01:48] basilisk:761 60.14
I [2024-08-06 06:04:06] elemental:834 -25.97
I [2024-08-06 06:05:36] elemental:552 35.55
W [2024-08-06 06:13:52] chimera:37 -96.22
E [2024-08-06 06:15:18] elemental:536 -11.79
E [2024-08-06 06:15:37] dragon:135 43.66
E [2024-08-06 06:16:48] fairy:835 84.56
E [2024-08-06 06:17:14] basilisk:828 -68.35
E [2024-08-06 06:17:29] fairy:314 -90.76
I [2024-08-06 06:17:57] elemental:522 22.34
I [2024-08-06 06:20:01] fairy:993 -17.31
E [2024-08-06 06:20:58] chimera:18 -91.1
W [2024-08-06 06:21:46] chimera:154 -97.60
E [2024-08-06 06:22:00] basilisk:708 52.99
E [2024-08-06 06:23:39] chimera:511 19.86
W [2024-08-06 06:23:51] basilisk:384 40.93
E [2024-08-06 06:27:07] fairy:719 -51.21
W [2024-08-06 06:27:23] chimera:741 -65.91
W [2024-08-06 06:27:52] elemental:294 -76.91
W [2024-08-06 06:29:04] chimera:38 20.97
I [2024-08-06 06:29:20] chimera:545 -81.78
W [2024-08-06 06:32:27] basilisk:329 5.67
W [2024-08-06 06:32:49] basilisk:704 56.3
I [2024-08-06 06:32:49] fairy:571 44.36
E [2024-08-06 06:34:25] chimera:451 -70.64
I [2024-08-06 06:34:26] chimera:925 -13.81
W [2024-08-06 06:34:35] chimera:95 -57.3
E [2024-08-06 06:35:41] elemental:267 35.80
E [2024-08-06 06:35:42] basilisk:325 59.29
I [2024-08-06 06:35:48] chimera:5 -23.54
W [2024-08-06 06:36:03] basilisk:883 -99.37
E [2024-08-06 06:36:17] chimera:877 40.68
W [2024-08-06 06:39:05] fairy:115 29.38
W [2024-08-06 06:39:15] elemental:427 47.41
E [2024-08-06 06:40:42] basilisk:161 -65.35
I [2024-08-06 06:40:44] chimera:249 8.69
W [2024-08-06 06:42:24] chimera:514 -78.67
W [2024-08-06 06:43:22] basilisk:370 27.57
I [2024-08-06 06:45:06] dragon:995 -37.82
I [2024-08-06 06:45:42] dragon:257 95.95
W [2024-08-06 06:45:59] basilisk:70 99.97
W [2024-08-06 06:46:43] basilisk:407 -97.32
E [2024-08-06 06:46:57] dragon:815 -88.7
E [2024-08-06 06:50:10] basilisk:429 -24.14
E [2024-08-06 06:53:43] basilisk:420 -59.63
I [2024-08-06 06:53:47] basilisk:98 -42.20
I [2024-08-06 06:53:48] fairy:997 47.32
E [2024-08-06 06:53:56] basilisk:153 -96.50
I [2024-08-06 06:54:37] elemental:38 -62.4
W [2024-08-06 06:56:50] chimera:450 26.44
I [2024-08-06 06:58:31] dragon:753 65.30
I [2024-08-06 07:01:18] dragon:633 -36.37
W [2024-08-06 07:01:23] elemental:672 79.95
W [2024-08-06 07:01:54] dragon:693 56.54
I [2024-08-06 07:04:20] elemental:665 -32.15
I [2024-08-06 07:06:02] dragon:51 -83.43
I [2024-08-06 07:06:28] elemental:16 -86.42
W [2024-08-06 07:06:45] basilisk:782 56.53
W [2024-08-06 07:08:23] chimera:977 26.19
I [2024-08-06 07:09:57] chimera:747 -69.93
W [2024-08-06 07:11:13] dragon:363 -80.19
W [2024-08-06 07:11:26] dragon:949 21.28
I [2024-08-06 07:11:52] chimera:162 98.11
E [2024-08-06 07:13:22] basilisk:735 -3.87
W [2024-08-06 07:13:32] chimera:151 21.6
I [2024-08-06 07:15:35] dragon:180 -37.58
E [2024-08-06 07:16:01] fairy:187 75.38
I [2024-08-06 07:16:21] fairy:220 -77.38
I [2024-08-06 07:17:56] fairy:918 51.80
E [2024-08-06 07:18:22] fairy:959 -76.21
W [2024-08-06 07:20:01] dragon:817 -41.65
E [2024-08-06 07:20:32] elemental:287 -70.75
W [2024-08-06 07:23:52] dragon:329 -4.40
I [2024-08-06 07:27:11] fairy:201 -63.70
W [2024-08-06 07:27:33] chimera:250 -7.54
E [2024-08-06 07:28:23] elemental:262 -19.37
W [2024-08-06 07:29:19] basilisk:65 -21.41
W [2024-08-06 07:30:44] dragon:452 -27.6
E [2024-08-06 07:33:20] fairy:872 -34.37
E [2024-08-06 07:34:13] elemental:305 -82.22
W [2024-08-06 07:34:15] dragon:955 38.79
I [2024-08-06 07:35:46] chimera:888 -70.69
W [2024-08-06 07:40:05] dragon:94 56.91
I [2024-08-06 07:40:11] basilisk:315 17.91
I [2024-08-06 07:40:25] fairy:839 79.60
I [2024-08-06 07:41:40] dragon:744 -23.43
E [2024-08-06 07:41:41] fairy:786 -98.4
W [2024-08-06 07:42:03] elemental:811 93.84
I [2024-08-06 07:43:18] chimera:905 84.10
I [2024-08-06 07:46:08] dragon:365 -66.65
E [2024-08-06 07:49:36] elemental:178 54.87
I [2024-08-06 07:49:52] dragon:409 -79.55
W [2024-08-06 07:49:57] chimera:732 -51.94
W [2024-08-06 07:50:44] fairy:919 -75.75
I [2024-08-06 07:52:36] basilisk:233 48.7
I [2024-08-06 07:52:57] elemental:737 -33.99
W [2024-08-06 07:54:08] elemental:223 -52.75
I [2024-08-06 07:56:55] chimera:541 -15.13
E [2024-08-06 07:57:17] elemental:77 40.46
W [2024-08-06 07:58:36] basilisk:375 0.35
E [2024-08-06 07:59:08] chimera:575 -87.2
E [2024-08-06 07:59:57] fairy:14 31.80
W [2024-08-06 08:01:35] fairy:793 -37.23
E [2024-08-06 08:03:04] dragon:658 28.42
E [2024-08-06 08:04:55] fairy:426 -79.86
W [2024-08-06 08:05:04] elemental:898 -32.53
W [2024-08-06 08:05:31] basilisk:827 -15.59
W [2024-08-06 08:08:49] chimera:54 59.15
I [2024-08-06 08:09:14] chimera:617 64.97
I [2024-08-06 08:12:20] fairy:747 -67.33
I [2024-08-06 08:12:42] fairy:741 -72.87
I [2024-08-06 08:12:44] basilisk:21 87.27
E [2024-08-06 08:12:46] dragon:79 -68.5
I [2024-08-06 08:14:06] fairy:413 -61.76
E [2024-08-06 08:14:12] chimera:65 42.22
E [2024-08-06 08:14:32] elemental:319 -79.84
I [2024-08-06 08:16:00] basilisk:291 -51.60
I [2024-08-06 08:16:58] basilisk:296 56.40
E [2024-08-06 08:17:11] dragon:718 -56.71
I [2024-08-06 08:17:18] chimera:383 67.90
W [2024-08-06 08:17:59] chimera:512 -8.32
I [2024-08-06 08:19:41] dragon:643 77.12
W [2024-08-06 08:20:05] chimera:480 47.12
W [2024-08-06 08:22:48] fairy:356 99.99
E [2024-08-06 08:23:03] fairy:805 -95.87
E [2024-08-06 08:23:59] dragon:765 -68.55
W [2024-08-06 08:24:04] basilisk:855 4.47
W [2024-08-06 08:29:23] chimera:254 26.91
W [2024-08-06 08:30:11] chimera:881 18.89
I [2024-08-06 08:30:41] chimera:942 -32.69
W [2024-08-06 08:32:24] fairy:972 -71.75
E [2024-08-06 08:37:23] elemental:490 -22.89
E [2024-08-06 08:42:00] elemental:559 -26.49
I [2024-08-06 08:42:20] elemental:478 33.24
I [2024-08-06 08:43:34] elemental:880 -71.14
E [2024-08-06 08:45:13] elemental:438 33.37
E [2024-08-06 08:46:32] dragon:95 2.96
I [2024-08-06 08:48:52] dragon:440 9.98
W [2024-08-06 08:49:57] chimera:573 75.33
E [2024-08-06 08:58:24] elemental:31 20.3
E [2024-08-06 08:59:53] dragon:498 49.72
W [2024-08-06 09:00:30] basilisk:370 14.56
W [2024-08-06 09:01:52] fairy:208 86.40
E [2024-08-06 09:02:20] dragon:792 80.95
E [2024-08-06 09:04:11] basilisk:445 95.46
W [2024-08-06 09:04:26] chimera:593 33.72
W [2024-08-06 09:04:27] dragon:708 62.73
E [2024-08-06 09:05:26] basilisk:873 -51.19
E [2024-08-06 09:05:47] dragon:310 67.17
I [2024-08-06 09:06:42] dragon:691 27.5
I [2024-08-06 09:07:14] chimera:805 -82.36
W [2024-08-06 09:09:12] basilisk:455 25.37
W [2024-08-06 09:10:17] basilisk:514 22.96
I [2024-08-06 09:11:16] dragon:312 16.58
E [2024-08-06 09:12:15] fairy:578 37.2
E [2024-08-06 09:16:28] dragon:825 -23.18
I [2024-08-06 09:17:38] fairy:169 4.2
I [2024-08-06 09:18:44] chimera:743 -12.43
I [2024-08-06 09:20:44] chimera:346 99.45
W [2024-08-06 09:21:57] basilisk:799 49.14
I [2024-08-06 09:23:04] fairy:922 -28.42
W [2024-08-06 09:23:29] fairy:333 97.19
W [2024-08-06 09:23:30] basilisk:565 55.71
I [2024-08-06 09:35:00] dragon:337 -85.19
E [2024-08-06 09:36:15] fairy:499 52.97
I [2024-08-06 09:36:40] fairy:176 70.6
E [2024-08-06 09:36:44] basilisk:723 45.94
W [2024-08-06 09:37:01] basilisk:361 -75.16
W [2024-08-06 09:40:11] chimera:399 -90.83
W [2024-08-06 09:44:52] elemental:373 -70.84
W [2024-08-06 09:45:37] chimera:501 48.26
E [2024-08-06 09:45:53] fairy:837 -7.84
E [2024-08-06 09:47:07] fairy:762 -28.67
E [2024-08-06 09:47:39] dragon:31 75.56
W [2024-08-06 09:48:01] dragon:843 -99.73
I [2024-08-06 09:48:30] elemental:740 -3.45
W [2024-08-06 09:50:33] dragon:420 -49.3
W [2024-08-06 09:50:42] elemental:465 77.47
W [2024-08-06 09:51:28] fairy:326 29.13
W [2024-08-06 09:51:46] dragon:708 41.50
W [2024-08-06 09:54:51] elemental:258 100.28
E [2024-08-06 09:57:08] elemental:570 41.9
I [2024-08-06 09:57:35] fairy:771 32.95
W [2024-08-06 09:58:40] dragon:994 -73.61
W [2024-08-06 10:01:20] elemental:738 96.24
I [2024-08-06 10:02:01] fairy:777 -69.30
E [2024-08-06 10:02:52] elemental:365 -67.33
W [2024-08-06 10:04:57] elemental:917 6.69
E [2024-08-06 10:05:27] basilisk:122 60.2
W [2024-08-06 10:05:59] fairy:125 35.18
W [2024-08-06 10:06:25] fairy:609 83.98
W [2024-08-06 10:09:59] basilisk:677 100.43
E [2024-08-06 10:10:25] basilisk:364 -50.22
W [2024-08-06 10:13:43] fairy:673 84.34
W [2024-08-06 10:19:16] elemental:584 0.25
W [2024-08-06 10:21:56] chimera:708 -69.65
E [2024-08-06 10:23:37] chimera:628 76.79
I [2024-08-06 10:23:59] chimera:454 97.16
E [2024-08-06 10:25:38] basilisk:266 -74.64
I [2024-08-06 10:26:23] chimera:661 -79.42
E [2024-08-06 10:27:07] basilisk:835 -87.2
I [2024-08-06 10:30:29] chimera:321 -63.88
W [2024-08-06 10:33:30] basilisk:881 84.53
I [2024-08-06 10:33:53] chimera:741 -89.87
E [2024-08-06 10:34:03] basilisk:827 -39.25
W [2024-08-06 10:34:19] basilisk:644 -43.24
W [2024-08-06 10:36:59] chimera:572 19.25
I [2024-08-06 10:39:15] fairy:697 -12.68
I [2024-08-06 10:39:38] chimera:551 85.27
E [2024-08-06 10:40:26] elemental:960 69.72
W [2024-08-06 10:43:40] basilisk:796 -58.94
W [2024-08-06 10:44:32] dragon:554 64.47
I [2024-08-06 10:45:24] fairy:531 16.94
W [2024-08-06 10:45:40] dragon:55 -44.82
I [2024-08-06 10:46:46] basilisk:730 -72.39
I [2024-08-06 10:48:16] chimera:729 20.25
I [2024-08-06 10:48:42] elemental:861 -16.92
I [2024-08-06 10:49:56] basilisk:595 90.54
I [2024-08-06 10:50:09] elemental:309 -3.8
E [2024-08-06 10:50:14] basilisk:717 55.62
I [2024-08-06 10:51:22] fairy:309 44.38
W [2024-08-06 10:56:57] basilisk:286 77.53
E [2024-08-06 10:57:06] basilisk:570 -23.36
E [2024-08-06 11:01:38] fairy:58 -39.25
I [2024-08-06 11:03:25] elemental:182 24.16
W [2024-08-06 11:06:05] fairy:655 -1.79
W [2024-08-06 11:06:57] basilisk:53 67.71
W [2024-08-06 11:08:22] basilisk:632 -69.38
I [2024-08-06 11:09:08] chimera:699 72.12
E [2024-08-06 11:11:21] basilisk:961 75.88
E [2024-08-06 11:13:20] chimera:875 -24.55
W [2024-08-06 11:13:45] elemental:3 70.25
E [2024-08-06 11:14:04] elemental:145 -9.30
I [2024-08-06 11:14:35] elemental:236 44.69
I [2024-08-06 11:15:05] chimera:713 -46.71
W [2024-08-06 11:15:07] dragon:655 37.33
W [2024-08-06 11:16:51] fairy:39 -54.91
E [2024-08-06 11:20:51] fairy:373 3.8
E [2024-08-06 11:21:42] dragon:974 74.97
W [2024-08-06 11:21:54] elemental:857 -76.87
E [2024-08-06 11:22:08] elemental:735 6.86
E [2024-08-06 11:24:25] elemental:981 97.34
I [2024-08-06 11:25:37] fairy:888 83.26
W [2024-08-06 11:26:47] fairy:375 25.87
I [2024-08-06 11:28:46] fairy:508 3.36
W [2024-08-06 11:29:37] fairy:239 -2.74
E [2024-08-06 11:34:37] chimera:943 47.47
E [2024-08-06 11:34:49] elemental:459 -43.95
I [2024-08-06 11:35:43] chimera:80 6.61
W [2024-08-06 11:37:16] fairy:294 50.12
W [2024-08-06 11:38:16] basilisk:956 32.94
I [2024-08-06 11:38:40] elemental:300 77.33
W [2024-08-06 11:41:03] fairy:375 43.70
W [2024-08-06 11:44:40] dragon:308 93.12
E [2024-08-06 11:45:01] chimera:739 81.76
E [2024-08-06 11:45:12] dragon:833 -91.4
W [2024-08-06 11:46:55] fairy:999 76.91
E [2024-08-06 11:46:56] chimera:680 -12.3
E [2024-08-06 11:48:09] chimera:536 -66.73
W [2024-08-06 11:49:36] basilisk:320 -30.25
E [2024-08-06 11:50:17] fairy:349 38.91
E [2024-08-06 11:52:53] chimera:732 38.66
W [2024-08-06 11:54:16] dragon:188 -7.65
E [2024-08-06 11:54:54] chimera:823 -93.64
W [2024-08-06 11:55:35] elemental:635 -89.83
I [2024-08-06 11:55:47] basilisk:935 34.40
W [2024-08-06 11:58:08] chimera:958 57.43
W [2024-08-06 12:03:10] dragon:111 5.8
W [2024-08-06 12:03:12] chimera:742 -82.16
I [2024-08-06 12:03:15] dragon:576 -20.57
W [2024-08-06 12:06:08] dragon:810 15.90
I [2024-08-06 12:07:56] basilisk:36 -87.58
E [2024-08-06 12:07:58] elemental:628 75.66
I [2024-08-06 12:09:24] chimera:736 -23.69
W [2024-08-06 12:11:18] dragon:25 27.20
E [2024-08-06 12:14:36] chimera:800 -39.35
W [2024-08-06 12:16:06] elemental:955 -90.67
E [2024-08-06 12:21:29] fairy:18 39.17
I [2024-08-06 12:26:41] elemental:811 61.90
E [2024-08-06 12:28:31] dragon:753 75.23
W [2024-08-06 12:30:22] fairy:565 24.63
I [2024-08-06 12:30:40] elemental:523 -35.46
W [2024-08-06 12:32:55] elemental:534 1.36
E [2024-08-06 12:34:43] chimera:20 91.30
W [2024-08-06 12:36:58] fairy:531 5.12
I [2024-08-06 12:38:25] basilisk:202 63.11
E [2024-08-06 12:39:32] fairy:264 -40.66
I [2024-08-06 12:40:43] basilisk:921 56.94
E [2024-08-06 12:45:16] basilisk:380 -2.88
I [2024-08-06 12:46:48] dragon:269 57.10
I [2024-08-06 12:47:05] basilisk:178 -37.88
E [2024-08-06 12:48:36] dragon:849 44.75
W [2024-08-06 12:51:17] basilisk:180 23.58
E [2024-08-06 12:52:44] dragon:281 23.81
W [2024-08-06 12:53:27] basilisk:580 -4.39
E [2024-08-06 12:54:00] chimera:905 21.69
I [2024-08-06 12:59:37] chimera:957 -76.94
W [2024-08-06 13:03:15] basilisk:521 64.38
W [2024-08-06 13:07:16] dragon:965 66.40
I [2024-08-06 13:08:30] chimera:745 -42.68
I [2024-08-06 13:09:56] elemental:88 0.65
E [2024-08-06 13:12:29] basilisk:317 -29.49
E [2024-08-06 13:12:35] dragon:496 4.78
E [2024-08-06 13:12:47] basilisk:599 64.94
I [2024-08-06 13:15:20] dragon:750 -68.91
I [2024-08-06 13:16:01] chimera:159 63.7
E [2024-08-06 13:17:11] basilisk:210 -9.93
W [2024-08-06 13:18:21] fairy:885 87.14
I [2024-08-06 13:18:41] chimera:212 -77.26
W [2024-08-06 13:23:51] chimera:877 67.42
I [2024-08-06 13:26:02] basilisk:611 -47.96
W [2024-08-06 13:30:00] dragon:167 -15.27
E [2024-08-06 13:34:56] dragon:640 76.84
I [2024-08-06 13:35:36] elemental:776 94.75
E [2024-08-06 13:35:55] fairy:493 -90.85
W [2024-08-06 13:36:27] dragon:917 -14.11
E [2024-08-06 13:36:58] dragon:477 -67.85
E [2024-08-06 13:37:00] dragon:575 99.76
I [2024-08-06 13:38:32] elemental:932 51.68
E [2024-08-06 13:38:36] chimera:883 100.59
E [2024-08-06 13:39:01] elemental:998 94.62
W [2024-08-06 13:41:27] chimera:593 -54.9
W [2024-08-06 13:44:41] basilisk:141 54.28
W [2024-08-06 13:45:13] chimera:396 -12.63
W [2024-08-06 13:45:31] chimera:332 41.58
E [2024-08-06 13:46:30] chimera:322 -7.23
I [2024-08-06 13:47:03] dragon:988 -66.8
I [2024-08-06 13:47:27] dragon:333 -77.36
W [2024-08-06 13:48:13] chimera:827 -85.8
E [2024-08-06 13:54:04] chimera:430 -52.51
I [2024-08-06 13:57:20] basilisk:636 59.31
I [2024-08-06 13:57:32] elemental:676 -63.88
W [2024-08-06 14:01:22] chimera:185 -75.14
E [2024-08-06 14:02:21] elemental:589 -50.86
I [2024-08-06 14:03:32] basilisk:974 -70.11
I [2024-08-06 14:04:58] fairy:56 46.88
E [2024-08-06 14:05:20] basilisk:926 87.76
W [2024-08-06 14:06:11] dragon:176 -64.53
W [2024-08-06 14:06:48] elemental:258 52.13
E [2024-08-06 14:09:28] elemental:13 -58.27
E [2024-08-06 14:09:50] chimera:112 -94.41
E [2024-08-06 14:11:03] basilisk:130 -1.48
E [2024-08-06 14:13:24] chimera:267 -94.76
I [2024-08-06 14:13:58] dragon:101 90.50
W [2024-08-06 14:14:48] chimera:159 58.40
W [2024-08-06 14:16:09] dragon:825 27.46
W [2024-08-06 14:16:52] fairy:237 -44.0
W [2024-08-06 14:19:18] fairy:565 -48.10
E [2024-08-06 14:21:12] basilisk:996 -42.80
E [2024-08-06 14:23:22] basilisk:819 93.35
I [2024-08-06 14:23:39] fairy:362 -42.73
I [2024-08-06 14:25:52] dragon:369 -82.29
E [2024-08-06 14:28:00] fairy:127 63.20
E [2024-08-06 14:29:45] basilisk:8 -53.86
I [2024-08-06 14:31:22] chimera:77 -23.74
W [2024-08-06 14:32:22] fairy:76 49.88
E [2024-08-06 14:34:55] basilisk:502 67.75
I [2024-08-06 14:35:25] fairy:488 -29.38
I [2024-08-06 14:35:54] basilisk:302 91.15
E [2024-08-06 14:36:01] fairy:472 -76.36
E [2024-08-06 14:36:31] fairy:492 69.64
E [2024-08-06 14:36:49] dragon:371 13.31
I [2024-08-06 14:37:15] basilisk:499 81.47
E [2024-08-06 14:37:41] fairy:492 -74.38
E [2024-08-06 14:38:13] chimera:907 94.96
W [2024-08-06 14:38:38] basilisk:924 -87.48
I [2024-08-06 14:39:29] fairy:879 -40.76
I [2024-08-06 14:39:52] dragon:889 -35.74
I [2024-08-06 14:41:14] elemental:721 -34.76
I [2024-08-06 14:43:35] fairy:16 -54.71
W [2024-08-06 14:44:20] dragon:749 78.78
E [2024-08-06 14:47:03] elemental:521 -23.22
W [2024-08-06 14:49:27] basilisk:421 -5.29
E [2024-08-06 14:50:54] fairy:335 66.39
I [2024-08-06 14:51:32] dragon:776 -64.65
I [2024-08-06 14:51:40] elemental:922 -14.77
W [2024-08-06 14:51:40] elemental:881 6.97
W [2024-08-06 14:55:28] elemental:167 -88.49
E [2024-08-06 14:55:33] basilisk:230 22.97
I [2024-08-06 14:57:49] elemental:425 61.40
W [2024-08-06 14:58:03] dragon:572 25.42
E [2024-08-06 14:58:35] dragon:896 -15.45
E [2024-08-06 14:58:55] fairy:499 47.8
W [2024-08-06 15:06:00] fairy:227 56.49
I [2024-08-06 15:06:15] basilisk:889 -77.51
E [2024-08-06 15:08:38] basilisk:200 41.18
I [2024-08-06 15:10:04] chimera:86 -73.95
I [2024-08-06 15:11:02] dragon:347 4.52
W [2024-08-06 15:14:04] chimera:796 -22.13
W [2024-08-06 15:14:05] elemental:970 -56.44
E [2024-08-06 15:14:36] fairy:175 9.42
I [2024-08-06 15:17:19] fairy:859 -68.90
I [2024-08-06 15:18:35] dragon:732 84.96
I [2024-08-06 15:18:53] elemental:97 35.96
W [2024-08-06 15:22:56] basilisk:630 22.73
I [2024-08-06 15:24:24] basilisk:697 65.61
I [2024-08-06 15:24:44] basilisk:743 -40.13
W [2024-08-06 15:25:51] elemental:521 -5.78
W [2024-08-06 15:25:59] elemental:423 26.31
I [2024-08-06 15:26:29] elemental:535 51.13
E [2024-08-06 15:27:56] elemental:600 84.8
W [2024-08-06 15:28:40] chimera:361 -98.46
E [2024-08-06 15:32:05] dragon:408 61.6
E [2024-08-06 15:32:15] fairy:733 71.32
E [2024-08-06 15:32:42] dragon:500 3.91
W [2024-08-06 15:35:03] dragon:120 93.55
I [2024-08-06 15:35:23] elemental:56 -91.2
W [2024-08-06 15:35:42] elemental:627 -73.97
I [2024-08-06 15:37:28] dragon:233 -81.26
E [2024-08-06 15:39:47] basilisk:787 13.91
E [2024-08-06 15:44:34] chimera:255 -82.3
I [2024-08-06 15:45:18] basilisk:222 51.57
I [2024-08-06 15:47:10] elemental:868 -45.96
E [2024-08-06 15:47:16] basilisk:831 -1.42
E [2024-08-06 15:48:14] basilisk:2 14.92
E [2024-08-06 15:49:00] chimera:71 -50.10
E [2024-08-06 15:49:17] dragon:662 -86.98
E [2024-08-06 15:51:20] fairy:54 33.93
W [2024-08-06 15:51:24] chimera:938 11.97
I [2024-08-06 15:51:32] fairy:64 -53.47
W [2024-08-06 15:54:26] dragon:714 15.11
I [2024-08-06 15:59:00] elemental:778 93.69
W [2024-08-06 16:00:08] chimera:351 -90.48
W [2024-08-06 16:00:38] chimera:344 84.49
E [2024-08-06 16:05:04] chimera:405 -26.79
I [2024-08-06 16:05:52] dragon:39 -43.38
W [2024-08-06 16:06:01] elemental:403 65.66
E [2024-08-06 16:11:09] elemental:825 -47.59
I [2024-08-06 16:14:16] fairy:93 -28.60
W [2024-08-06 16:14:55] basilisk:617 21.87
W [2024-08-06 16:16:08] dragon:119 -7.19
E [2024-08-06 16:16:58] chimera:165 45.36
W [2024-08-06 16:18:18] chimera:826 -53.35
I [2024-08-06 16:18:57] dragon:500 30.60
W [2024-08-06 16:21:45] dragon:84 29.3
I [2024-08-06 16:22:22] dragon:108 -35.66
E [2024-08-06 16:26:40] dragon:213 44.35
W [2024-08-06 16:27:09] dragon:531 96.23
E [2024-08-06 16:27:48] fairy:949 -18.26
I [2024-08-06 16:28:00] fairy:345 42.74
W [2024-08-06 16:31:20] fairy:72 35.14
I [2024-08-06 16:31:39] fairy:911 -75.66
I [2024-08-06 16:34:39] basilisk:602 84.79
I [2024-08-06 16:36:00] chimera:129 -5.10
I [2024-08-06 16:36:44] basilisk:607 -49.23
I [2024-08-06 16:41:05] chimera:798 -41.54
I [2024-08-06 16:41:06] chimera:66 -58.85
E [2024-08-06 16:41:49] chimera:371 -55.81
W [2024-08-06 16:46:25] basilisk:991 -74.78
E [2024-08-06 16:48:18] basilisk:979 -49.88
I [2024-08-06 16:48:22] dragon:698 13.53
E [2024-08-06 16:50:56] dragon:818 87.2
W [2024-08-06 16:51:38] chimera:958 -95.11
I [2024-08-06 16:56:49] elemental:319 -94.6
W [2024-08-06 17:00:26] basilisk:410 0.54
I [2024-08-06 17:02:17] basilisk:507 -28.69
E [2024-08-06 17:02:29] chimera:281 76.18
E [2024-08-06 17:02:57] elemental:926 -43.4
I [2024-08-06 17:05:03] dragon:438 -39.68
I [2024-08-06 17:05:34] dragon:622 60.35
E [2024-08-06 17:06:41] fairy:730 2.75
W [2024-08-06 17:06:58] elemental:130 75.24
W [2024-08-06 17:09:41] basilisk:126 19.15
E [2024-08-06 17:11:13] basilisk:961 22.88
W [2024-08-06 17:13:37] dragon:418 45.69
E [2024-08-06 17:15:26] fairy:652 -68.48
I [2024-08-06 17:17:37] basilisk:327 61.80
E [2024-08-06 17:17:46] fairy:983 12.5
I [2024-08-06 17:19:07] dragon:308 -29.38
E [2024-08-06 17:19:40] basilisk:927 99.52
W [2024-08-06 17:20:47] elemental:490 79.48
I [2024-08-06 17:22:25] elemental:282 -11.67
I [2024-08-06 17:23:44] dragon:411 41.33
E [2024-08-06 17:25:30] chimera:80 8.15
I [2024-08-06 17:27:42] basilisk:763 -56.17
I [2024-08-06 17:28:02] chimera:143 7.86
E [2024-08-06 17:31:33] elemental:688 -73.79
I [2024-08-06 17:37:41] dragon:417 26.20
W [2024-08-06 17:40:37] dragon:17 -7.68
I [2024-08-06 17:40:57] fairy:990 5.13
W [2024-08-06 17:41:40] basilisk:25 67.27
E [2024-08-06 17:41:52] fairy:37 40.98
E [2024-08-06 17:43:37] chimera:703 -12.43
W [2024-08-06 17:44:21] chimera:913 -94.59
I [2024-08-06 17:46:31] basilisk:575 -54.67
E [2024-08-06 17:46:41] fairy:84 -43.89
I [2024-08-06 17:51:51] basilisk:126 45.14
I [2024-08-06 17:54:32] basilisk:347 -32.78
I [2024-08-06 17:55:56] elemental:833 -45.43
I [2024-08-06 17:56:07] elemental:506 -88.75
E [2024-08-06 17:56:12] basilisk:719 64.3
W [2024-08-06 17:58:38] fairy:289 5.0
E [2024-08-06 17:59:05] fairy:76 86.83
W [2024-08-06 18:00:25] fairy:137 2.37
E [2024-08-06 18:03:38] fairy:400 -22.10
W [2024-08-06 18:05:42] basilisk:79 -72.1
E [2024-08-06 18:10:30] elemental:618 -55.65
W [2024-08-06 18:10:30] fairy:555 -52.74
E [2024-08-06 18:10:46] basilisk:987 -20.92
E [2024-08-06 18:11:50] basilisk:14 -82.14
W [2024-08-06 18:12:10] dragon:324 -42.30
I [2024-08-06 18:12:56] dragon:728 -1.68
E [2024-08-06 18:13:19] elemental:507 -79.73
I [2024-08-06 18:13:42] chimera:167 -5.35
E [2024-08-06 18:19:30] dragon:397 -81.53
I [2024-08-06 18:21:24] dragon:197 79.12
E [2024-08-06 18:21:26] basilisk:911 -79.90
I [2024-08-06 18:21:49] fairy:917 -69.17
I [2024-08-06 18:23:27] elemental:618 -48.35
I [2024-08-06 18:23:37] chimera:99 -77.57
I [2024-08-06 18:25:25] chimera:585 -52.14
E [2024-08-06 18:25:38] basilisk:845 -16.64
I [2024-08-06 18:28:02] basilisk:817 -14.65
I [2024-08-06 18:28:11] dragon:297 20.59
I [2024-08-06 18:31:23] elemental:181 63.24
I [2024-08-06 18:32:40] elemental:422 66.25
E [2024-08-06 18:39:33] dragon:266 -58.48
E [2024-08-06 18:40:09] fairy:156 -32.30
I [2024-08-06 18:42:05] elemental:162 43.4
W [2024-08-06 18:43:45] chimera:507 53.90
W [2024-08-06 18:46:52] dragon:559 -6.92
E [2024-08-06 18:47:00] chimera:292 35.27
E [2024-08-06 18:48:43] chimera:75 -72.92
I [2024-08-06 18:52:11] chimera:943 -82.10
W [2024-08-06 18:53:34] fairy:376 -1.51
E [2024-08-06 18:54:36] elemental:648 -82.37
I [2024-08-06 18:55:06] dragon:43 30.10
I [2024-08-06 18:55:22] elemental:807 6.7
W [2024-08-06 18:55:52] basilisk:18 81.65
W [2024-08-06 18:58:05] elemental:759 -67.94
W [2024-08-06 18:59:23] basilisk:462 94.3
I [2024-08-06 19:01:10] dragon:772 67.18
W [2024-08-06 19:01:20] fairy:115 8.95
I [2024-08-06 19:01:40] basilisk:822 -74.3
I [2024-08-06 19:02:05] elemental:114 -43.76
W [2024-08-06 19:09:16] dragon:465 -70.43
E [2024-08-06 19:09:25] basilisk:470 38.8
E [2024-08-06 19:11:31] dragon:357 16.68
W [2024-08-06 19:11:31] fairy:949 48.6
I [2024-08-06 19:11:43] elemental:377 24.91
E [2024-08-06 19:13:09] basilisk:805 57.33
E [2024-08-06 19:14:17] chimera:370 -61.40
I [2024-08-06 19:15:56] elemental:54 48.28
W [2024-08-06 19:16:38] elemental:934 3.53
W [2024-08-06 19:19:24] elemental:220 -60.24
W [2024-08-06 19:20:46] elemental:352 -16.94
I [2024-08-06 19:21:15] fairy:285 76.94
E [2024-08-06 19:21:37] fairy:69 -66.19
I [2024-08-06 19:21:55] elemental:250 -48.51
I [2024-08-06 19:22:25] fairy:128 94.6
W [2024-08-06 19:22:44] dragon:915 86.45
I [2024-08-06 19:24:42] dragon:54 -12.61
W [2024-08-06 19:24:52] basilisk:54 -54.24
I [2024-08-06 19:25:36] chimera:549 13.68
E [2024-08-06 19:25:58] basilisk:529 -92.74
W [2024-08-06 19:27:01] basilisk:842 -46.86
I [2024-08-06 19:28:00] dragon:460 -7.66
W [2024-08-06 19:30:40] chimera:581 31.64
I [2024-08-06 19:30:59] fairy:774 32.32
W [2024-08-06 19:33:00] fairy:760 -30.81
E [2024-08-06 19:33:45] dragon:5 -24.72
I [2024-08-06 19:36:44] elemental:731 -99.72
W [2024-08-06 19:36:48] fairy:745 97.69
I [2024-08-06 19:37:23] fairy:700 -38.30
W [2024-08-06 19:38:39] basilisk:214 10.36
I [2024-08-06 19:38:54] chimera:794 85.93
W [2024-08-06 19:42:25] chimera:543 91.35
W [2024-08-06 19:42:35] fairy:458 79.3
I [2024-08-06 19:43:22] fairy:80 -98.14
I [2024-08-06 19:44:47] elemental:981 -20.35
W [2024-08-06 19:46:12] dragon:814 99.68
E [2024-08-06 19:50:02] chimera:394 72.68
W [2024-08-06 19:50:25] chimera:391 -22.5
E [2024-08-06 19:51:55] chimera:868 -63.81
W [2024-08-06 19:55:25] dragon:907 19.19
E [2024-08-06 19:57:50] elemental:857 89.27
I [2024-08-06 19:57:54] fairy:896 3.51
E [2024-08-06 19:58:58] elemental:444 36.11
I [2024-08-06 20:00:16] basilisk:237 -80.91
W [2024-08-06 20:00:17] basilisk:914 69.49
W [2024-08-06 20:00:27] dragon:446 -20.41
I [2024-08-06 20:01:02] dragon:481 -47.63
E [2024-08-06 20:02:13] elemental:922 69.92
E [2024-08-06 20:02:26] dragon:334 -79.85
W [2024-08-06 20:03:03] chimera:447 -78.66
E [2024-08-06 20:05:15] fairy:137 78.38
E [2024-08-06 20:06:35] chimera:336 4.44
I [2024-08-06 20:08:47] elemental:393 -3.29
I [2024-08-06 20:09:13] dragon:302 -17.14
W [2024-08-06 20:13:33] dragon:168 -45.47
E [2024-08-06 20:15:50] basilisk:141 -77.63
W [2024-08-06 20:16:24] fairy:283 52.97
W [2024-08-06 20:19:08] fairy:952 -73.2
E [2024-08-06 20:20:52] dragon:264 -45.95
E [2024-08-06 20:21:39] chimera:678 48.19
E [2024-08-06 20:21:43] chimera:636 21.30
I [2024-08-06 20:23:19] basilisk:393 82.43
I [2024-08-06 20:24:13] basilisk:274 -53.42
E [2024-08-06 20:25:52] elemental:975 -92.39
W [2024-08-06 20:26:19] chimera:869 24.2
E [2024-08-06 20:28:47] chimera:658 -9.30
I [2024-08-06 20:30:16] elemental:710 58.38
W [2024-08-06 20:32:32] fairy:977 36.38
E [2024-08-06 20:34:14] elemental:620 22.5
I [2024-08-06 20:37:08] fairy:351 61.78
W [2024-08-06 20:37:09] basilisk:143 31.2
I [2024-08-06 20:44:48] chimera:102 3.73
W [2024-08-06 20:45:16] elemental:507 56.41
E [2024-08-06 20:45:31] basilisk:62 -76.67
W [2024-08-06 20:45:41] chimera:412 -91.64
E [2024-08-06 20:46:59] basilisk:657 -23.30
I [2024-08-06 20:49:40] fairy:720 -26.25
W [2024-08-06 20:52:02] chimera:907 -50.66
I [2024-08-06 20:52:06] fairy:208 -56.95
I [2024-08-06 20:52:15] fairy:680 -77.67
I [2024-08-06 20:52:20] dragon:718 27.7
W [2024-08-06 20:52:23] fairy:9 -51.37
E [2024-08-06 20:53:29] dragon:981 -11.2
E [2024-08-06 20:55:41] dragon:107 -38.64
W [2024-08-06 20:56:04] chimera:481 100.23
W [2024-08-06 20:56:20] dragon:311 92.30
E [2024-08-06 20:56:25] basilisk:670 38.20
E [2024-08-06 20:57:10] elemental:524 87.63
E [2024-08-06 21:01:48] basilisk:431 -16.76
W [2024-08-06 21:02:06] elemental:618 -64.97
E [2024-08-06 21:03:36] basilisk:957 81.60
E [2024-08-06 21:06:03] fairy:443 44.11
W [2024-08-06 21:06:23] elemental:402 21.66
W [2024-08-06 21:07:16] dragon:409 -75.14
I [2024-08-06 21:07:47] dragon:561 -71.8
I [2024-08-06 21:08:17] basilisk:546 -98.53
W [2024-08-06 21:09:27] basilisk:998 -81.12
W [2024-08-06 21:09:29] chimera:783 12.18
E [2024-08-06 21:09:53] basilisk:130 -55.14
E [2024-08-06 21:10:25] dragon:221 -81.61
I [2024-08-06 21:12:50] basilisk:336 31.14
E [2024-08-06 21:13:01] basilisk:874 65.93
I [2024-08-06 21:15:42] fairy:924 100.6
I [2024-08-06 21:17:45] fairy:198 4.25
I [2024-08-06 21:20:07] elemental:100 -26.88
I [2024-08-06 21:21:30] dragon:881 -81.4
W [2024-08-06 21:25:37] elemental:228 -19.60
E [2024-08-06 21:27:59] dragon:531 -30.84
E [2024-08-06 21:28:41] basilisk:820 -12.13
E [2024-08-06 21:28:46] chimera:289 66.94
E [2024-08-06 21:32:00] elemental:926 -98.56
E [2024-08-06 21:32:49] basilisk:802 45.74
I [2024-08-06 21:34:37] elemental:614 57.39
E [2024-08-06 21:34:58] basilisk:449 -37.66
W [2024-08-06 21:35:02] fairy:363 -44.52
W [2024-08-06 21:36:00] elemental:389 -79.53
I [2024-08-06 21:36:02] elemental:377 -53.73
E [2024-08-06 21:36:25] fairy:22 -100.53
I [2024-08-06 21:38:07] elemental:568 -94.46
W [2024-08-06 21:39:51] basilisk:686 -4.66
W [2024-08-06 21:40:05] dragon:576 55.84
W [2024-08-06 21:41:47] elemental:34 -100.87
I [2024-08-06 21:43:00] basilisk:553 -41.94
W [2024-08-06 21:43:21] dragon:803 33.91
W [2024-08-06 21:47:39] dragon:560 -40.81
E [2024-08-06 21:49:32] chimera:195 -32.26
W [2024-08-06 21:49:39] elemental:642 -13.67
E [2024-08-06 21:50:17] basilisk:928 -47.75
I [2024-08-06 21:50:19] dragon:246 -37.33
W [2024-08-06 21:50:56] basilisk:194 33.41
I [2024-08-06 21:51:16] chimera:368 22.96
I [2024-08-06 21:51:59] fairy:638 -78.15
E [2024-08-06 21:53:44] chimera:476 -25.62
I [2024-08-06 21:54:32] basilisk:175 -50.82
I [2024-08-06 21:54:42] dragon:273 -62.34
E [2024-08-06 21:56:01] basilisk:538 -17.24
I [2024-08-06 21:56:05] chimera:451 -96.28
W [2024-08-06 21:56:13] chimera:546 -32.17
I [2024-08-06 21:58:12] elemental:215 -4.97
I [2024-08-06 21:58:14] fairy:376 -64.97
I [2024-08-06 21:59:46] basilisk:720 5.87
I [2024-08-06 22:00:30] chimera:48 90.6
E [2024-08-06 22:00:40] fairy:37 52.94
I [2024-08-06 22:01:24] dragon:819 -75.39
I [2024-08-06 22:05:04] fairy:948 7.82
W [2024-08-06 22:05:56] fairy:790 -82.62
W [2024-08-06 22:06:02] fairy:2 25.53
E [2024-08-06 22:07:36] chimera:568 -20.34
I [2024-08-06 22:08:44] fairy:637 90.12
E [2024-08-06 22:11:03] fairy:287 -69.49
I [2024-08-06 22:12:14] chimera:270 5.76
I [2024-08-06 22:13:08] chimera:353 87.75
W [2024-08-06 22:16:22] basilisk:20 -13.93
E [2024-08-06 22:22:14] fairy:328 -46.24
W [2024-08-06 22:22:34] fairy:580 63.40
E [2024-08-06 22:24:02] elemental:345 44.2
W [2024-08-06 22:24:08] chimera:222 -87.32
E [2024-08-06 22:24:48] elemental:248 54.7
I [2024-08-06 22:25:02] dragon:516 77.15
E [2024-08-06 22:25:29] dragon:145 98.12
W [2024-08-06 22:26:14] fairy:963 -68.42
W [2024-08-06 22:27:36] chimera:940 -28.25
W [2024-08-06 22:29:23] elemental:683 82.1
E [2024-08-06 22:31:06] fairy:737 -84.79
W [2024-08-06 22:31:48] chimera:614 -41.58
E [2024-08-06 22:32:09] chimera:329 62.28
E [2024-08-06 22:32:53] dragon:744 -68.27
W [2024-08-06 22:34:24] elemental:886 -86.9
E [2024-08-06 22:34:52] fairy:107 44.59
I [2024-08-06 22:35:54] basilisk:363 20.57
I [2024-08-06 22:41:21] fairy:344 74.95
W [2024-08-06 22:46:57] dragon:626 30.16
I [2024-08-06 22:47:18] elemental:138 52.8
E [2024-08-06 22:48:36] elemental:636 16.45
W [2024-08-06 22:51:59] elemental:484 72.8
I [2024-08-06 22:56:23] fairy:137 39.62
I [2024-08-06 22:57:41] elemental:815 -7.18
I [2024-08-06 22:59:09] basilisk:85 -31.34
E [2024-08-06 23:03:34] basilisk:544 36.8
W [2024-08-06 23:06:35] basilisk:585 -88.14
E [2024-08-06 23:07:53] elemental:38 88.86
I [2024-08-06 23:07:58] dragon:960 67.83
I [2024-08-06 23:08:15] chimera:355 -50.91
I [2024-08-06 23:09:08] elemental:321 -8.11
W [2024-08-06 23:11:05] fairy:559 92.52
W [2024-08-06 23:11:31] dragon:261 19.27
I [2024-08-06 23:13:04] fairy:77 -99.97
W [2024-08-06 23:16:37] elemental:89 -25.63
I [2024-08-06 23:18:19] basilisk:569 -79.20
I [2024-08-06 23:19:51] chimera:844 -95.95
E [2024-08-06 23:21:09] elemental:226 96.22
I [2024-08-06 23:23:08] fairy:990 54.7
E [2024-08-06 23:23:50] elemental:496 8.8
E [2024-08-06 23:24:33] chimera:967 -35.22
E [2024-08-06 23:27:23] chimera:714 0.13
I [2024-08-06 23:29:11] chimera:229 47.20
I [2024-08-06 23:30:45] fairy:104 66.68
W [2024-08-06 23:33:42] basilisk:304 24.85
E [2024-08-06 23:35:37] elemental:617 33.90
I [2024-08-06 23:35:42] basilisk:114 -74.67
I [2024-08-06 23:37:13] elemental:834 40.85
I [2024-08-06 23:39:23] basilisk:692 80.62
W [2024-08-06 23:41:01] basilisk:675 -61.95
I [2024-08-06 23:42:10] fairy:217 87.18
E [2024-08-06 23:43:16] chimera:537 -19.32
I [2024-08-06 23:44:56] chimera:640 82.57
W [2024-08-06 23:44:57] basilisk:670 24.93
W [2024-08-06 23:45:44] chimera:940 -62.33
W [2024-08-06 23:46:01] basilisk:707 -66.30
W [2024-08-06 23:46:29] dragon:227 -71.80
I [2024-08-06 23:49:58] basilisk:707 97.64
E [2024-08-06 23:51:54] dragon:242 26.76
E [2024-08-06 23:56:49] chimera:693 42.57
I [2024-08-06 23:57:58] chimera:550 -11.3
E [2024-08-07 00:04:42] fairy:836 23.81
E [2024-08-07 00:04:45] dragon:204 -63.75
I [2024-08-07 00:09:52] basilisk:760 4.81
E [2024-08-07 00:10:23] fairy:816 -80.47
I [2024-08-07 00:10:25] dragon:466 -20.13
E [2024-08-07 00:10:31] fairy:152 -51.46
E [2024-08-07 00:10:45] basilisk:580 6.34
E [2024-08-07 00:12:19] fairy:979 -79.36
W [2024-08-07 00:13:09] basilisk:250 -69.57
W [2024-08-07 00:17:24] chimera:81 -76.76
I [2024-08-07 00:18:43] fairy:427 11.53
W [2024-08-07 00:23:30] basilisk:76 -74.90
W [2024-08-07 00:28:02] elemental:538 -78.74
E [2024-08-07 00:29:01] chimera:646 89.33
E [2024-08-07 00:31:10] elemental:880 100.33
W [2024-08-07 00:34:21] basilisk:800 -35.47
I [2024-08-07 00:37:12] basilisk:169 38.84
I [2024-08-07 00:37:22] basilisk:407 -22.22
W [2024-08-07 00:37:34] dragon:841 -58.48
I [2024-08-07 00:42:00] elemental:972 -80.32
E [2024-08-07 00:42:43] dragon:871 59.36
E [2024-08-07 00:44:57] dragon:941 -92.62
I [2024-08-07 00:45:46] basilisk:550 64.47
E [2024-08-07 00:48:39] dragon:267 60.57
W [2024-08-07 00:48:42] elemental:516 -61.84
E [2024-08-07 00:49:11] fairy:419 90.95
I [2024-08-07 00:49:42] elemental:218 48.4
I [2024-08-07 00:49:52] basilisk:38 -71.77
W [2024-08-07 00:50:14] fairy:595 41.73
W [2024-08-07 00:53:32] chimera:623 12.6
W [2024-08-07 00:55:49] chimera:485 -55.48
I [2024-08-07 00:57:47] basilisk:118 -93.82
E [2024-08-07 01:03:29] basilisk:442 57.40
I [2024-08-07 01:05:18] elemental:503 -30.20
I [2024-08-07 01:06:23] basilisk:334 -34.10
E [2024-08-07 01:07:16] elemental:962 78.63
I [2024-08-07 01:07:19] fairy:876 45.23
E [2024-08-07 01:10:31] fairy:273 58.2
I [2024-08-07 01:11:46] dragon:465 35.32
W [2024-08-07 01:13:27] fairy:273 41.55
E [2024-08-07 01:14:21] dragon:315 -100.52
I [2024-08-07 01:15:20] fairy:959 67.66
E [2024-08-07 01:16:20] elemental:892 -15.68
W [2024-08-07 01:16:55] dragon:858 100.42
I [2024-08-07 01:17:08] chimera:213 59.76
E [2024-08-07 01:17:13] basilisk:773 38.51
W [2024-08-07 01:17:44] fairy:609 -62.87
W [2024-08-07 01:19:01] basilisk:949 30.46
I [2024-08-07 01:20:44] elemental:315 -48.6
I [2024-08-07 01:20:49] elemental:259 86.26
E [2024-08-07 01:20:58] elemental:9 46.63
W [2024-08-07 01:22:20] fairy:886 -52.51
W [2024-08-07 01:22:49] dragon:330 -39.1
W [2024-08-07 01:22:55] chimera:544 38.10
E [2024-08-07 01:26:08] fairy:80 46.28
E [2024-08-07 01:29:13] fairy:745 31.63
E [2024-08-07 01:29:21] elemental:545 -38.58
W [2024-08-07 01:29:58] basilisk:808 37.12
I [2024-08-07 01:33:03] basilisk:733 -80.25
W [2024-08-07 01:33:10] dragon:724 -8.71
I [2024-08-07 01:34:51] dragon:312 25.55
W [2024-08-07 01:37:02] basilisk:272 45.24
I [2024-08-07 01:37:14] dragon:984 -15.35
I [2024-08-07 01:37:26] elemental:459 25.18
W [2024-08-07 01:39:32] chimera:216 95.67
W [2024-08-07 01:40:27] elemental:717 -27.7
E [2024-08-07 01:41:52] dragon:794 -17.18
W [2024-08-07 01:43:13] fairy:850 96.44
I [2024-08-07 01:44:06] elemental:720 -26.58
E [2024-08-07 01:44:20] basilisk:329 -23.58
W [2024-08-07 01:45:47] chimera:717 -85.25
W [2024-08-07 01:48:55] chimera:581 14.38
I [2024-08-07 01:52:13] elemental:844 64.19
E [2024-08-07 01:52:35] dragon:721 95.64
I [2024-08-07 01:53:54] dragon:756 97.54
E [2024-08-07 01:54:53] elemental:844 -82.60
I [2024-08-07 01:56:22] fairy:108 -35.37
W [2024-08-07 02:00:13] basilisk:257 50.89
W [2024-08-07 02:00:27] fairy:491 -94.35
E [2024-08-07 02:02:58] basilisk:902 15.99
I [2024-08-07 02:04:05] basilisk:718 96.37
E [2024-08-07 02:05:48] basilisk:260 13.31
E [2024-08-07 02:05:55] basilisk:829 -80.97
W [2024-08-07 02:06:26] fairy:379 97.60
W [2024-08-07 02:08:28] chimera:650 -9.59
W [2024-08-07 02:09:00] elemental:240 -6.69
E [2024-08-07 02:10:45] fairy:950 -70.95
E [2024-08-07 02:14:43] chimera:763 86.25
E [2024-08-07 02:18:31] chimera:643 -37.23
E [2024-08-07 02:19:11] elemental:599 -95.10
E [2024-08-07 02:26:19] chimera:498 -68.90
I [2024-08-07 02:28:49] basilisk:342 -46.79
W [2024-08-07 02:29:46] chimera:596 1.50
I [2024-08-07 02:29:52] elemental:246 72.72
E [2024-08-07 02:30:03] basilisk:677 -62.66
I [2024-08-07 02:30:52] fairy:602 6.68
W [2024-08-07 02:31:24] basilisk:404 1.72
I [2024-08-07 02:36:50] chimera:381 3.62
W [2024-08-07 02:38:31] dragon:533 74.34
W [2024-08-07 02:40:09] elemental:90 -74.66
E [2024-08-07 02:42:17] fairy:215 -99.24
W [2024-08-07 02:43:19] fairy:112 -32.4
I [2024-08-07 02:45:38] basilisk:761 60.17
W [2024-08-07 02:46:19] elemental:921 51.91
E [2024-08-07 02:46:38] chimera:92 -66.97
I [2024-08-07 02:47:44] fairy:932 -74.20
I [2024-08-07 02:48:20] elemental:668 -58.42
I [2024-08-07 02:48:24] elemental:156 65.62
E [2024-08-07 02:49:50] elemental:850 13.36
W [2024-08-07 02:51:26] dragon:572 -34.46
W [2024-08-07 02:52:29] chimera:952 -55.8
W [2024-08-07 02:53:00] basilisk:853 100.69
E [2024-08-07 02:53:06] fairy:199 -35.82
W [2024-08-07 02:54:57] dragon:628 -41.96
I [2024-08-07 02:56:47] dragon:621 65.25
I [2024-08-07 02:57:16] chimera:929 -57.72
I [2024-08-07 02:57:50] basilisk:297 40.43
E [2024-08-07 02:59:26] elemental:205 7.9
E [2024-08-07 02:59:42] chimera:263 43.72
W [2024-08-07 03:01:23] dragon:959 91.80
E [2024-08-07 03:02:10] dragon:807 -36.52
E [2024-08-07 03:05:15] elemental:994 37.65
E [2024-08-07 03:05:30] dragon:959 -20.39
E [2024-08-07 03:05:35] chimera:944 46.68
E [2024-08-07 03:07:03] chimera:258 -92.98
E [2024-08-07 03:07:21] fairy:486 -11.49
W [2024-08-07 03:09:39] chimera:555 100.55
W [2024-08-07 03:10:29] chimera:758 -47.89
I [2024-08-07 03:12:47] fairy:9 -15.45
W [2024-08-07 03:14:32] elemental:464 -59.77
W [2024-08-07 03:15:16] fairy:993 -28.82
E [2024-08-07 03:16:28] elemental:267 30.85
W [2024-08-07 03:17:03] dragon:418 -13.54
W [2024-08-07 03:18:44] basilisk:524 68.0
I [2024-08-07 03:20:14] dragon:742 37.83
W [2024-08-07 03:20:16] fairy:458 66.73
E [2024-08-07 03:20:17] elemental:991 29.14
I [2024-08-07 03:21:35] chimera:805 46.68
W [2024-08-07 03:22:58] basilisk:19 31.34
E [2024-08-07 03:23:03] chimera:463 -64.45
E [2024-08-07 03:23:48] basilisk:410 -87.68
I [2024-08-07 03:25:02] basilisk:60 11.66
I [2024-08-07 03:26:35] chimera:451 -40.61
W [2024-08-07 03:26:37] chimera:337 -62.21
I [2024-08-07 03:30:38] chimera:374 0.6
E [2024-08-07 03:31:01] elemental:40 -43.73
E [2024-08-07 03:32:15] basilisk:727 -2.89
I [2024-08-07 03:32:43] chimera:445 -87.83
E [2024-08-07 03:33:08] chimera:172 -55.48
I [2024-08-07 03:33:13] basilisk:752 78.63
I [2024-08-07 03:34:37] fairy:191 -100.76
E [2024-08-07 03:34:41] basilisk:148 51.0
I [2024-08-07 03:35:23] elemental:370 75.19
I [2024-08-07 03:36:02] basilisk:660 18.52
E [2024-08-07 03:36:32] basilisk:374 82.62
E [2024-08-07 03:37:58] basilisk:283 -74.59
W [2024-08-07 03:38:46] fairy:917 95.37
E [2024-08-07 03:41:14] dragon:973 74.11
I [2024-08-07 03:42:52] fairy:542 34.77
E [2024-08-07 03:48:46] chimera:821 35.96
W [2024-08-07 03:54:42] chimera:22 -48.72
W [2024-08-07 03:56:08] chimera:581 87.30
E [2024-08-07 03:57:58] basilisk:557 11.89
I [2024-08-07 03:58:43] dragon:795 2.6
W [2024-08-07 04:01:39] basilisk:761 21.93
E [2024-08-07 04:02:15] elemental:780 76.84
E [2024-08-07 04:02:20] basilisk:150 -12.28
E [2024-08-07 04:03:06] dragon:944 43.78
W [2024-08-07 04:03:27] basilisk:57 3.14
I [2024-08-07 04:04:12] fairy:746 -30.32
E [2024-08-07 04:06:20] elemental:42 -30.78
I [2024-08-07 04:06:53] elemental:854 42.94
E [2024-08-07 04:08:46] dragon:17 65.5
E [2024-08-07 04:12:44] chimera:663 -16.73
I [2024-08-07 04:13:28] basilisk:752 -7.43
W [2024-08-07 04:13:36] fairy:2 -83.44
E [2024-08-07 04:13:50] basilisk:472 -93.20
W [2024-08-07 04:13:56] dragon:496 -96.53
I [2024-08-07 04:14:45] dragon:56 -28.39
E [2024-08-07 04:15:06] chimera:395 -33.90
E [2024-08-07 04:16:08] fairy:603 -39.42
E [2024-08-07 04:16:38] chimera:38 -93.97
W [2024-08-07 04:18:40] basilisk:444 23.74
I [2024-08-07 04:21:57] elemental:72 -55.8
I [2024-08-07 04:23:20] fairy:183 37.85
W [2024-08-07 04:25:31] dragon:827 -52.60
W [2024-08-07 04:26:13] elemental:337 -3.61
I [2024-08-07 04:26:24] dragon:246 -81.64
I [2024-08-07 04:28:51] dragon:504 21.20
W [2024-08-07 04:29:05] basilisk:527 -54.18
E [2024-08-07 04:30:34] elemental:840 -48.41
W [2024-08-07 04:32:12] chimera:482 39.66
W [2024-08-07 04:32:20] dragon:505 -5.69
W [2024-08-07 04:32:43] basilisk:532 -49.60
E [2024-08-07 04:33:23] dragon:903 73.93
W [2024-08-07 04:33:56] dragon:466 26.42
I [2024-08-07 04:34:17] elemental:240 -48.68
I [2024-08-07 04:34:49] elemental:247 -90.86
E [2024-08-07 04:36:05] elemental:525 97.24
W [2024-08-07 04:37:51] chimera:244 -19.50
I [2024-08-07 04:38:24] elemental:248 -66.15
W [2024-08-07 04:41:43] fairy:376 23.76
I [2024-08-07 04:41:52] dragon:598 -100.54
W [2024-08-07 04:42:32] basilisk:691 94.55
W [2024-08-07 04:46:17] basilisk:518 -38.65
I [2024-08-07 04:47:38] fairy:587 -77.43
I [2024-08-07 04:49:03] elemental:579 94.58
I [2024-08-07 04:51:44] elemental:354 -49.63
I [2024-08-07 04:51:56] basilisk:167 43.76
E [2024-08-07 04:53:40] fairy:366 6.21
W [2024-08-07 04:55:19] dragon:43 -75.70
W [2024-08-07 04:55:50] chimera:767 -43.9
E [2024-08-07 04:56:37] fairy:697 -55.82
W [2024-08-07 04:58:32] dragon:54 2.99
E [2024-08-07 04:58:48] basilisk:480 26.67
E [2024-08-07 04:59:31] basilisk:786 20.50
W [2024-08-07 05:02:35] chimera:222 -95.3
W [2024-08-07 05:02:50] basilisk:243 81.76
I [2024-08-07 05:05:04] fairy:722 -93.4
W [2024-08-07 05:05:39] fairy:41 -57.28
W [2024-08-07 05:06:32] basilisk:798 15.40
W [2024-08-07 05:08:05] elemental:537 -31.75
W [2024-08-07 05:09:05] fairy:256 45.74
I [2024-08-07 05:09:22] elemental:430 -65.12
I [2024-08-07 05:11:22] elemental:298 38.49
W [2024-08-07 05:11:42] dragon:562 -14.31
W [2024-08-07 05:11:49] dragon:187 -65.44
E [2024-08-07 05:12:28] chimera:90 -58.60
W [2024-08-07 05:21:42] dragon:395 30.85
E [2024-08-07 05:24:53] elemental:267 55.40
W [2024-08-07 05:27:06] elemental:337 57.3
I [2024-08-07 05:27:36] basilisk:990 11.12
E [2024-08-07 05:27:49] fairy:525 6.62
I [2024-08-07 05:28:49] chimera:421 41.67
W [2024-08-07 05:31:05] chimera:60 25.25
E [2024-08-07 05:31:35] chimera:924 69.77
E [2024-08-07 05:34:00] fairy:370 -14.71
W [2024-08-07 05:34:13] basilisk:150 -3.16
W [2024-08-07 05:34:32] fairy:850 55.47
W [2024-08-07 05:34:56] dragon:423 -42.48
E [2024-08-07 05:35:12] elemental:950 60.53
I [2024-08-07 05:36:20] elemental:409 -81.51
W [2024-08-07 05:36:48] fairy:119 87.11
E [2024-08-07 05:38:15] fairy:440 -76.37
I [2024-08-07 05:39:20] dragon:535 -66.26
I [2024-08-07 05:39:37] elemental:510 -23.94
W [2024-08-07 05:39:40] dragon:945 -57.30
I [2024-08-07 05:41:39] basilisk:683 -20.52
I [2024-08-07 05:42:26] fairy:100 88.37
I [2024-08-07 05:43:26] chimera:692 8.57
I [2024-08-07 05:45:03] dragon:426 -94.99
W [2024-08-07 05:47:36] chimera:386 46.76
I [2024-08-07 05:48:14] basilisk:959 87.50
I [2024-08-07 05:48:17] chimera:480 -96.38
E [2024-08-07 05:49:03] elemental:177 -60.40
E [2024-08-07 05:50:34] chimera:647 8.41
I [2024-08-07 05:52:43] basilisk:137 44.77
W [2024-08-07 05:56:09] fairy:31 100.83
E [2024-08-07 05:58:45] chimera:752 60.30
I [2024-08-07 05:58:47] chimera:660 64.69
W [2024-08-07 06:03:00] fairy:162 76.28
I [2024-08-07 06:04:44] chimera:22 -52.23
E [2024-08-07 06:08:48] chimera:265 -52.1
W [2024-08-07 06:09:07] chimera:816 -16.5
I [2024-08-07 06:09:59] chimera:313 48.0
W [2024-08-07 06:11:28] basilisk:248 -94.68
E [2024-08-07 06:12:04] elemental:481 -97.0
E [2024-08-07 06:14:43] fairy:635 15.89
I [2024-08-07 06:16:05] elemental:186 0.33
E [2024-08-07 06:16:07] chimera:125 -71.95
W [2024-08-07 06:16:47] dragon:582 -89.2
E [2024-08-07 06:17:00] fairy:348 14.61
E [2024-08-07 06:17:13] chimera:604 6.62
E [2024-08-07 06:19:46] basilisk:209 42.51
E [2024-08-07 06:19:49] elemental:163 36.97
I [2024-08-07 06:20:02] chimera:252 -50.14
W [2024-08-07 06:22:19] elemental:681 63.9
I [2024-08-07 06:22:39] elemental:681 -78.1
W [2024-08-07 06:23:24] dragon:657 -7.73
I [2024-08-07 06:23:35] basilisk:428 -62.6
E [2024-08-07 06:28:35] fairy:397 49.68
I [2024-08-07 06:28:51] fairy:860 -61.99
I [2024-08-07 06:31:09] chimera:326 86.83
E [2024-08-07 06:32:33] elemental:928 -15.49
I [2024-08-07 06:37:59] basilisk:272 60.18
I [2024-08-07 06:39:52] chimera:775 -90.32
W [2024-08-07 06:47:34] chimera:63 10.76
W [2024-08-07 06:47:49] chimera:818 76.59
W [2024-08-07 06:48:42] elemental:888 27.80
I [2024-08-07 06:49:24] basilisk:836 19.37
E [2024-08-07 06:49:27] dragon:622 87.44
W [2024-08-07 06:50:05] elemental:866 15.75
I [2024-08-07 06:50:41] fairy:600 39.82
I [2024-08-07 06:52:04] dragon:741 95.84
I [2024-08-07 06:52:28] dragon:808 36.30
E [2024-08-07 06:52:41] fairy:581 -73.14
I [2024-08-07 06:53:07] chimera:623 -75.35
I [2024-08-07 06:53:56] basilisk:644 -87.97
E [2024-08-07 06:57:26] dragon:460 -69.33
I [2024-08-07 06:57:29] fairy:364 -87.81
E [2024-08-07 06:58:01] basilisk:643 64.78
E [2024-08-07 07:00:50] dragon:91 24.25
E [2024-08-07 07:01:03] dragon:470 -44.43
W [2024-08-07 07:01:34] fairy:211 -51.94
W [2024-08-07 07:01:37] chimera:636 2.32
W [2024-08-07 07:03:14] fairy:913 -41.48
W [2024-08-07 07:06:27] basilisk:781 0.88
E [2024-08-07 07:09:11] fairy:254 27.22
E [2024-08-07 07:10:41] basilisk:853 10.77
E [2024-08-07 07:11:51] chimera:855 53.7
I [2024-08-07 07:15:57] fairy:857 13.4
I [2024-08-07 07:16:33] fairy:124 -96.62
I [2024-08-07 07:20:29] dragon:889 59.31
W [2024-08-07 07:20:34] chimera:957 -28.31
I [2024-08-07 07:20:53] fairy:750 -97.59
W [2024-08-07 07:21:46] basilisk:543 14.94
E [2024-08-07 07:21:50] elemental:216 82.72
W [2024-08-07 07:22:15] fairy:127 -22.22
I [2024-08-07 07:22:22] dragon:98 -45.99
I [2024-08-07 07:27:12] fairy:813 46.71
I [2024-08-07 07:28:16] dragon:387 17.91
I [2024-08-07 07:28:43] chimera:305 -98.21
E [2024-08-07 07:30:02] fairy:594 82.36
W [2024-08-07 07:31:46] dragon:491 36.12
E [2024-08-07 07:31:58] dragon:206 -87.43
I [2024-08-07 07:32:03] elemental:226 -3.61
E [2024-08-07 07:34:09] elemental:161 -88.45
I [2024-08-07 07:34:14] chimera:306 -79.73
I [2024-08-07 07:36:10] elemental:695 24.14
I [2024-08-07 07:37:32] elemental:673 7.74
W [2024-08-07 07:38:58] chimera:773 -38.46
I [2024-08-07 07:39:42] basilisk:96 88.3
E [2024-08-07 07:40:59] basilisk:967 89.94
I [2024-08-07 07:41:05] fairy:304 96.93
W [2024-08-07 07:41:54] fairy:764 -30.40
W [2024-08-07 07:46:14] chimera:679 29.67
I [2024-08-07 07:47:24] chimera:131 -53.46
E [2024-08-07 07:48:17] fairy:429 33.82
I [2024-08-07 07:50:41] dragon:865 -68.4
I [2024-08-07 07:51:26] dragon:716 37.48
E [2024-08-07 07:52:45] basilisk:200 92.81
W [2024-08-07 07:53:22] chimera:906 -35.3
I [2024-08-07 07:55:03] dragon:4 -41.93
I [2024-08-07 07:55:51] dragon:964 55.62
W [2024-08-07 07:55:53] dragon:735 -82.99
E [2024-08-07 07:56:01] chimera:600 -47.92
W [2024-08-07 07:57:29] chimera:923 24.87
W [2024-08-07 07:57:46] chimera:77 -20.80
I [2024-08-07 07:57:49] basilisk:347 -5.46
W [2024-08-07 07:57:53] dragon:482 -29.54
E [2024-08-07 07:58:02] chimera:95 -1.16
W [2024-08-07 07:58:27] fairy:252 96.41
W [2024-08-07 07:59:12] dragon:659 63.16
I [2024-08-07 08:00:18] elemental:254 75.21
I [2024-08-07 08:01:58] fairy:574 -19.10
E [2024-08-07 08:04:06] fairy:107 97.68
W [2024-08-07 08:07:53] basilisk:646 93.49
I [2024-08-07 08:08:43] elemental:544 6.56
I [2024-08-07 08:09:15] chimera:603 -66.31
I [2024-08-07 08:09:21] dragon:165 -38.57
E [2024-08-07 08:10:49] dragon:945 58.87
W [2024-08-07 08:11:55] basilisk:573 93.77
I [2024-08-07 08:12:13] dragon:907 -21.35
E [2024-08-07 08:12:34] basilisk:647 73.85
W [2024-08-07 08:13:12] chimera:719 -13.69
E [2024-08-07 08:14:42] chimera:741 41.91
W [2024-08-07 08:16:30] basilisk:265 2.25
I [2024-08-07 08:19:04] chimera:891 -13.63
I [2024-08-07 08:19:55] chimera:761 -8.71
W [2024-08-07 08:21:29] fairy:801 -73.49
I [2024-08-07 08:24:11] dragon:127 7.12
W [2024-08-07 08:26:17] dragon:574 -7.30
E [2024-08-07 08:31:03] basilisk:731 -31.53
E [2024-08-07 08:33:41] elemental:422 -9.80
I [2024-08-07 08:35:54] basilisk:423 -67.97
E [2024-08-07 08:39:23] dragon:905 -63.40
W [2024-08-07 08:39:41] chimera:421 -61.21
I [2024-08-07 08:40:45] chimera:215 45.71
W [2024-08-07 08:42:10] dragon:527 -27.32
I [2024-08-07 08:43:02] elemental:930 -53.38
E [2024-08-07 08:43:59] chimera:108 -38.43
W [2024-08-07 08:44:26] dragon:291 -49.61
E [2024-08-07 08:44:30] fairy:485 -51.9
I [2024-08-07 08:45:38] elemental:949 -59.36
E [2024-08-07 08:48:26] fairy:83 -75.87
E [2024-08-07 08:48:45] chimera:115 94.86
E [2024-08-07 08:49:33] fairy:641 39.71
E [2024-08-07 08:49:50] fairy:131 67.53
E [2024-08-07 08:50:43] elemental:620 -62.4
I [2024-08-07 08:52:59] elemental:658 75.39
E [2024-08-07 08:54:42] basilisk:871 -89.34
E [2024-08-07 08:55:29] chimera:159 38.96
E [2024-08-07 08:55:57] chimera:427 -81.61
W [2024-08-07 08:58:11] elemental:126 70.73
W [2024-08-07 09:00:41] dragon:366 43.87
W [2024-08-07 09:00:44] fairy:525 80.31
I [2024-08-07 09:02:05] dragon:344 -19.86
E [2024-08-07 09:04:39] fairy:73 41.20
I [2024-08-07 09:05:05] elemental:905 -77.55
I [2024-08-07 09:05:56] fairy:649 -29.53
I [2024-08-07 09:07:12] chimera:115 -43.50
E [2024-08-07 09:07:42] basilisk:551 -27.21
W [2024-08-07 09:09:42] basilisk:330 66.70
I [2024-08-07 09:10:17] chimera:742 -76.72
I [2024-08-07 09:16:10] dragon:603 -26.65
E [2024-08-07 09:19:20] dragon:911 81.98
W [2024-08-07 09:22:30] chimera:932 -10.92
W [2024-08-07 09:23:06] fairy:640 30.2
I [2024-08-07 09:23:24] chimera:864 -40.45
I [2024-08-07 09:24:06] dragon:436 -15.37
E [2024-08-07 09:24:41] basilisk:789 42.76
W [2024-08-07 09:27:47] elemental:465 47.19
I [2024-08-07 09:29:11] fairy:149 -97.76
E [2024-08-07 09:29:19] chimera:897 -21.18
W [2024-08-07 09:29:35] chimera:978 6.16
W [2024-08-07 09:29:58] dragon:541 2.22
W [2024-08-07 09:30:06] chimera:209 -91.31
W [2024-08-07 09:30:13] fairy:184 -99.16
E [2024-08-07 09:31:29] chimera:987 42.76
I [2024-08-07 09:31:30] elemental:338 80.18
W [2024-08-07 09:33:52] basilisk:502 22.35
I [2024-08-07 09:36:23] fairy:149 85.46
E [2024-08-07 09:37:33] basilisk:757 52.44
W [2024-08-07 09:37:34] elemental:940 45.41
I [2024-08-07 09:38:35] basilisk:488 36.67
I [2024-08-07 09:40:18] basilisk:571 1.80
W [2024-08-07 09:44:12] chimera:992 0.16
I [2024-08-07 09:46:32] fairy:406 -34.23
I [2024-08-07 09:48:00] basilisk:856 52.4
E [2024-08-07 09:48:45] elemental:22 -91.49
W [2024-08-07 09:49:14] chimera:532 39.26
E [2024-08-07 09:52:41] basilisk:472 0.1
W [2024-08-07 09:53:08] fairy:590 -94.27
I [2024-08-07 09:53:34] chimera:686 -62.32
E [2024-08-07 09:54:16] dragon:960 33.15
I [2024-08-07 09:55:14] dragon:973 -28.58
I [2024-08-07 09:55:31] fairy:762 -67.8
W [2024-08-07 09:55:51] elemental:736 42.12
I [2024-08-07 09:57:01] fairy:370 52.64
I [2024-08-07 09:57:30] chimera:761 80.41
W [2024-08-07 09:58:16] basilisk:894 11.22
E [2024-08-07 09:58:25] dragon:376 75.54
E [2024-08-07 09:58:38] elemental:722 -10.40
E [2024-08-07 09:58:59] elemental:470 38.30
E [2024-08-07 10:02:54] dragon:560 -27.24
E [2024-08-07 10:03:19] fairy:501 -82.58
W [2024-08-07 10:03:34] chimera:805 -61.33
W [2024-08-07 10:05:14] fairy:429 44.55
I [2024-08-07 10:07:19] elemental:508 -35.61
W [2024-08-07 10:09:14] elemental:779 -100.57
I [2024-08-07 10:11:35] chimera:289 73.41
I [2024-08-07 10:11:43] fairy:342 -44.46
I [2024-08-07 10:12:42] basilisk:132 21.50
E [2024-08-07 10:15:29] basilisk:633 -18.44
W [2024-08-07 10:15:49] chimera:836 -80.66
E [2024-08-07 10:20:13] dragon:122 -8.31
E [2024-08-07 10:21:16] fairy:589 71.34
I [2024-08-07 10:22:25] basilisk:610 -63.60
W [2024-08-07 10:28:01] basilisk:965 -27.90
W [2024-08-07 10:28:53] dragon:669 1.16
E [2024-08-07 10:29:37] dragon:981 40.67
I [2024-08-07 10:30:00] elemental:698 6.66
I [2024-08-07 10:30:48] fairy:480 100.97
W [2024-08-07 10:34:06] chimera:870 -6.20
W [2024-08-07 10:35:07] chimera:701 45.43
E [2024-08-07 10:35:38] chimera:869 -88.34
E [2024-08-07 10:37:11] chimera:326 -27.55
I [2024-08-07 10:37:21] elemental:881 89.6
E [2024-08-07 10:39:33] basilisk:524 28.71
W [2024-08-07 10:40:02] basilisk:752 -13.80
W [2024-08-07 10:40:28] elemental:608 -82.72
W [2024-08-07 10:42:10] basilisk:169 86.58
E [2024-08-07 10:45:27] chimera:920 -77.78
E [2024-08-07 10:46:18] elemental:577 -58.57
W [2024-08-07 10:46:43] fairy:201 51.51
I [2024-08-07 10:51:44] elemental:514 -88.57
W [2024-08-07 10:53:46] basilisk:116 77.13
E [2024-08-07 10:55:32] fairy:723 67.14
W [2024-08-07 10:56:18] dragon:429 10.16
I [2024-08-07 10:58:02] dragon:847 96.31
W [2024-08-07 10:58:07] elemental:911 22.96
W [2024-08-07 10:58:20] basilisk:532 -3.61
W [2024-08-07 10:59:50] fairy:32 -44.18
E [2024-08-07 11:00:34] elemental:197 37.60
I [2024-08-07 11:02:52] chimera:631 -89.35
E [2024-08-07 11:02:54] fairy:820 25.43
E [2024-08-07 11:03:11] chimera:61 49.52
E [2024-08-07 11:06:22] basilisk:220 96.40
W [2024-08-07 11:06:53] basilisk:211 -28.35
E [2024-08-07 11:07:19] basilisk:432 -55.82
E [2024-08-07 11:07:28] chimera:187 66.29
W [2024-08-07 11:10:32] dragon:384 83.87
W [2024-08-07 11:13:01] dragon:127 -1.62
W [2024-08-07 11:13:29] dragon:501 89.21
W [2024-08-07 11:13:32] chimera:13 -48.86
E [2024-08-07 11:14:44] chimera:535 -58.60
E [2024-08-07 11:20:11] basilisk:510 74.16
E [2024-08-07 11:20:20] fairy:704 -97.69
W [2024-08-07 11:24:51] basilisk:616 -51.43
E [2024-08-07 11:26:00] chimera:512 -27.12
E [2024-08-07 11:26:30] basilisk:421 -37.77
I [2024-08-07 11:27:17] basilisk:103 -99.29
E [2024-08-07 11:30:23] elemental:522 18.39
E [2024-08-07 11:32:01] elemental:583 -7.80
E [2024-08-07 11:32:41] elemental:268 -6.75
E [2024-08-07 11:32:58] basilisk:243 47.33
I [2024-08-07 11:34:15] elemental:408 96.30
I [2024-08-07 11:37:05] fairy:920 -34.46
I [2024-08-07 11:37:57] fairy:519 -41.92
W [2024-08-07 11:41:19] chimera:684 14.27
E [2024-08-07 11:41:58] chimera:682 -83.6
I [2024-08-07 11:44:20] elemental:828 48.11
I [2024-08-07 11:45:46] dragon:764 16.77
W [2024-08-07 11:46:26] elemental:405 53.96
I [2024-08-07 11:46:48] elemental:743 -74.13
W [2024-08-07 11:48:12] basilisk:258 -38.98
W [2024-08-07 11:48:18] elemental:554 -31.87
I [2024-08-07 11:49:51] chimera:800 1.56
I [2024-08-07 11:50:58] basilisk:857 6.55
I [2024-08-07 11:52:04] dragon:726 -76.4
W [2024-08-07 11:52:11] basilisk:858 28.63
I [2024-08-07 11:54:01] chimera:830 94.31
I [2024-08-07 11:54:23] elemental:196 -77.38
W [2024-08-07 11:56:15] elemental:711 -15.51
E [2024-08-07 12:00:03] fairy:849 66.96
W [2024-08-07 12:03:05] chimera:169 -20.39
E [2024-08-07 12:03:46] basilisk:125 -35.2
W [2024-08-07 12:03:56] basilisk:31 21.4
I [2024-08-07 12:05:47] basilisk:335 -94.48
E [2024-08-07 12:06:03] basilisk:951 -95.99
W [2024-08-07 12:08:10] basilisk:263 96.59
W [2024-08-07 12:09:32] elemental:37 59.62
E [2024-08-07 12:09:39] chimera:194 -39.74
W [2024-08-07 12:10:06] chimera:780 -37.12
E [2024-08-07 12:10:10] fairy:460 -77.78
E [2024-08-07 12:10:21] basilisk:237 -84.8
I [2024-08-07 12:13:10] fairy:967 33.1
E [2024-08-07 12:15:01] basilisk:713 36.80
W [2024-08-07 12:18:40] fairy:155 -30.33
I [2024-08-07 12:19:19] fairy:774 19.32
I [2024-08-07 12:21:50] fairy:438 62.66
E [2024-08-07 12:24:52] elemental:856 -57.87
E [2024-08-07 12:25:42] basilisk:404 -37.51
I [2024-08-07 12:26:05] elemental:826 65.23
E [2024-08-07 12:26:16] elemental:721 63.79
E [2024-08-07 12:26:27] dragon:549 -14.25
W [2024-08-07 12:26:32] fairy:789 80.1
W [2024-08-07 12:27:00] dragon:512 58.45
I [2024-08-07 12:30:12] elemental:611 -58.43
W [2024-08-07 12:31:25] chimera:597 48.39
I [2024-08-07 12:31:28] dragon:546 91.84
E [2024-08-07 12:32:45] dragon:864 -11.84
W [2024-08-07 12:34:01] elemental:6 73.59
W [2024-08-07 12:34:04] basilisk:583 -97.71
I [2024-08-07 12:36:10] chimera:85 -19.64
I [2024-08-07 12:44:07] elemental:832 -32.61
W [2024-08-07 12:46:26] chimera:333 60.7
E [2024-08-07 12:46:33] basilisk:504 -92.44
E [2024-08-07 12:49:04] chimera:213 92.53
I [2024-08-07 12:49:11] basilisk:893 36.47
E [2024-08-07 12:51:17] fairy:511 45.31
I [2024-08-07 12:51:33] chimera:618 -94.78
I [2024-08-07 12:51:39] basilisk:944 28.68
E [2024-08-07 12:54:34] elemental:618 -22.42
I [2024-08-07 12:55:38] chimera:656 -24.3
E [2024-08-07 12:56:05] fairy:499 41.76
E [2024-08-07 12:56:41] fairy:765 76.90
E [2024-08-07 12:57:03] dragon:457 66.12
I [2024-08-07 13:00:16] basilisk:592 31.22
I [2024-08-07 13:03:16] basilisk:522 -36.30
W [2024-08-07 13:03:18] elemental:269 -28.25
E [2024-08-07 13:05:48] basilisk:369 -85.18
E [2024-08-07 13:06:49] basilisk:162 -37.46
I [2024-08-07 13:07:14] dragon:612 18.80
I [2024-08-07 13:07:45] fairy:916 99.72
W [2024-08-07 13:09:48] dragon:247 89.57
I [2024-08-07 13:13:00] dragon:938 51.32
E [2024-08-07 13:13:22] elemental:992 39.17
E [2024-08-07 13:13:49] basilisk:25 -2.1
I [2024-08-07 13:14:33] basilisk:75 33.62
I [2024-08-07 13:14:35] fairy:147 -8.95
W [2024-08-07 13:14:51] basilisk:331 46.90
W [2024-08-07 13:19:25] chimera:127 81.79
I [2024-08-07 13:19:26] basilisk:899 22.0
E [2024-08-07 13:20:58] fairy:883 92.24
I [2024-08-07 13:21:03] chimera:181 -70.57
E [2024-08-07 13:21:15] dragon:110 -7.43
E [2024-08-07 13:22:13] fairy:958 94.35
I [2024-08-07 13:22:13] chimera:363 5.32
E [2024-08-07 13:23:16] fairy:864 38.58
W [2024-08-07 13:23:38] chimera:557 -64.98
E [2024-08-07 13:23:52] chimera:56 -70.94
I [2024-08-07 13:24:47] basilisk:534 -83.25
I [2024-08-07 13:27:29] fairy:163 58.5
W [2024-08-07 13:29:49] basilisk:154 -20.81
E [2024-08-07 13:30:17] elemental:16 78.13
W [2024-08-07 13:30:29] fairy:628 88.59
I [2024-08-07 13:31:13] dragon:193 40.99
E [2024-08-07 13:31:33] basilisk:417 50.70
I [2024-08-07 13:36:11] dragon:860 81.40
E [2024-08-07 13:36:53] fairy:118 -15.59
W [2024-08-07 13:37:12] basilisk:363 -94.78
W [2024-08-07 13:37:20] fairy:607 -93.46
E [2024-08-07 13:42:13] dragon:362 2.56
E [2024-08-07 13:42:18] chimera:70 86.52
E [2024-08-07 13:45:02] fairy:92 -94.77
E [2024-08-07 13:47:10] dragon:470 -57.52
E [2024-08-07 13:47:47] fairy:530 8.1
E [2024-08-07 13:51:40] fairy:225 18.4
E [2024-08-07 13:52:28] dragon:658 -6.0
I [2024-08-07 13:53:58] dragon:99 23.98
W [2024-08-07 13:54:35] chimera:936 18.54
W [2024-08-07 13:55:50] elemental:389 -61.61
I [2024-08-07 13:56:00] fairy:511 -94.41
W [2024-08-07 13:57:38] elemental:16 16.53
E [2024-08-07 13:58:07] fairy:257 78.39
E [2024-08-07 14:03:52] basilisk:277 -1.79
E [2024-08-07 14:05:10] basilisk:907 -35.21
W [2024-08-07 14:08:31] chimera:93 -85.32
E [2024-08-07 14:09:02] chimera:317 54.49
E [2024-08-07 14:09:15] dragon:976 -37.70
E [2024-08-07 14:10:03] chimera:982 9.0
I [2024-08-07 14:10:18] elemental:896 62.18
I [2024-08-07 14:10:26] elemental:272 20.17
E [2024-08-07 14:11:37] fairy:654 3.96
W [2024-08-07 14:14:41] elemental:662 -36.43
I [2024-08-07 14:14:47] dragon:190 86.35
E [2024-08-07 14:16:04] basilisk:328 -13.42
I [2024-08-07 14:16:22] fairy:738 61.70
I [2024-08-07 14:19:01] fairy:775 -6.86
E [2024-08-07 14:20:29] chimera:616 58.63
W [2024-08-07 14:23:40] dragon:578 -99.76
I [2024-08-07 14:24:27] fairy:794 -75.19
E [2024-08-07 14:24:35] chimera:429 -62.80
E [2024-08-07 14:24:55] basilisk:752 -13.55
I [2024-08-07 14:25:54] elemental:724 -93.89
I [2024-08-07 14:26:07] elemental:278 93.93
W [2024-08-07 14:27:07] fairy:183 -31.54
E [2024-08-07 14:29:20] fairy:73 -67.51
E [2024-08-07 14:31:11] dragon:544 -59.46
I [2024-08-07 14:32:41] elemental:794 -9.84
E [2024-08-07 14:33:04] basilisk:184 39.70
E [2024-08-07 14:34:11] fairy:603 -22.71
E [2024-08-07 14:37:34] chimera:643 -2.5
I [2024-08-07 14:37:36] dragon:499 -72.61
I [2024-08-07 14:37:40] chimera:482 58.88
E [2024-08-07 14:38:40] fairy:921 32.72
W [2024-08-07 14:39:45] basilisk:394 -100.50
W [2024-08-07 14:45:12] basilisk:404 72.75
W [2024-08-07 14:45:52] chimera:340 -24.49
I [2024-08-07 14:48:50] fairy:634 -68.77
I [2024-08-07 14:50:46] dragon:673 -38.56
I [2024-08-07 14:51:02] elemental:839 -32.93
I [2024-08-07 14:53:43] basilisk:974 15.60
W [2024-08-07 14:56:35] elemental:128 86.24
W [2024-08-07 14:57:50] basilisk:90 10.23
I [2024-08-07 14:58:17] dragon:865 -15.4
W [2024-08-07 14:58:57] elemental:420 70.40
E [2024-08-07 14:59:56] fairy:721 2.18
E [2024-08-07 15:01:12] basilisk:349 -31.11
I [2024-08-07 15:03:54] chimera:657 42.96
I [2024-08-07 15:04:09] chimera:571 -81.28
E [2024-08-07 15:05:17] elemental:203 9.56
W [2024-08-07 15:07:30] basilisk:336 47.15
I [2024-08-07 15:11:36] basilisk:771 -66.4
W [2024-08-07 15:12:36] dragon:66 -62.74
W [2024-08-07 15:12:49] basilisk:985 68.28
W [2024-08-07 15:14:23] fairy:47 66.68
I [2024-08-07 15:14:46] fairy:327 48.13
I [2024-08-07 15:15:33] basilisk:92 79.76
I [2024-08-07 15:18:27] dragon:191 -19.43
I [2024-08-07 15:21:44] fairy:418 42.30
W [2024-08-07 15:22:21] elemental:767 76.44
I [2024-08-07 15:25:25] dragon:517 -68.34
E [2024-08-07 15:29:44] basilisk:715 -34.3
W [2024-08-07 15:34:29] basilisk:724 -93.99
I [2024-08-07 15:35:44] elemental:395 -68.84
W [2024-08-07 15:36:55] chimera:719 44.22
E [2024-08-07 15:37:29] basilisk:165 9.19
W [2024-08-07 15:37:50] fairy:798 90.55
W [2024-08-07 15:40:36] fairy:304 -79.55
W [2024-08-07 15:42:22] elemental:955 -3.15
E [2024-08-07 15:43:11] basilisk:415 -40.38
W [2024-08-07 15:44:13] basilisk:517 22.76
W [2024-08-07 15:49:43] elemental:641 56.74
E [2024-08-07 15:53:02] chimera:631 -33.16
I [2024-08-07 15:55:56] chimera:186 -33.15
I [2024-08-07 15:58:18] basilisk:224 28.61
I [2024-08-07 15:59:36] dragon:154 53.74
I [2024-08-07 16:04:33] elemental:906 -88.81
W [2024-08-07 16:05:10] elemental:173 1.74
I [2024-08-07 16:06:56] basilisk:207 28.67
I [2024-08-07 16:07:24] dragon:849 50.72
E [2024-08-07 16:11:11] chimera:410 -100.75
