Level Date Low_Temp High_Temp
I 1722895968 fairy:279 87.39
W 1722896075 fairy:778 28.85
E 1722896123 dragon:45 -38.56
W 1722896191 elemental:635 -84.95
W 1722896322 elemental:448 63.79
E 1722896410 dragon:848 -71.29
E 1722896566 fairy:332 -28.2
E 1722896687 elemental:937 8.68
W 1722896772 dragon:182 -20.16
E 1722896810 chimera:858 -65.78
W 1722897003 elemental:394 62.65
I 1722897018 basilisk:254 -49.93
W 1722897053 basilisk:90 -65.74
I 1722897442 dragon:258 -19.57
W 1722897515 dragon:315 98.28
W 1722897644 fairy:601 68.75
W 1722897667 basilisk:448 30.45
I 1722897679 chimera:734 56.1
W 1722897872 basilisk:165 49.26
W 1722897879 elemental:737 61.51
W 1722897967 fairy:609 -44.80
E 1722898086 chimera:782 -75.32
E 1722898125 elemental:822 -38.88
E 1722898217 chimera:657 -10.56
E 1722898233 basilisk:684 -61.51
I 1722898443 chimera:210 -74.57
W 1722898500 chimera:640 40.94
W 1722898515 fairy:87 32.2
I 1722898589 elemental:859 -3.0
W 1722898688 fairy:438 34.84
E 1722898701 fairy:164 -26.65
W 1722898718 fairy:66 -96.36
W 1722898831 fairy:827 9.25
E 1722898859 fairy:466 38.36
W 1722898933 basilisk:367 77.95
W 1722898957 fairy:657 -8.45
W 1722899016 elemental:505 -44.36
I 1722899071 basilisk:918 -31.69
E 1722899090 chimera:201 -84.62
W 1722899247 fairy:512 6.1
E 1722899250 chimera:353 -19.1
W 1722899253 fairy:287 36.39
I 1722899365 basilisk:845 47.13
E 1722899410 basilisk:963 -55.33
W 1722899479 dragon:646 40.99
W 1722899556 elemental:137 -26.6
W 1722899614 basilisk:824 -33.41
I 1722899663 basilisk:140 -72.98
E 1722899701 basilisk:219 76.61
E 1722899732 basilisk:341 24.74
W 1722899780 fairy:293 45.83
I 1722899848 basilisk:18 -3.61
E 1722900023 fairy:334 -58.20
E 1722900194 dragon:699 -5.62
E 1722900204 dragon:202 -40.36
E 1722900430 chimera:9 10.77
I 1722900468 basilisk:924 12.5
W 1722900478 chimera:74 -31.85
W 1722900679 basilisk:573 -63.5
E 1722900746 elemental:479 44.38
E 1722900832 chimera:346 100.16
I 1722900901 elemental:58 75.73
E 1722900981 dragon:669 -100.58
W 1722901358 dragon:5 -53.51
E 1722901426 elemental:576 -93.96
E 1722901460 fairy:474 9.19
I 1722901475 basilisk:963 -99.32
I 1722901532 basilisk:474 67.78
E 1722901586 elemental:758 -95.42
I 1722901612 chimera:473 34.42
I 1722901753 elemental:607 88.82
I 1722901763 basilisk:794 -69.65
I 1722901838 dragon:339 20.89
W 1722901852 chimera:791 35.55
W 1722901977 fairy:678 -6.46
I 1722902015 dragon:582 -5.47
I 1722902260 chimera:942 73.60
W 1722902282 dragon:212 60.25
I 1722902299 basilisk:553 6.11
I 1722902391 basilisk:107 -50.62
E 1722902461 basilisk:346 20.97
I 1722902603 dragon:498 -96.67
I 1722902616 elemental:201 10.5
W 1722902768 fairy:919 -24.77
W 1722902784 fairy:698 -55.64
W 1722902849 chimera:197 44.99
E 1722902926 dragon:234 1.14
I 1722902942 dragon:688 20.30
I 1722903019 chimera:393 77.31
E 1722903026 dragon:898 97.82
I 1722903064 elemental:183 -11.60
E 1722903099 fairy:953 18.69
W 1722903183 fairy:768 -73.2
E 1722903186 chimera:763 -81.46
W 1722903201 elemental:250 -100.59
I 1722903282 basilisk:245 39.41
E 1722903287 elemental:89 36.63
I 1722903322 basilisk:597 72.22
I 1722903481 fairy:396 94.25
W 1722903490 chimera:125 31.74
W 1722903688 dragon:24 -35.67
I 1722903770 fairy:580 25.11
W 1722903793 chimera:889 61.32
I 1722903815 chimera:569 -69.48
W 1722904011 elemental:378 -62.11
E 1722904015 chimera:795 38.77
E 1722904408 basilisk:145 59.0
I 1722904434 basilisk:714 2.9
I 1722904456 elemental:829 1.66
E 1722904504 dragon:538 84.71
E 1722904552 chimera:888 2.93
W 1722904600 chimera:277 -39.59
W 1722904848 fairy:276 97.41
I 1722904925 elemental:903 21.39
E 1722904990 elemental:654 -40.6
W 1722905178 basilisk:779 93.53
I 1722905180 basilisk:610 57.78
I 1722905200 basilisk:618 28.71
E 1722905412 elemental:707 -79.22
E 1722905428 chimera:843 -27.99
I 1722905469 basilisk:982 -47.30
W 1722905474 chimera:70 75.10
I 1722905777 fairy:929 -51.65
E 1722905788 elemental:454 -97.28
W 1722905919 dragon:964 -23.59
I 1722906050 basilisk:261 27.76
E 1722906309 basilisk:708 77.55
W 1722906399 elemental:440 -15.32
W 1722906447 elemental:405 73.37
W 1722906448 dragon:520 -12.82
I 1722906463 dragon:4 27.5
I 1722906572 chimera:933 -91.44
W 1722906617 dragon:236 -44.33
E 1722906677 elemental:122 62.31
E 1722906823 basilisk:11 76.82
I 1722906868 dragon:5 -66.53
E 1722906881 elemental:195 -88.71
W 1722907025 dragon:680 -4.5
E 1722907029 chimera:333 -50.76
E 1722907205 fairy:77 -88.16
I 1722907287 elemental:718 100.82
W 1722907305 chimera:832 -24.50
W 1722907413 fairy:790 66.1
E 1722907418 chimera:895 -4.0
W 1722907725 basilisk:190 42.60
I 1722907965 fairy:430 -94.79
I 1722908273 elemental:773 -57.96
I 1722908284 basilisk:314 -79.21
I 1722908373 elemental:676 45.25
W 1722908462 chimera:795 70.16
W 1722908539 dragon:366 -18.77
I 1722908593 fairy:548 -89.82
E 1722908663 chimera:941 -28.49
I 1722908708 dragon:812 -49.44
E 1722908731 dragon:781 83.7
I 1722908798 fairy:724 83.19
W 1722908855 elemental:958 -83.4
W 1722908906 chimera:341 83.84
E 1722909187 basilisk:863 -66.40
E 1722909497 elemental:754 -45.86
I 1722909569 elemental:557 80.7
W 1722909589 elemental:606 13.86
I 1722909661 elemental:943 74.87
I 1722909798 chimera:679 94.96
I 1722909820 chimera:144 -81.19
W 1722909887 dragon:384 -25.39
I 1722909970 elemental:109 10.77
W 1722910033 elemental:937 -23.35
I 1722910277 dragon:689 14.66
E 1722910338 chimera:941 -70.78
I 1722910411 dragon:888 -75.84
E 1722910610 fairy:434 -77.52
I 1722910622 fairy:860 -59.4
I 1722910668 chimera:666 -67.45
W 1722910779 basilisk:306 28.20
E 1722911038 chimera:182 -57.44
I 1722911043 dragon:541 -20.60
W 1722911149 basilisk:669 -26.26
W 1722911190 fairy:115 6.31
I 1722911360 chimera:507 -17.63
W 1722911372 dragon:720 62.48
I 1722911395 dragon:383 33.0
I 1722911483 dragon:396 24.38
I 1722911507 chimera:286 -20.22
I 1722911795 fairy:314 72.44
W 1722911801 fairy:593 52.11
E 1722911901 fairy:440 -91.7
E 1722911945 dragon:367 94.49
W 1722912194 chimera:943 -2.59
E 1722912364 dragon:596 9.39
W 1722912376 fairy:102 -33.25
W 1722912537 dragon:30 29.51
E 1722912601 basilisk:455 -58.17
E 1722912825 elemental:89 -57.4
E 1722912837 chimera:82 46.76
W 1722912959 basilisk:202 8.41
W 1722912986 basilisk:665 -64.96
I 1722913011 dragon:184 84.8
I 1722913098 elemental:186 -7.47
I 1722913103 basilisk:361 -16.38
I 1722913152 dragon:918 -98.23
W 1722913272 basilisk:488 94.26
E 1722913328 basilisk:388 27.29
W 1722913332 chimera:670 -78.67
W 1722913337 elemental:469 -17.70
W 1722913453 elemental:843 -45.40
W 1722913513 basilisk:830 77.56
I 1722913626 fairy:284 45.94
W 1722913786 chimera:480 38.85
W 1722913967 elemental:458 10.97
E 1722914048 fairy:163 89.59
I 1722914250 basilisk:850 96.13
W 1722914271 fairy:632 88.63
E 1722914341 dragon:129 -28.71
I 1722914404 elemental:837 -10.99
W 1722914530 basilisk:217 43.23
W 1722914587 elemental:60 -61.42
I 1722914601 chimera:988 12.12
I 1722914627 basilisk:601 27.91
E 1722914636 chimera:414 42.44
E 1722914756 dragon:239 9.28
E 1722914771 elemental:687 54.92
I 1722914857 fairy:62 51.73
I 1722914883 basilisk:658 65.85
E 1722914953 elemental:472 7.73
W 1722915077 basilisk:847 -20.93
I 1722915252 chimera:486 18.61
I 1722915511 dragon:685 85.45
E 1722915586 basilisk:226 94.86
E 1722915616 fairy:842 84.3
I 1722915698 fairy:626 25.96
E 1722915713 fairy:777 67.84
E 1722915897 basilisk:145 -36.68
W 1722915902 fairy:690 8.2
I 1722915919 elemental:684 58.14
I 1722915953 elemental:977 32.8
E 1722916006 chimera:542 94.92
I 1722916075 dragon:19 29.93
E 1722916098 basilisk:971 99.28
E 1722916156 dragon:214 -42.68
W 1722916156 elemental:381 -70.67
W 1722916271 fairy:438 54.96
E 1722916332 dragon:463 70.37
W 1722916554 fairy:914 -70.21
I 1722916574 chimera:942 -54.39
W 1722916830 elemental:675 -36.43
W 1722916924 basilisk:750 55.91
W 1722916936 elemental:210 -48.68
E 1722916945 chimera:763 55.69
E 1722917048 chimera:326 -68.85
E 1722917053 elemental:593 62.37
I 1722917125 dragon:606 -10.86
W 1722917152 elemental:163 -46.75
I 1722917457 dragon:670 -96.22
I 1722917495 fairy:65 -58.9
E 1722917539 basilisk:780 90.56
W 1722917651 basilisk:465 66.54
I 1722917718 dragon:130 -22.71
W 1722917728 chimera:44 69.74
W 1722917809 dragon:526 -90.53
W 1722917878 dragon:417 14.50
W 1722917936 elemental:970 -17.74
W 1722917939 chimera:56 30.61
I 1722918213 dragon:5 63.66
I 1722918221 fairy:981 -1.78
E 1722918332 basilisk:801 0.62
I 1722918361 elemental:158 -43.33
W 1722918473 fairy:418 91.47
W 1722918674 fairy:898 55.84
I 1722918730 chimera:777 -30.47
I 1722918812 fairy:233 -26.36
I 1722919268 dragon:60 -19.40
W 1722919414 chimera:976 -8.54
I 1722919452 chimera:104 25.35
E 1722919552 chimera:61 -9.8
I 1722919660 fairy:174 75.75
E 1722919787 chimera:708 21.85
I 1722919856 chimera:442 79.50
I 1722920098 dragon:584 81.78
E 1722920165 basilisk:218 88.26
W 1722920256 chimera:687 -9.95
I 1722920583 chimera:15 14.48
E 1722920604 basilisk:247 -58.24
W 1722920716 dragon:192 83.90
E 1722920776 basilisk:676 -54.95
E 1722920796 basilisk:914 -46.71
I 1722921194 chimera:992 97.28
I 1722921252 chimera:111 91.37
W 1722921280 elemental:148 95.18
W 1722921324 dragon:818 99.30
I 1722921325 fairy:276 -9.13
I 1722921447 chimera:132 -88.5
E 1722921490 elemental:389 43.49
I 1722921512 elemental:745 -84.49
E 1722921594 fairy:135 97.15
W 1722921860 fairy:227 -73.8
E 1722921971 fairy:71 -61.8
W 1722922056 dragon:859 -12.37
W 1722922104 dragon:427 77.38
I 1722922120 dragon:9 87.58
E 1722922159 elemental:309 -95.96
I 1722922216 elemental:228 -62.34
E 1722922247 fairy:460 -23.26
I 1722922587 dragon:655 -71.7
I 1722922637 basilisk:7 6.62
I 1722922686 fairy:257 17.72
E 1722922925 fairy:786 -38.32
W 1722922930 dragon:518 -54.62
I 1722923116 elemental:202 40.73
E 1722923260 elemental:660 11.33
I 1722923354 elemental:957 16.62
E 1722923421 elemental:268 88.41
E 1722923465 basilisk:59 27.11
W 1722923534 basilisk:464 -64.20
W 1722923680 elemental:608 -44.88
E 1722923699 basilisk:256 -18.10
W 1722923735 chimera:481 -17.43
I 1722923789 dragon:672 39.66
E 1722923870 fairy:895 24.92
W 1722923891 chimera:606 73.74
W 1722923901 chimera:822 52.86
I 1722923967 chimera:315 37.9
W 1722924069 fairy:30 22.53
I 1722924105 basilisk:282 -31.2
I 1722924323 elemental:427 63.63
W 1722924393 elemental:369 -22.65
E 1722924403 basilisk:999 0.74
W 1722924432 fairy:515 -3.13
I 1722924447 chimera:538 60.21
W 1722924450 dragon:498 -41.85
W 1722924723 basilisk:946 58.56
I 1722924838 chimera:828 19.72
I 1722924908 basilisk:196 -20.37
I 1722924926 basilisk:541 -31.29
I 1722925004 chimera:969 -7.65
I 1722925052 dragon:987 -44.90
I 1722925302 elemental:96 -5.57
I 1722925368 chimera:863 89.76
I 1722925405 dragon:346 60.10
I 1722925416 dragon:190 28.7
I 1722925442 fairy:457 -94.90
W 1722925465 dragon:194 29.88
I 1722925600 basilisk:467 -55.28
E 1722925622 fairy:360 15.0
I 1722925631 fairy:307 35.34
I 1722925874 dragon:583 -55.69
E 1722925973 basilisk:951 91.67
I 1722925977 fairy:119 -88.19
E 1722926143 basilisk:213 -85.54
W 1722926268 dragon:43 -6.99
I 1722926327 elemental:686 -13.42
W 1722926384 elemental:933 -58.3
E 1722926408 fairy:378 -40.18
I 1722926514 elemental:596 -70.58
I 1722926737 chimera:570 -78.38
E 1722926749 fairy:999 54.5
W 1722926756 fairy:69 46.26
E 1722927139 fairy:923 -95.73
E 1722927267 basilisk:224 80.30
E 1722927576 basilisk:647 95.62
I 1722927609 fairy:360 39.24
W 1722927628 elemental:57 -2.89
E 1722927673 fairy:580 -39.37
I 1722927704 fairy:159 -11.67
W 1722927713 fairy:653 58.84
E 1722927902 chimera:34 85.63
E 1722927929 chimera:187 48.5
W 1722928038 elemental:851 -95.23
I 1722928121 basilisk:345 -46.14
E 1722928560 basilisk:167 30.99
W 1722928592 fairy:310 88.52
I 1722928599 basilisk:882 -4.33
I 1722928688 basilisk:765 52.25
E 1722928729 chimera:955 57.42
E 1722928742 basilisk:675 -68.27
I 1722928800 chimera:93 -27.84
I 1722928880 fairy:302 33.80
E 1722929084 fairy:1 -22.78
I 1722929109 dragon:263 -84.60
W 1722929120 basilisk:528 34.8
I 1722929298 elemental:962 34.31
E 1722929333 elemental:148 14.19
I 1722929368 dragon:269 8.84
W 1722929390 chimera:667 56.11
W 1722929430 basilisk:62 -78.98
I 1722929431 fairy:133 -18.13
E 1722929777 chimera:740 17.85
W 1722929862 elemental:788 -57.59
I 1722929885 elemental:663 -31.97
E 1722930104 dragon:917 90.39
I 1722930188 dragon:556 -87.17
E 1722930352 fairy:302 13.3
E 1722930373 chimera:300 -2.5
E 1722930525 chimera:950 64.89
I 1722930571 elemental:994 27.40
W 1722930720 chimera:776 -14.34
E 1722930751 fairy:898 -70.52
I 1722930910 dragon:348 16.50
W 1722931126 fairy:615 68.13
I 1722931142 basilisk:224 -71.89
E 1722931160 fairy:842 86.13
E 1722931474 chimera:268 46.23
W 1722931511 basilisk:64 90.59
I 1722931574 elemental:360 61.51
W 1722931645 dragon:159 35.59
I 1722931680 fairy:593 -35.19
I 1722931687 chimera:224 -85.9
W 1722931696 chimera:554 76.85
W 1722931906 elemental:276 -64.89
I 1722932127 chimera:616 -85.53
W 1722932168 elemental:152 63.21
I 1722932195 basilisk:365 21.69
W 1722932326 fairy:197 -50.39
E 1722932335 dragon:880 72.48
I 1722932526 fairy:550 34.57
I 1722932550 chimera:953 85.69
I 1722932657 fairy:413 -35.47
W 1722932682 chimera:584 -26.67
I 1722932707 basilisk:948 -6.23
I 1722932729 dragon:83 98.45
W 1722932777 elemental:318 -36.85
W 1722932807 fairy:567 -39.98
I 1722932900 chimera:40 -47.31
W 1722932921 elemental:106 -46.87
E 1722933045 fairy:92 76.28
W 1722933052 basilisk:641 9.52
I 1722933260 basilisk:165 40.32
W 1722933630 elemental:724 3.18
E 1722933844 chimera:846 20.65
E 1722933865 elemental:89 -5.68
I 1722933893 chimera:113 82.66
W 1722933943 chimera:351 -75.16
E 1722933954 chimera:139 61.80
E 1722934086 chimera:474 51.94
I 1722934175 chimera:498 99.27
I 1722934253 dragon:655 70.88
I 1722934426 dragon:984 -51.36
W 1722934495 basilisk:226 68.34
E 1722934524 basilisk:965 13.99
I 1722934703 elemental:907 -11.45
W 1722934825 fairy:701 -82.23
E 1722935060 basilisk:839 -14.89
I 1722935102 elemental:514 64.0
E 1722935224 elemental:630 -34.99
I 1722935226 basilisk:44 -65.63
E 1722935228 basilisk:203 -87.38
W 1722935278 dragon:996 -69.37
I 1722935386 dragon:594 -97.95
I 1722935668 fairy:959 -35.12
W 1722935717 fairy:638 73.89
I 1722935751 elemental:21 -6.86
W 1722936017 fairy:440 -35.19
W 1722936044 chimera:565 -32.63
I 1722936064 fairy:998 -22.72
W 1722936094 chimera:32 -72.66
W 1722936114 basilisk:564 -1.35
W 1722936129 chimera:218 33.91
E 1722936343 fairy:369 -94.77
I 1722936432 fairy:991 -8.94
E 1722936544 basilisk:446 82.2
E 1722936642 dragon:432 92.71
E 1722936707 chimera:539 -48.40
E 1722936709 elemental:796 -62.28
W 1722936714 fairy:933 -14.67
I 1722936758 chimera:969 -42.56
I 1722936901 chimera:278 -28.33
W 1722936920 chimera:299 -41.89
E 1722937052 chimera:383 -99.77
E 1722937100 basilisk:956 6.27
E 1722937104 basilisk:859 -93.28
E 1722937128 basilisk:297 -37.9
I 1722937212 elemental:157 -77.1
W 1722937389 elemental:874 -4.94
W 1722937394 basilisk:710 81.34
I 1722937405 dragon:549 -78.86
I 1722937408 fairy:399 -51.73
E 1722937548 basilisk:746 60.96
E 1722937703 dragon:17 -9.58
I 1722937706 basilisk:348 -28.3
I 1722937712 dragon:778 87.23
W 1722938007 basilisk:22 96.87
I 1722938035 basilisk:582 87.89
I 1722938037 elemental:249 2.55
E 1722938066 dragon:952 80.39
E 1722938097 fairy:103 87.66
I 1722938107 dragon:768 -64.82
I 1722938226 fairy:936 -37.19
I 1722938299 dragon:844 34.8
W 1722938507 chimera:984 26.68
E 1722938536 dragon:412 -48.39
E 1722938597 dragon:572 -74.14
I 1722938916 dragon:449 78.91
I 1722938972 chimera:285 70.31
W 1722939202 dragon:37 89.40
E 1722939226 basilisk:951 -11.7
W 1722939362 chimera:916 -97.38
I 1722939405 elemental:987 -54.83
W 1722939449 dragon:808 16.0
E 1722939502 chimera:550 13.45
I 1722939689 elemental:636 -48.21
I 1722939714 dragon:952 22.79
I 1722940040 fairy:312 60.44
W 1722940081 elemental:615 3.41
W 1722940194 elemental:452 -83.92
W 1722940247 basilisk:116 -66.92
W 1722940360 elemental:16 -57.17
I 1722940476 basilisk:221 -43.8
W 1722940488 elemental:7 -92.5
W 1722940509 chimera:357 -16.62
E 1722940598 dragon:843 -98.91
E 1722940600 elemental:879 64.99
I 1722940814 dragon:834 -9.44
E 1722940814 chimera:184 -11.17
I 1722940876 fairy:810 -30.65
I 1722940879 basilisk:662 -57.70
E 1722940994 basilisk:794 29.43
E 1722941066 elemental:778 59.48
E 1722941080 dragon:812 9.99
I 1722941207 dragon:375 -85.54
I 1722941208 basilisk:877 -74.95
W 1722941225 chimera:74 -9.15
E 1722941338 dragon:600 -12.44
I 1722941345 chimera:5 -92.43
I 1722941469 elemental:276 96.65
W 1722941743 dragon:815 25.37
W 1722941747 basilisk:965 -8.99
E 1722941751 fairy:726 -46.59
E 1722941845 fairy:812 13.0
W 1722941958 basilisk:781 -81.77
W 1722942002 basilisk:68 -62.17
W 1722942244 elemental:311 49.31
I 1722942406 basilisk:357 -48.48
W 1722942417 chimera:755 25.61
I 1722942557 fairy:708 -22.15
W 1722942612 elemental:643 -15.7
I 1722942636 fairy:236 -14.57
W 1722942672 fairy:1000 100.58
E 1722942911 basilisk:750 -27.58
E 1722942933 dragon:608 -67.80
W 1722942942 dragon:320 74.1
W 1722942965 dragon:726 81.7
E 1722943306 dragon:989 -55.81
I 1722943416 chimera:723 26.95
I 1722943487 chimera:991 65.90
I 1722943650 fairy:375 -78.15
W 1722943730 elemental:594 81.51
I 1722943732 elemental:346 -70.82
W 1722943780 fairy:407 -38.34
W 1722944016 dragon:200 60.41
I 1722944157 basilisk:87 59.77
W 1722944270 basilisk:435 -47.67
W 1722944900 basilisk:265 -61.76
I 1722944982 fairy:634 -91.33
I 1722945135 dragon:508 -38.34
I 1722945249 chimera:665 -65.98
E 1722945368 fairy:988 -81.54
I 1722945393 chimera:567 18.14
I 1722945708 basilisk:761 60.14
I 1722945846 elemental:834 -25.97
I 1722945936 elemental:552 35.55
W 1722946432 chimera:37 -96.22
E 1722946518 elemental:536 -11.79
E 1722946537 dragon:135 43.66
E 1722946608 fairy:835 84.56
E 1722946634 basilisk:828 -68.35
E 1722946649 fairy:314 -90.76
I 1722946677 elemental:522 22.34
I 1722946801 fairy:993 -17.31
E 1722946858 chimera:18 -91.1
W 1722946906 chimera:154 -97.60
E 1722946920 basilisk:708 52.99
E 1722947019 chimera:511 19.86
W 1722947031 basilisk:384 40.93
E 1722947227 fairy:719 -51.21
W 1722947243 chimera:741 -65.91
W 1722947272 elemental:294 -76.91
W 1722947344 chimera:38 20.97
I 1722947360 chimera:545 -81.78
W 1722947547 basilisk:329 5.67
W 1722947569 basilisk:704 56.3
I 1722947569 fairy:571 44.36
E 1722947665 chimera:451 -70.64
I 1722947666 chimera:925 -13.81
W 1722947675 chimera:95 -57.3
E 1722947741 elemental:267 35.80
E 1722947742 basilisk:325 59.29
I 1722947748 chimera:5 -23.54
W 1722947763 basilisk:883 -99.37
E 1722947777 chimera:877 40.68
W 1722947945 fairy:115 29.38
W 1722947955 elemental:427 47.41
E 1722948042 basilisk:161 -65.35
I 1722948044 chimera:249 8.69
W 1722948144 chimera:514 -78.67
W 1722948202 basilisk:370 27.57
I 1722948306 dragon:995 -37.82
I 1722948342 dragon:257 95.95
W 1722948359 basilisk:70 99.97
W 1722948403 basilisk:407 -97.32
E 1722948417 dragon:815 -88.7
E 1722948610 basilisk:429 -24.14
E 1722948823 basilisk:420 -59.63
I 1722948827 basilisk:98 -42.20
I 1722948828 fairy:997 47.32
E 1722948836 basilisk:153 -96.50
I 1722948877 elemental:38 -62.4
W 1722949010 chimera:450 26.44
I 1722949111 dragon:753 65.30
I 1722949278 dragon:633 -36.37
W 1722949283 elemental:672 79.95
W 1722949314 dragon:693 56.54
I 1722949460 elemental:665 -32.15
I 1722949562 dragon:51 -83.43
I 1722949588 elemental:16 -86.42
W 1722949605 basilisk:782 56.53
W 1722949703 chimera:977 26.19
I 1722949797 chimera:747 -69.93
W 1722949873 dragon:363 -80.19
W 1722949886 dragon:949 21.28
I 1722949912 chimera:162 98.11
E 1722950002 basilisk:735 -3.87
W 1722950012 chimera:151 21.6
I 1722950135 dragon:180 -37.58
E 1722950161 fairy:187 75.38
I 1722950181 fairy:220 -77.38
I 1722950276 fairy:918 51.80
E 1722950302 fairy:959 -76.21
W 1722950401 dragon:817 -41.65
E 1722950432 elemental:287 -70.75
W 1722950632 dragon:329 -4.40
I 1722950831 fairy:201 -63.70
W 1722950853 chimera:250 -7.54
E 1722950903 elemental:262 -19.37
W 1722950959 basilisk:65 -21.41
W 1722951044 dragon:452 -27.6
E 1722951200 fairy:872 -34.37
E 1722951253 elemental:305 -82.22
W 1722951255 dragon:955 38.79
I 1722951346 chimera:888 -70.69
W 1722951605 dragon:94 56.91
I 1722951611 basilisk:315 17.91
I 1722951625 fairy:839 79.60
I 1722951700 dragon:744 -23.43
E 1722951701 fairy:786 -98.4
W 1722951723 elemental:811 93.84
I 1722951798 chimera:905 84.10
I 1722951968 dragon:365 -66.65
E 1722952176 elemental:178 54.87
I 1722952192 dragon:409 -79.55
W 1722952197 chimera:732 -51.94
W 1722952244 fairy:919 -75.75
I 1722952356 basilisk:233 48.7
I 1722952377 elemental:737 -33.99
W 1722952448 elemental:223 -52.75
I 1722952615 chimera:541 -15.13
E 1722952637 elemental:77 40.46
W 1722952716 basilisk:375 0.35
E 1722952748 chimera:575 -87.2
E 1722952797 fairy:14 31.80
W 1722952895 fairy:793 -37.23
E 1722952984 dragon:658 28.42
E 1722953095 fairy:426 -79.86
W 1722953104 elemental:898 -32.53
W 1722953131 basilisk:827 -15.59
W 1722953329 chimera:54 59.15
I 1722953354 chimera:617 64.97
I 1722953540 fairy:747 -67.33
I 1722953562 fairy:741 -72.87
I 1722953564 basilisk:21 87.27
E 1722953566 dragon:79 -68.5
I 1722953646 fairy:413 -61.76
E 1722953652 chimera:65 42.22
E 1722953672 elemental:319 -79.84
I 1722953760 basilisk:291 -51.60
I 1722953818 basilisk:296 56.40
E 1722953831 dragon:718 -56.71
I 1722953838 chimera:383 67.90
W 1722953879 chimera:512 -8.32
I 1722953981 dragon:643 77.12
W 1722954005 chimera:480 47.12
W 1722954168 fairy:356 99.99
E 1722954183 fairy:805 -95.87
E 1722954239 dragon:765 -68.55
W 1722954244 basilisk:855 4.47
W 1722954563 chimera:254 26.91
W 1722954611 chimera:881 18.89
I 1722954641 chimera:942 -32.69
W 1722954744 fairy:972 -71.75
E 1722955043 elemental:490 -22.89
E 1722955320 elemental:559 -26.49
I 1722955340 elemental:478 33.24
I 1722955414 elemental:880 -71.14
E 1722955513 elemental:438 33.37
E 1722955592 dragon:95 2.96
I 1722955732 dragon:440 9.98
W 1722955797 chimera:573 75.33
E 1722956304 elemental:31 20.3
E 1722956393 dragon:498 49.72
W 1722956430 basilisk:370 14.56
W 1722956512 fairy:208 86.40
E 1722956540 dragon:792 80.95
E 1722956651 basilisk:445 95.46
W 1722956666 chimera:593 33.72
W 1722956667 dragon:708 62.73
E 1722956726 basilisk:873 -51.19
E 1722956747 dragon:310 67.17
I 1722956802 dragon:691 27.5
I 1722956834 chimera:805 -82.36
W 1722956952 basilisk:455 25.37
W 1722957017 basilisk:514 22.96
I 1722957076 dragon:312 16.58
E 1722957135 fairy:578 37.2
E 1722957388 dragon:825 -23.18
I 1722957458 fairy:169 4.2
I 1722957524 chimera:743 -12.43
I 1722957644 chimera:346 99.45
W 1722957717 basilisk:799 49.14
I 1722957784 fairy:922 -28.42
W 1722957809 fairy:333 97.19
W 1722957810 basilisk:565 55.71
I 1722958500 dragon:337 -85.19
E 1722958575 fairy:499 52.97
I 1722958600 fairy:176 70.6
E 1722958604 basilisk:723 45.94
W 1722958621 basilisk:361 -75.16
W 1722958811 chimera:399 -90.83
W 1722959092 elemental:373 -70.84
W 1722959137 chimera:501 48.26
E 1722959153 fairy:837 -7.84
E 1722959227 fairy:762 -28.67
E 1722959259 dragon:31 75.56
W 1722959281 dragon:843 -99.73
I 1722959310 elemental:740 -3.45
W 1722959433 dragon:420 -49.3
W 1722959442 elemental:465 77.47
W 1722959488 fairy:326 29.13
W 1722959506 dragon:708 41.50
W 1722959691 elemental:258 100.28
E 1722959828 elemental:570 41.9
I 1722959855 fairy:771 32.95
W 1722959920 dragon:994 -73.61
W 1722960080 elemental:738 96.24
I 1722960121 fairy:777 -69.30
E 1722960172 elemental:365 -67.33
W 1722960297 elemental:917 6.69
E 1722960327 basilisk:122 60.2
W 1722960359 fairy:125 35.18
W 1722960385 fairy:609 83.98
W 1722960599 basilisk:677 100.43
E 1722960625 basilisk:364 -50.22
W 1722960823 fairy:673 84.34
W 1722961156 elemental:584 0.25
W 1722961316 chimera:708 -69.65
E 1722961417 chimera:628 76.79
I 1722961439 chimera:454 97.16
E 1722961538 basilisk:266 -74.64
I 1722961583 chimera:661 -79.42
E 1722961627 basilisk:835 -87.2
I 1722961829 chimera:321 -63.88
W 1722962010 basilisk:881 84.53
I 1722962033 chimera:741 -89.87
E 1722962043 basilisk:827 -39.25
W 1722962059 basilisk:644 -43.24
W 1722962219 chimera:572 19.25
I 1722962355 fairy:697 -12.68
I 1722962378 chimera:551 85.27
E 1722962426 elemental:960 69.72
W 1722962620 basilisk:796 -58.94
W 1722962672 dragon:554 64.47
I 1722962724 fairy:531 16.94
W 1722962740 dragon:55 -44.82
I 1722962806 basilisk:730 -72.39
I 1722962896 chimera:729 20.25
I 1722962922 elemental:861 -16.92
I 1722962996 basilisk:595 90.54
I 1722963009 elemental:309 -3.8
E 1722963014 basilisk:717 55.62
I 1722963082 fairy:309 44.38
W 1722963417 basilisk:286 77.53
E 1722963426 basilisk:570 -23.36
E 1722963698 fairy:58 -39.25
I 1722963805 elemental:182 24.16
W 1722963965 fairy:655 -1.79
W 1722964017 basilisk:53 67.71
W 1722964102 basilisk:632 -69.38
I 1722964148 chimera:699 72.12
E 1722964281 basilisk:961 75.88
E 1722964400 chimera:875 -24.55
W 1722964425 elemental:3 70.25
E 1722964444 elemental:145 -9.30
I 1722964475 elemental:236 44.69
I 1722964505 chimera:713 -46.71
W 1722964507 dragon:655 37.33
W 1722964611 fairy:39 -54.91
E 1722964851 fairy:373 3.8
E 1722964902 dragon:974 74.97
W 1722964914 elemental:857 -76.87
E 1722964928 elemental:735 6.86
E 1722965065 elemental:981 97.34
I 1722965137 fairy:888 83.26
W 1722965207 fairy:375 25.87
I 1722965326 fairy:508 3.36
W 1722965377 fairy:239 -2.74
E 1722965677 chimera:943 47.47
E 1722965689 elemental:459 -43.95
I 1722965743 chimera:80 6.61
W 1722965836 fairy:294 50.12
W 1722965896 basilisk:956 32.94
I 1722965920 elemental:300 77.33
W 1722966063 fairy:375 43.70
W 1722966280 dragon:308 93.12
E 1722966301 chimera:739 81.76
E 1722966312 dragon:833 -91.4
W 1722966415 fairy:999 76.91
E 1722966416 chimera:680 -12.3
E 1722966489 chimera:536 -66.73
W 1722966576 basilisk:320 -30.25
E 1722966617 fairy:349 38.91
E 1722966773 chimera:732 38.66
W 1722966856 dragon:188 -7.65
E 1722966894 chimera:823 -93.64
W 1722966935 elemental:635 -89.83
I 1722966947 basilisk:935 34.40
W 1722967088 chimera:958 57.43
W 1722967390 dragon:111 5.8
W 1722967392 chimera:742 -82.16
I 1722967395 dragon:576 -20.57
W 1722967568 dragon:810 15.90
I 1722967676 basilisk:36 -87.58
E 1722967678 elemental:628 75.66
I 1722967764 chimera:736 -23.69
W 1722967878 dragon:25 27.20
E 1722968076 chimera:800 -39.35
W 1722968166 elemental:955 -90.67
E 1722968489 fairy:18 39.17
I 1722968801 elemental:811 61.90
E 1722968911 dragon:753 75.23
W 1722969022 fairy:565 24.63
I 1722969040 elemental:523 -35.46
W 1722969175 elemental:534 1.36
E 1722969283 chimera:20 91.30
W 1722969418 fairy:531 5.12
I 1722969505 basilisk:202 63.11
E 1722969572 fairy:264 -40.66
I 1722969643 basilisk:921 56.94
E 1722969916 basilisk:380 -2.88
I 1722970008 dragon:269 57.10
I 1722970025 basilisk:178 -37.88
E 1722970116 dragon:849 44.75
W 1722970277 basilisk:180 23.58
E 1722970364 dragon:281 23.81
W 1722970407 basilisk:580 -4.39
E 1722970440 chimera:905 21.69
I 1722970777 chimera:957 -76.94
W 1722970995 basilisk:521 64.38
W 1722971236 dragon:965 66.40
I 1722971310 chimera:745 -42.68
I 1722971396 elemental:88 0.65
E 1722971549 basilisk:317 -29.49
E 1722971555 dragon:496 4.78
E 1722971567 basilisk:599 64.94
I 1722971720 dragon:750 -68.91
I 1722971761 chimera:159 63.7
E 1722971831 basilisk:210 -9.93
W 1722971901 fairy:885 87.14
I 1722971921 chimera:212 -77.26
W 1722972231 chimera:877 67.42
I 1722972362 basilisk:611 -47.96
W 1722972600 dragon:167 -15.27
E 1722972896 dragon:640 76.84
I 1722972936 elemental:776 94.75
E 1722972955 fairy:493 -90.85
W 1722972987 dragon:917 -14.11
E 1722973018 dragon:477 -67.85
E 1722973020 dragon:575 99.76
I 1722973112 elemental:932 51.68
E 1722973116 chimera:883 100.59
E 1722973141 elemental:998 94.62
W 1722973287 chimera:593 -54.9
W 1722973481 basilisk:141 54.28
W 1722973513 chimera:396 -12.63
W 1722973531 chimera:332 41.58
E 1722973590 chimera:322 -7.23
I 1722973623 dragon:988 -66.8
I 1722973647 dragon:333 -77.36
W 1722973693 chimera:827 -85.8
E 1722974044 chimera:430 -52.51
I 1722974240 basilisk:636 59.31
I 1722974252 elemental:676 -63.88
W 1722974482 chimera:185 -75.14
E 1722974541 elemental:589 -50.86
I 1722974612 basilisk:974 -70.11
I 1722974698 fairy:56 46.88
E 1722974720 basilisk:926 87.76
W 1722974771 dragon:176 -64.53
W 1722974808 elemental:258 52.13
E 1722974968 elemental:13 -58.27
E 1722974990 chimera:112 -94.41
E 1722975063 basilisk:130 -1.48
E 1722975204 chimera:267 -94.76
I 1722975238 dragon:101 90.50
W 1722975288 chimera:159 58.40
W 1722975369 dragon:825 27.46
W 1722975412 fairy:237 -44.0
W 1722975558 fairy:565 -48.10
E 1722975672 basilisk:996 -42.80
E 1722975802 basilisk:819 93.35
I 1722975819 fairy:362 -42.73
I 1722975952 dragon:369 -82.29
E 1722976080 fairy:127 63.20
E 1722976185 basilisk:8 -53.86
I 1722976282 chimera:77 -23.74
W 1722976342 fairy:76 49.88
E 1722976495 basilisk:502 67.75
I 1722976525 fairy:488 -29.38
I 1722976554 basilisk:302 91.15
E 1722976561 fairy:472 -76.36
E 1722976591 fairy:492 69.64
E 1722976609 dragon:371 13.31
I 1722976635 basilisk:499 81.47
E 1722976661 fairy:492 -74.38
E 1722976693 chimera:907 94.96
W 1722976718 basilisk:924 -87.48
I 1722976769 fairy:879 -40.76
I 1722976792 dragon:889 -35.74
I 1722976874 elemental:721 -34.76
I 1722977015 fairy:16 -54.71
W 1722977060 dragon:749 78.78
E 1722977223 elemental:521 -23.22
W 1722977367 basilisk:421 -5.29
E 1722977454 fairy:335 66.39
I 1722977492 dragon:776 -64.65
I 1722977500 elemental:922 -14.77
W 1722977500 elemental:881 6.97
W 1722977728 elemental:167 -88.49
E 1722977733 basilisk:230 22.97
I 1722977869 elemental:425 61.40
W 1722977883 dragon:572 25.42
E 1722977915 dragon:896 -15.45
E 1722977935 fairy:499 47.8
W 1722978360 fairy:227 56.49
I 1722978375 basilisk:889 -77.51
E 1722978518 basilisk:200 41.18
I 1722978604 chimera:86 -73.95
I 1722978662 dragon:347 4.52
W 1722978844 chimera:796 -22.13
W 1722978845 elemental:970 -56.44
E 1722978876 fairy:175 9.42
I 1722979039 fairy:859 -68.90
I 1722979115 dragon:732 84.96
I 1722979133 elemental:97 35.96
W 1722979376 basilisk:630 22.73
I 1722979464 basilisk:697 65.61
I 1722979484 basilisk:743 -40.13
W 1722979551 elemental:521 -5.78
W 1722979559 elemental:423 26.31
I 1722979589 elemental:535 51.13
E 1722979676 elemental:600 84.8
W 1722979720 chimera:361 -98.46
E 1722979925 dragon:408 61.6
E 1722979935 fairy:733 71.32
E 1722979962 dragon:500 3.91
W 1722980103 dragon:120 93.55
I 1722980123 elemental:56 -91.2
W 1722980142 elemental:627 -73.97
I 1722980248 dragon:233 -81.26
E 1722980387 basilisk:787 13.91
E 1722980674 chimera:255 -82.3
I 1722980718 basilisk:222 51.57
I 1722980830 elemental:868 -45.96
E 1722980836 basilisk:831 -1.42
E 1722980894 basilisk:2 14.92
E 1722980940 chimera:71 -50.10
E 1722980957 dragon:662 -86.98
E 1722981080 fairy:54 33.93
W 1722981084 chimera:938 11.97
I 1722981092 fairy:64 -53.47
W 1722981266 dragon:714 15.11
I 1722981540 elemental:778 93.69
W 1722981608 chimera:351 -90.48
W 1722981638 chimera:344 84.49
E 1722981904 chimera:405 -26.79
I 1722981952 dragon:39 -43.38
W 1722981961 elemental:403 65.66
E 1722982269 elemental:825 -47.59
I 1722982456 fairy:93 -28.60
W 1722982495 basilisk:617 21.87
W 1722982568 dragon:119 -7.19
E 1722982618 chimera:165 45.36
W 1722982698 chimera:826 -53.35
I 1722982737 dragon:500 30.60
W 1722982905 dragon:84 29.3
I 1722982942 dragon:108 -35.66
E 1722983200 dragon:213 44.35
W 1722983229 dragon:531 96.23
E 1722983268 fairy:949 -18.26
I 1722983280 fairy:345 42.74
W 1722983480 fairy:72 35.14
I 1722983499 fairy:911 -75.66
I 1722983679 basilisk:602 84.79
I 1722983760 chimera:129 -5.10
I 1722983804 basilisk:607 -49.23
I 1722984065 chimera:798 -41.54
I 1722984066 chimera:66 -58.85
E 1722984109 chimera:371 -55.81
W 1722984385 basilisk:991 -74.78
E 1722984498 basilisk:979 -49.88
I 1722984502 dragon:698 13.53
E 1722984656 dragon:818 87.2
W 1722984698 chimera:958 -95.11
I 1722985009 elemental:319 -94.6
W 1722985226 basilisk:410 0.54
I 1722985337 basilisk:507 -28.69
E 1722985349 chimera:281 76.18
E 1722985377 elemental:926 -43.4
I 1722985503 dragon:438 -39.68
I 1722985534 dragon:622 60.35
E 1722985601 fairy:730 2.75
W 1722985618 elemental:130 75.24
W 1722985781 basilisk:126 19.15
E 1722985873 basilisk:961 22.88
W 1722986017 dragon:418 45.69
E 1722986126 fairy:652 -68.48
I 1722986257 basilisk:327 61.80
E 1722986266 fairy:983 12.5
I 1722986347 dragon:308 -29.38
E 1722986380 basilisk:927 99.52
W 1722986447 elemental:490 79.48
I 1722986545 elemental:282 -11.67
I 1722986624 dragon:411 41.33
E 1722986730 chimera:80 8.15
I 1722986862 basilisk:763 -56.17
I 1722986882 chimera:143 7.86
E 1722987093 elemental:688 -73.79
I 1722987461 dragon:417 26.20
W 1722987637 dragon:17 -7.68
I 1722987657 fairy:990 5.13
W 1722987700 basilisk:25 67.27
E 1722987712 fairy:37 40.98
E 1722987817 chimera:703 -12.43
W 1722987861 chimera:913 -94.59
I 1722987991 basilisk:575 -54.67
E 1722988001 fairy:84 -43.89
I 1722988311 basilisk:126 45.14
I 1722988472 basilisk:347 -32.78
I 1722988556 elemental:833 -45.43
I 1722988567 elemental:506 -88.75
E 1722988572 basilisk:719 64.3
W 1722988718 fairy:289 5.0
E 1722988745 fairy:76 86.83
W 1722988825 fairy:137 2.37
E 1722989018 fairy:400 -22.10
W 1722989142 basilisk:79 -72.1
E 1722989430 elemental:618 -55.65
W 1722989430 fairy:555 -52.74
E 1722989446 basilisk:987 -20.92
E 1722989510 basilisk:14 -82.14
W 1722989530 dragon:324 -42.30
I 1722989576 dragon:728 -1.68
E 1722989599 elemental:507 -79.73
I 1722989622 chimera:167 -5.35
E 1722989970 dragon:397 -81.53
I 1722990084 dragon:197 79.12
E 1722990086 basilisk:911 -79.90
I 1722990109 fairy:917 -69.17
I 1722990207 elemental:618 -48.35
I 1722990217 chimera:99 -77.57
I 1722990325 chimera:585 -52.14
E 1722990338 basilisk:845 -16.64
I 1722990482 basilisk:817 -14.65
I 1722990491 dragon:297 20.59
I 1722990683 elemental:181 63.24
I 1722990760 elemental:422 66.25
E 1722991173 dragon:266 -58.48
E 1722991209 fairy:156 -32.30
I 1722991325 elemental:162 43.4
W 1722991425 chimera:507 53.90
W 1722991612 dragon:559 -6.92
E 1722991620 chimera:292 35.27
E 1722991723 chimera:75 -72.92
I 1722991931 chimera:943 -82.10
W 1722992014 fairy:376 -1.51
E 1722992076 elemental:648 -82.37
I 1722992106 dragon:43 30.10
I 1722992122 elemental:807 6.7
W 1722992152 basilisk:18 81.65
W 1722992285 elemental:759 -67.94
W 1722992363 basilisk:462 94.3
I 1722992470 dragon:772 67.18
W 1722992480 fairy:115 8.95
I 1722992500 basilisk:822 -74.3
I 1722992525 elemental:114 -43.76
W 1722992956 dragon:465 -70.43
E 1722992965 basilisk:470 38.8
E 1722993091 dragon:357 16.68
W 1722993091 fairy:949 48.6
I 1722993103 elemental:377 24.91
E 1722993189 basilisk:805 57.33
E 1722993257 chimera:370 -61.40
I 1722993356 elemental:54 48.28
W 1722993398 elemental:934 3.53
W 1722993564 elemental:220 -60.24
W 1722993646 elemental:352 -16.94
I 1722993675 fairy:285 76.94
E 1722993697 fairy:69 -66.19
I 1722993715 elemental:250 -48.51
I 1722993745 fairy:128 94.6
W 1722993764 dragon:915 86.45
I 1722993882 dragon:54 -12.61
W 1722993892 basilisk:54 -54.24
I 1722993936 chimera:549 13.68
E 1722993958 basilisk:529 -92.74
W 1722994021 basilisk:842 -46.86
I 1722994080 dragon:460 -7.66
W 1722994240 chimera:581 31.64
I 1722994259 fairy:774 32.32
W 1722994380 fairy:760 -30.81
E 1722994425 dragon:5 -24.72
I 1722994604 elemental:731 -99.72
W 1722994608 fairy:745 97.69
I 1722994643 fairy:700 -38.30
W 1722994719 basilisk:214 10.36
I 1722994734 chimera:794 85.93
W 1722994945 chimera:543 91.35
W 1722994955 fairy:458 79.3
I 1722995002 fairy:80 -98.14
I 1722995087 elemental:981 -20.35
W 1722995172 dragon:814 99.68
E 1722995402 chimera:394 72.68
W 1722995425 chimera:391 -22.5
E 1722995515 chimera:868 -63.81
W 1722995725 dragon:907 19.19
E 1722995870 elemental:857 89.27
I 1722995874 fairy:896 3.51
E 1722995938 elemental:444 36.11
I 1722996016 basilisk:237 -80.91
W 1722996017 basilisk:914 69.49
W 1722996027 dragon:446 -20.41
I 1722996062 dragon:481 -47.63
E 1722996133 elemental:922 69.92
E 1722996146 dragon:334 -79.85
W 1722996183 chimera:447 -78.66
E 1722996315 fairy:137 78.38
E 1722996395 chimera:336 4.44
I 1722996527 elemental:393 -3.29
I 1722996553 dragon:302 -17.14
W 1722996813 dragon:168 -45.47
E 1722996950 basilisk:141 -77.63
W 1722996984 fairy:283 52.97
W 1722997148 fairy:952 -73.2
E 1722997252 dragon:264 -45.95
E 1722997299 chimera:678 48.19
E 1722997303 chimera:636 21.30
I 1722997399 basilisk:393 82.43
I 1722997453 basilisk:274 -53.42
E 1722997552 elemental:975 -92.39
W 1722997579 chimera:869 24.2
E 1722997727 chimera:658 -9.30
I 1722997816 elemental:710 58.38
W 1722997952 fairy:977 36.38
E 1722998054 elemental:620 22.5
I 1722998228 fairy:351 61.78
W 1722998229 basilisk:143 31.2
I 1722998688 chimera:102 3.73
W 1722998716 elemental:507 56.41
E 1722998731 basilisk:62 -76.67
W 1722998741 chimera:412 -91.64
E 1722998819 basilisk:657 -23.30
I 1722998980 fairy:720 -26.25
W 1722999122 chimera:907 -50.66
I 1722999126 fairy:208 -56.95
I 1722999135 fairy:680 -77.67
I 1722999140 dragon:718 27.7
W 1722999143 fairy:9 -51.37
E 1722999209 dragon:981 -11.2
E 1722999341 dragon:107 -38.64
W 1722999364 chimera:481 100.23
W 1722999380 dragon:311 92.30
E 1722999385 basilisk:670 38.20
E 1722999430 elemental:524 87.63
E 1722999708 basilisk:431 -16.76
W 1722999726 elemental:618 -64.97
E 1722999816 basilisk:957 81.60
E 1722999963 fairy:443 44.11
W 1722999983 elemental:402 21.66
W 1723000036 dragon:409 -75.14
I 1723000067 dragon:561 -71.8
I 1723000097 basilisk:546 -98.53
W 1723000167 basilisk:998 -81.12
W 1723000169 chimera:783 12.18
E 1723000193 basilisk:130 -55.14
E 1723000225 dragon:221 -81.61
I 1723000370 basilisk:336 31.14
E 1723000381 basilisk:874 65.93
I 1723000542 fairy:924 100.6
I 1723000665 fairy:198 4.25
I 1723000807 elemental:100 -26.88
I 1723000890 dragon:881 -81.4
W 1723001137 elemental:228 -19.60
E 1723001279 dragon:531 -30.84
E 1723001321 basilisk:820 -12.13
E 1723001326 chimera:289 66.94
E 1723001520 elemental:926 -98.56
E 1723001569 basilisk:802 45.74
I 1723001677 elemental:614 57.39
E 1723001698 basilisk:449 -37.66
W 1723001702 fairy:363 -44.52
W 1723001760 elemental:389 -79.53
I 1723001762 elemental:377 -53.73
E 1723001785 fairy:22 -100.53
I 1723001887 elemental:568 -94.46
W 1723001991 basilisk:686 -4.66
W 1723002005 dragon:576 55.84
W 1723002107 elemental:34 -100.87
I 1723002180 basilisk:553 -41.94
W 1723002201 dragon:803 33.91
W 1723002459 dragon:560 -40.81
E 1723002572 chimera:195 -32.26
W 1723002579 elemental:642 -13.67
E 1723002617 basilisk:928 -47.75
I 1723002619 dragon:246 -37.33
W 1723002656 basilisk:194 33.41
I 1723002676 chimera:368 22.96
I 1723002719 fairy:638 -78.15
E 1723002824 chimera:476 -25.62
I 1723002872 basilisk:175 -50.82
I 1723002882 dragon:273 -62.34
E 1723002961 basilisk:538 -17.24
I 1723002965 chimera:451 -96.28
W 1723002973 chimera:546 -32.17
I 1723003092 elemental:215 -4.97
I 1723003094 fairy:376 -64.97
I 1723003186 basilisk:720 5.87
I 1723003230 chimera:48 90.6
E 1723003240 fairy:37 52.94
I 1723003284 dragon:819 -75.39
I 1723003504 fairy:948 7.82
W 1723003556 fairy:790 -82.62
W 1723003562 fairy:2 25.53
E 1723003656 chimera:568 -20.34
I 1723003724 fairy:637 90.12
E 1723003863 fairy:287 -69.49
I 1723003934 chimera:270 5.76
I 1723003988 chimera:353 87.75
W 1723004182 basilisk:20 -13.93
E 1723004534 fairy:328 -46.24
W 1723004554 fairy:580 63.40
E 1723004642 elemental:345 44.2
W 1723004648 chimera:222 -87.32
E 1723004688 elemental:248 54.7
I 1723004702 dragon:516 77.15
E 1723004729 dragon:145 98.12
W 1723004774 fairy:963 -68.42
W 1723004856 chimera:940 -28.25
W 1723004963 elemental:683 82.1
E 1723005066 fairy:737 -84.79
W 1723005108 chimera:614 -41.58
E 1723005129 chimera:329 62.28
E 1723005173 dragon:744 -68.27
W 1723005264 elemental:886 -86.9
E 1723005292 fairy:107 44.59
I 1723005354 basilisk:363 20.57
I 1723005681 fairy:344 74.95
W 1723006017 dragon:626 30.16
I 1723006038 elemental:138 52.8
E 1723006116 elemental:636 16.45
W 1723006319 elemental:484 72.8
I 1723006583 fairy:137 39.62
I 1723006661 elemental:815 -7.18
I 1723006749 basilisk:85 -31.34
E 1723007014 basilisk:544 36.8
W 1723007195 basilisk:585 -88.14
E 1723007273 elemental:38 88.86
I 1723007278 dragon:960 67.83
I 1723007295 chimera:355 -50.91
I 1723007348 elemental:321 -8.11
W 1723007465 fairy:559 92.52
W 1723007491 dragon:261 19.27
I 1723007584 fairy:77 -99.97
W 1723007797 elemental:89 -25.63
I 1723007899 basilisk:569 -79.20
I 1723007991 chimera:844 -95.95
E 1723008069 elemental:226 96.22
I 1723008188 fairy:990 54.7
E 1723008230 elemental:496 8.8
E 1723008273 chimera:967 -35.22
E 1723008443 chimera:714 0.13
I 1723008551 chimera:229 47.20
I 1723008645 fairy:104 66.68
W 1723008822 basilisk:304 24.85
E 1723008937 elemental:617 33.90
I 1723008942 basilisk:114 -74.67
I 1723009033 elemental:834 40.85
I 1723009163 basilisk:692 80.62
W 1723009261 basilisk:675 -61.95
I 1723009330 fairy:217 87.18
E 1723009396 chimera:537 -19.32
I 1723009496 chimera:640 82.57
W 1723009497 basilisk:670 24.93
W 1723009544 chimera:940 -62.33
W 1723009561 basilisk:707 -66.30
W 1723009589 dragon:227 -71.80
I 1723009798 basilisk:707 97.64
E 1723009914 dragon:242 26.76
E 1723010209 chimera:693 42.57
I 1723010278 chimera:550 -11.3
E 1723010682 fairy:836 23.81
E 1723010685 dragon:204 -63.75
I 1723010992 basilisk:760 4.81
E 1723011023 fairy:816 -80.47
I 1723011025 dragon:466 -20.13
E 1723011031 fairy:152 -51.46
E 1723011045 basilisk:580 6.34
E 1723011139 fairy:979 -79.36
W 1723011189 basilisk:250 -69.57
W 1723011444 chimera:81 -76.76
I 1723011523 fairy:427 11.53
W 1723011810 basilisk:76 -74.90
W 1723012082 elemental:538 -78.74
E 1723012141 chimera:646 89.33
E 1723012270 elemental:880 100.33
W 1723012461 basilisk:800 -35.47
I 1723012632 basilisk:169 38.84
I 1723012642 basilisk:407 -22.22
W 1723012654 dragon:841 -58.48
I 1723012920 elemental:972 -80.32
E 1723012963 dragon:871 59.36
E 1723013097 dragon:941 -92.62
I 1723013146 basilisk:550 64.47
E 1723013319 dragon:267 60.57
W 1723013322 elemental:516 -61.84
E 1723013351 fairy:419 90.95
I 1723013382 elemental:218 48.4
I 1723013392 basilisk:38 -71.77
W 1723013414 fairy:595 41.73
W 1723013612 chimera:623 12.6
W 1723013749 chimera:485 -55.48
I 1723013867 basilisk:118 -93.82
E 1723014209 basilisk:442 57.40
I 1723014318 elemental:503 -30.20
I 1723014383 basilisk:334 -34.10
E 1723014436 elemental:962 78.63
I 1723014439 fairy:876 45.23
E 1723014631 fairy:273 58.2
I 1723014706 dragon:465 35.32
W 1723014807 fairy:273 41.55
E 1723014861 dragon:315 -100.52
I 1723014920 fairy:959 67.66
E 1723014980 elemental:892 -15.68
W 1723015015 dragon:858 100.42
I 1723015028 chimera:213 59.76
E 1723015033 basilisk:773 38.51
W 1723015064 fairy:609 -62.87
W 1723015141 basilisk:949 30.46
I 1723015244 elemental:315 -48.6
I 1723015249 elemental:259 86.26
E 1723015258 elemental:9 46.63
W 1723015340 fairy:886 -52.51
W 1723015369 dragon:330 -39.1
W 1723015375 chimera:544 38.10
E 1723015568 fairy:80 46.28
E 1723015753 fairy:745 31.63
E 1723015761 elemental:545 -38.58
W 1723015798 basilisk:808 37.12
I 1723015983 basilisk:733 -80.25
W 1723015990 dragon:724 -8.71
I 1723016091 dragon:312 25.55
W 1723016222 basilisk:272 45.24
I 1723016234 dragon:984 -15.35
I 1723016246 elemental:459 25.18
W 1723016372 chimera:216 95.67
W 1723016427 elemental:717 -27.7
E 1723016512 dragon:794 -17.18
W 1723016593 fairy:850 96.44
I 1723016646 elemental:720 -26.58
E 1723016660 basilisk:329 -23.58
W 1723016747 chimera:717 -85.25
W 1723016935 chimera:581 14.38
I 1723017133 elemental:844 64.19
E 1723017155 dragon:721 95.64
I 1723017234 dragon:756 97.54
E 1723017293 elemental:844 -82.60
I 1723017382 fairy:108 -35.37
W 1723017613 basilisk:257 50.89
W 1723017627 fairy:491 -94.35
E 1723017778 basilisk:902 15.99
I 1723017845 basilisk:718 96.37
E 1723017948 basilisk:260 13.31
E 1723017955 basilisk:829 -80.97
W 1723017986 fairy:379 97.60
W 1723018108 chimera:650 -9.59
W 1723018140 elemental:240 -6.69
E 1723018245 fairy:950 -70.95
E 1723018483 chimera:763 86.25
E 1723018711 chimera:643 -37.23
E 1723018751 elemental:599 -95.10
E 1723019179 chimera:498 -68.90
I 1723019329 basilisk:342 -46.79
W 1723019386 chimera:596 1.50
I 1723019392 elemental:246 72.72
E 1723019403 basilisk:677 -62.66
I 1723019452 fairy:602 6.68
W 1723019484 basilisk:404 1.72
I 1723019810 chimera:381 3.62
W 1723019911 dragon:533 74.34
W 1723020009 elemental:90 -74.66
E 1723020137 fairy:215 -99.24
W 1723020199 fairy:112 -32.4
I 1723020338 basilisk:761 60.17
W 1723020379 elemental:921 51.91
E 1723020398 chimera:92 -66.97
I 1723020464 fairy:932 -74.20
I 1723020500 elemental:668 -58.42
I 1723020504 elemental:156 65.62
E 1723020590 elemental:850 13.36
W 1723020686 dragon:572 -34.46
W 1723020749 chimera:952 -55.8
W 1723020780 basilisk:853 100.69
E 1723020786 fairy:199 -35.82
W 1723020897 dragon:628 -41.96
I 1723021007 dragon:621 65.25
I 1723021036 chimera:929 -57.72
I 1723021070 basilisk:297 40.43
E 1723021166 elemental:205 7.9
E 1723021182 chimera:263 43.72
W 1723021283 dragon:959 91.80
E 1723021330 dragon:807 -36.52
E 1723021515 elemental:994 37.65
E 1723021530 dragon:959 -20.39
E 1723021535 chimera:944 46.68
E 1723021623 chimera:258 -92.98
E 1723021641 fairy:486 -11.49
W 1723021779 chimera:555 100.55
W 1723021829 chimera:758 -47.89
I 1723021967 fairy:9 -15.45
W 1723022072 elemental:464 -59.77
W 1723022116 fairy:993 -28.82
E 1723022188 elemental:267 30.85
W 1723022223 dragon:418 -13.54
W 1723022324 basilisk:524 68.0
I 1723022414 dragon:742 37.83
W 1723022416 fairy:458 66.73
E 1723022417 elemental:991 29.14
I 1723022495 chimera:805 46.68
W 1723022578 basilisk:19 31.34
E 1723022583 chimera:463 -64.45
E 1723022628 basilisk:410 -87.68
I 1723022702 basilisk:60 11.66
I 1723022795 chimera:451 -40.61
W 1723022797 chimera:337 -62.21
I 1723023038 chimera:374 0.6
E 1723023061 elemental:40 -43.73
E 1723023135 basilisk:727 -2.89
I 1723023163 chimera:445 -87.83
E 1723023188 chimera:172 -55.48
I 1723023193 basilisk:752 78.63
I 1723023277 fairy:191 -100.76
E 1723023281 basilisk:148 51.0
I 1723023323 elemental:370 75.19
I 1723023362 basilisk:660 18.52
E 1723023392 basilisk:374 82.62
E 1723023478 basilisk:283 -74.59
W 1723023526 fairy:917 95.37
E 1723023674 dragon:973 74.11
I 1723023772 fairy:542 34.77
E 1723024126 chimera:821 35.96
W 1723024482 chimera:22 -48.72
W 1723024568 chimera:581 87.30
E 1723024678 basilisk:557 11.89
I 1723024723 dragon:795 2.6
W 1723024899 basilisk:761 21.93
E 1723024935 elemental:780 76.84
E 1723024940 basilisk:150 -12.28
E 1723024986 dragon:944 43.78
W 1723025007 basilisk:57 3.14
I 1723025052 fairy:746 -30.32
E 1723025180 elemental:42 -30.78
I 1723025213 elemental:854 42.94
E 1723025326 dragon:17 65.5
E 1723025564 chimera:663 -16.73
I 1723025608 basilisk:752 -7.43
W 1723025616 fairy:2 -83.44
E 1723025630 basilisk:472 -93.20
W 1723025636 dragon:496 -96.53
I 1723025685 dragon:56 -28.39
E 1723025706 chimera:395 -33.90
E 1723025768 fairy:603 -39.42
E 1723025798 chimera:38 -93.97
W 1723025920 basilisk:444 23.74
I 1723026117 elemental:72 -55.8
I 1723026200 fairy:183 37.85
W 1723026331 dragon:827 -52.60
W 1723026373 elemental:337 -3.61
I 1723026384 dragon:246 -81.64
I 1723026531 dragon:504 21.20
W 1723026545 basilisk:527 -54.18
E 1723026634 elemental:840 -48.41
W 1723026732 chimera:482 39.66
W 1723026740 dragon:505 -5.69
W 1723026763 basilisk:532 -49.60
E 1723026803 dragon:903 73.93
W 1723026836 dragon:466 26.42
I 1723026857 elemental:240 -48.68
I 1723026889 elemental:247 -90.86
E 1723026965 elemental:525 97.24
W 1723027071 chimera:244 -19.50
I 1723027104 elemental:248 -66.15
W 1723027303 fairy:376 23.76
I 1723027312 dragon:598 -100.54
W 1723027352 basilisk:691 94.55
W 1723027577 basilisk:518 -38.65
I 1723027658 fairy:587 -77.43
I 1723027743 elemental:579 94.58
I 1723027904 elemental:354 -49.63
I 1723027916 basilisk:167 43.76
E 1723028020 fairy:366 6.21
W 1723028119 dragon:43 -75.70
W 1723028150 chimera:767 -43.9
E 1723028197 fairy:697 -55.82
W 1723028312 dragon:54 2.99
E 1723028328 basilisk:480 26.67
E 1723028371 basilisk:786 20.50
W 1723028555 chimera:222 -95.3
W 1723028570 basilisk:243 81.76
I 1723028704 fairy:722 -93.4
W 1723028739 fairy:41 -57.28
W 1723028792 basilisk:798 15.40
W 1723028885 elemental:537 -31.75
W 1723028945 fairy:256 45.74
I 1723028962 elemental:430 -65.12
I 1723029082 elemental:298 38.49
W 1723029102 dragon:562 -14.31
W 1723029109 dragon:187 -65.44
E 1723029148 chimera:90 -58.60
W 1723029702 dragon:395 30.85
E 1723029893 elemental:267 55.40
W 1723030026 elemental:337 57.3
I 1723030056 basilisk:990 11.12
E 1723030069 fairy:525 6.62
I 1723030129 chimera:421 41.67
W 1723030265 chimera:60 25.25
E 1723030295 chimera:924 69.77
E 1723030440 fairy:370 -14.71
W 1723030453 basilisk:150 -3.16
W 1723030472 fairy:850 55.47
W 1723030496 dragon:423 -42.48
E 1723030512 elemental:950 60.53
I 1723030580 elemental:409 -81.51
W 1723030608 fairy:119 87.11
E 1723030695 fairy:440 -76.37
I 1723030760 dragon:535 -66.26
I 1723030777 elemental:510 -23.94
W 1723030780 dragon:945 -57.30
I 1723030899 basilisk:683 -20.52
I 1723030946 fairy:100 88.37
I 1723031006 chimera:692 8.57
I 1723031103 dragon:426 -94.99
W 1723031256 chimera:386 46.76
I 1723031294 basilisk:959 87.50
I 1723031297 chimera:480 -96.38
E 1723031343 elemental:177 -60.40
E 1723031434 chimera:647 8.41
I 1723031563 basilisk:137 44.77
W 1723031769 fairy:31 100.83
E 1723031925 chimera:752 60.30
I 1723031927 chimera:660 64.69
W 1723032180 fairy:162 76.28
I 1723032284 chimera:22 -52.23
E 1723032528 chimera:265 -52.1
W 1723032547 chimera:816 -16.5
I 1723032599 chimera:313 48.0
W 1723032688 basilisk:248 -94.68
E 1723032724 elemental:481 -97.0
E 1723032883 fairy:635 15.89
I 1723032965 elemental:186 0.33
E 1723032967 chimera:125 -71.95
W 1723033007 dragon:582 -89.2
E 1723033020 fairy:348 14.61
E 1723033033 chimera:604 6.62
E 1723033186 basilisk:209 42.51
E 1723033189 elemental:163 36.97
I 1723033202 chimera:252 -50.14
W 1723033339 elemental:681 63.9
I 1723033359 elemental:681 -78.1
W 1723033404 dragon:657 -7.73
I 1723033415 basilisk:428 -62.6
E 1723033715 fairy:397 49.68
I 1723033731 fairy:860 -61.99
I 1723033869 chimera:326 86.83
E 1723033953 elemental:928 -15.49
I 1723034279 basilisk:272 60.18
I 1723034392 chimera:775 -90.32
W 1723034854 chimera:63 10.76
W 1723034869 chimera:818 76.59
W 1723034922 elemental:888 27.80
I 1723034964 basilisk:836 19.37
E 1723034967 dragon:622 87.44
W 1723035005 elemental:866 15.75
I 1723035041 fairy:600 39.82
I 1723035124 dragon:741 95.84
I 1723035148 dragon:808 36.30
E 1723035161 fairy:581 -73.14
I 1723035187 chimera:623 -75.35
I 1723035236 basilisk:644 -87.97
E 1723035446 dragon:460 -69.33
I 1723035449 fairy:364 -87.81
E 1723035481 basilisk:643 64.78
E 1723035650 dragon:91 24.25
E 1723035663 dragon:470 -44.43
W 1723035694 fairy:211 -51.94
W 1723035697 chimera:636 2.32
W 1723035794 fairy:913 -41.48
W 1723035987 basilisk:781 0.88
E 1723036151 fairy:254 27.22
E 1723036241 basilisk:853 10.77
E 1723036311 chimera:855 53.7
I 1723036557 fairy:857 13.4
I 1723036593 fairy:124 -96.62
I 1723036829 dragon:889 59.31
W 1723036834 chimera:957 -28.31
I 1723036853 fairy:750 -97.59
W 1723036906 basilisk:543 14.94
E 1723036910 elemental:216 82.72
W 1723036935 fairy:127 -22.22
I 1723036942 dragon:98 -45.99
I 1723037232 fairy:813 46.71
I 1723037296 dragon:387 17.91
I 1723037323 chimera:305 -98.21
E 1723037402 fairy:594 82.36
W 1723037506 dragon:491 36.12
E 1723037518 dragon:206 -87.43
I 1723037523 elemental:226 -3.61
E 1723037649 elemental:161 -88.45
I 1723037654 chimera:306 -79.73
I 1723037770 elemental:695 24.14
I 1723037852 elemental:673 7.74
W 1723037938 chimera:773 -38.46
I 1723037982 basilisk:96 88.3
E 1723038059 basilisk:967 89.94
I 1723038065 fairy:304 96.93
W 1723038114 fairy:764 -30.40
W 1723038374 chimera:679 29.67
I 1723038444 chimera:131 -53.46
E 1723038497 fairy:429 33.82
I 1723038641 dragon:865 -68.4
I 1723038686 dragon:716 37.48
E 1723038765 basilisk:200 92.81
W 1723038802 chimera:906 -35.3
I 1723038903 dragon:4 -41.93
I 1723038951 dragon:964 55.62
W 1723038953 dragon:735 -82.99
E 1723038961 chimera:600 -47.92
W 1723039049 chimera:923 24.87
W 1723039066 chimera:77 -20.80
I 1723039069 basilisk:347 -5.46
W 1723039073 dragon:482 -29.54
E 1723039082 chimera:95 -1.16
W 1723039107 fairy:252 96.41
W 1723039152 dragon:659 63.16
I 1723039218 elemental:254 75.21
I 1723039318 fairy:574 -19.10
E 1723039446 fairy:107 97.68
W 1723039673 basilisk:646 93.49
I 1723039723 elemental:544 6.56
I 1723039755 chimera:603 -66.31
I 1723039761 dragon:165 -38.57
E 1723039849 dragon:945 58.87
W 1723039915 basilisk:573 93.77
I 1723039933 dragon:907 -21.35
E 1723039954 basilisk:647 73.85
W 1723039992 chimera:719 -13.69
E 1723040082 chimera:741 41.91
W 1723040190 basilisk:265 2.25
I 1723040344 chimera:891 -13.63
I 1723040395 chimera:761 -8.71
W 1723040489 fairy:801 -73.49
I 1723040651 dragon:127 7.12
W 1723040777 dragon:574 -7.30
E 1723041063 basilisk:731 -31.53
E 1723041221 elemental:422 -9.80
I 1723041354 basilisk:423 -67.97
E 1723041563 dragon:905 -63.40
W 1723041581 chimera:421 -61.21
I 1723041645 chimera:215 45.71
W 1723041730 dragon:527 -27.32
I 1723041782 elemental:930 -53.38
E 1723041839 chimera:108 -38.43
W 1723041866 dragon:291 -49.61
E 1723041870 fairy:485 -51.9
I 1723041938 elemental:949 -59.36
E 1723042106 fairy:83 -75.87
E 1723042125 chimera:115 94.86
E 1723042173 fairy:641 39.71
E 1723042190 fairy:131 67.53
E 1723042243 elemental:620 -62.4
I 1723042379 elemental:658 75.39
E 1723042482 basilisk:871 -89.34
E 1723042529 chimera:159 38.96
E 1723042557 chimera:427 -81.61
W 1723042691 elemental:126 70.73
W 1723042841 dragon:366 43.87
W 1723042844 fairy:525 80.31
I 1723042925 dragon:344 -19.86
E 1723043079 fairy:73 41.20
I 1723043105 elemental:905 -77.55
I 1723043156 fairy:649 -29.53
I 1723043232 chimera:115 -43.50
E 1723043262 basilisk:551 -27.21
W 1723043382 basilisk:330 66.70
I 1723043417 chimera:742 -76.72
I 1723043770 dragon:603 -26.65
E 1723043960 dragon:911 81.98
W 1723044150 chimera:932 -10.92
W 1723044186 fairy:640 30.2
I 1723044204 chimera:864 -40.45
I 1723044246 dragon:436 -15.37
E 1723044281 basilisk:789 42.76
W 1723044467 elemental:465 47.19
I 1723044551 fairy:149 -97.76
E 1723044559 chimera:897 -21.18
W 1723044575 chimera:978 6.16
W 1723044598 dragon:541 2.22
W 1723044606 chimera:209 -91.31
W 1723044613 fairy:184 -99.16
E 1723044689 chimera:987 42.76
I 1723044690 elemental:338 80.18
W 1723044832 basilisk:502 22.35
I 1723044983 fairy:149 85.46
E 1723045053 basilisk:757 52.44
W 1723045054 elemental:940 45.41
I 1723045115 basilisk:488 36.67
I 1723045218 basilisk:571 1.80
W 1723045452 chimera:992 0.16
I 1723045592 fairy:406 -34.23
I 1723045680 basilisk:856 52.4
E 1723045725 elemental:22 -91.49
W 1723045754 chimera:532 39.26
E 1723045961 basilisk:472 0.1
W 1723045988 fairy:590 -94.27
I 1723046014 chimera:686 -62.32
E 1723046056 dragon:960 33.15
I 1723046114 dragon:973 -28.58
I 1723046131 fairy:762 -67.8
W 1723046151 elemental:736 42.12
I 1723046221 fairy:370 52.64
I 1723046250 chimera:761 80.41
W 1723046296 basilisk:894 11.22
E 1723046305 dragon:376 75.54
E 1723046318 elemental:722 -10.40
E 1723046339 elemental:470 38.30
E 1723046574 dragon:560 -27.24
E 1723046599 fairy:501 -82.58
W 1723046614 chimera:805 -61.33
W 1723046714 fairy:429 44.55
I 1723046839 elemental:508 -35.61
W 1723046954 elemental:779 -100.57
I 1723047095 chimera:289 73.41
I 1723047103 fairy:342 -44.46
I 1723047162 basilisk:132 21.50
E 1723047329 basilisk:633 -18.44
W 1723047349 chimera:836 -80.66
E 1723047613 dragon:122 -8.31
E 1723047676 fairy:589 71.34
I 1723047745 basilisk:610 -63.60
W 1723048081 basilisk:965 -27.90
W 1723048133 dragon:669 1.16
E 1723048177 dragon:981 40.67
I 1723048200 elemental:698 6.66
I 1723048248 fairy:480 100.97
W 1723048446 chimera:870 -6.20
W 1723048507 chimera:701 45.43
E 1723048538 chimera:869 -88.34
E 1723048631 chimera:326 -27.55
I 1723048641 elemental:881 89.6
E 1723048773 basilisk:524 28.71
W 1723048802 basilisk:752 -13.80
W 1723048828 elemental:608 -82.72
W 1723048930 basilisk:169 86.58
E 1723049127 chimera:920 -77.78
E 1723049178 elemental:577 -58.57
W 1723049203 fairy:201 51.51
I 1723049504 elemental:514 -88.57
W 1723049626 basilisk:116 77.13
E 1723049732 fairy:723 67.14
W 1723049778 dragon:429 10.16
I 1723049882 dragon:847 96.31
W 1723049887 elemental:911 22.96
W 1723049900 basilisk:532 -3.61
W 1723049990 fairy:32 -44.18
E 1723050034 elemental:197 37.60
I 1723050172 chimera:631 -89.35
E 1723050174 fairy:820 25.43
E 1723050191 chimera:61 49.52
E 1723050382 basilisk:220 96.40
W 1723050413 basilisk:211 -28.35
E 1723050439 basilisk:432 -55.82
E 1723050448 chimera:187 66.29
W 1723050632 dragon:384 83.87
W 1723050781 dragon:127 -1.62
W 1723050809 dragon:501 89.21
W 1723050812 chimera:13 -48.86
E 1723050884 chimera:535 -58.60
E 1723051211 basilisk:510 74.16
E 1723051220 fairy:704 -97.69
W 1723051491 basilisk:616 -51.43
E 1723051560 chimera:512 -27.12
E 1723051590 basilisk:421 -37.77
I 1723051637 basilisk:103 -99.29
E 1723051823 elemental:522 18.39
E 1723051921 elemental:583 -7.80
E 1723051961 elemental:268 -6.75
E 1723051978 basilisk:243 47.33
I 1723052055 elemental:408 96.30
I 1723052225 fairy:920 -34.46
I 1723052277 fairy:519 -41.92
W 1723052479 chimera:684 14.27
E 1723052518 chimera:682 -83.6
I 1723052660 elemental:828 48.11
I 1723052746 dragon:764 16.77
W 1723052786 elemental:405 53.96
I 1723052808 elemental:743 -74.13
W 1723052892 basilisk:258 -38.98
W 1723052898 elemental:554 -31.87
I 1723052991 chimera:800 1.56
I 1723053058 basilisk:857 6.55
I 1723053124 dragon:726 -76.4
W 1723053131 basilisk:858 28.63
I 1723053241 chimera:830 94.31
I 1723053263 elemental:196 -77.38
W 1723053375 elemental:711 -15.51
E 1723053603 fairy:849 66.96
W 1723053785 chimera:169 -20.39
E 1723053826 basilisk:125 -35.2
W 1723053836 basilisk:31 21.4
I 1723053947 basilisk:335 -94.48
E 1723053963 basilisk:951 -95.99
W 1723054090 basilisk:263 96.59
W 1723054172 elemental:37 59.62
E 1723054179 chimera:194 -39.74
W 1723054206 chimera:780 -37.12
E 1723054210 fairy:460 -77.78
E 1723054221 basilisk:237 -84.8
I 1723054390 fairy:967 33.1
E 1723054501 basilisk:713 36.80
W 1723054720 fairy:155 -30.33
I 1723054759 fairy:774 19.32
I 1723054910 fairy:438 62.66
E 1723055092 elemental:856 -57.87
E 1723055142 basilisk:404 -37.51
I 1723055165 elemental:826 65.23
E 1723055176 elemental:721 63.79
E 1723055187 dragon:549 -14.25
W 1723055192 fairy:789 80.1
W 1723055220 dragon:512 58.45
I 1723055412 elemental:611 -58.43
W 1723055485 chimera:597 48.39
I 1723055488 dragon:546 91.84
E 1723055565 dragon:864 -11.84
W 1723055641 elemental:6 73.59
W 1723055644 basilisk:583 -97.71
I 1723055770 chimera:85 -19.64
I 1723056247 elemental:832 -32.61
W 1723056386 chimera:333 60.7
E 1723056393 basilisk:504 -92.44
E 1723056544 chimera:213 92.53
I 1723056551 basilisk:893 36.47
E 1723056677 fairy:511 45.31
I 1723056693 chimera:618 -94.78
I 1723056699 basilisk:944 28.68
E 1723056874 elemental:618 -22.42
I 1723056938 chimera:656 -24.3
E 1723056965 fairy:499 41.76
E 1723057001 fairy:765 76.90
E 1723057023 dragon:457 66.12
I 1723057216 basilisk:592 31.22
I 1723057396 basilisk:522 -36.30
W 1723057398 elemental:269 -28.25
E 1723057548 basilisk:369 -85.18
E 1723057609 basilisk:162 -37.46
I 1723057634 dragon:612 18.80
I 1723057665 fairy:916 99.72
W 1723057788 dragon:247 89.57
I 1723057980 dragon:938 51.32
E 1723058002 elemental:992 39.17
E 1723058029 basilisk:25 -2.1
I 1723058073 basilisk:75 33.62
I 1723058075 fairy:147 -8.95
W 1723058091 basilisk:331 46.90
W 1723058365 chimera:127 81.79
I 1723058366 basilisk:899 22.0
E 1723058458 fairy:883 92.24
I 1723058463 chimera:181 -70.57
E 1723058475 dragon:110 -7.43
E 1723058533 fairy:958 94.35
I 1723058533 chimera:363 5.32
E 1723058596 fairy:864 38.58
W 1723058618 chimera:557 -64.98
E 1723058632 chimera:56 -70.94
I 1723058687 basilisk:534 -83.25
I 1723058849 fairy:163 58.5
W 1723058989 basilisk:154 -20.81
E 1723059017 elemental:16 78.13
W 1723059029 fairy:628 88.59
I 1723059073 dragon:193 40.99
E 1723059093 basilisk:417 50.70
I 1723059371 dragon:860 81.40
E 1723059413 fairy:118 -15.59
W 1723059432 basilisk:363 -94.78
W 1723059440 fairy:607 -93.46
E 1723059733 dragon:362 2.56
E 1723059738 chimera:70 86.52
E 1723059902 fairy:92 -94.77
E 1723060030 dragon:470 -57.52
E 1723060067 fairy:530 8.1
E 1723060300 fairy:225 18.4
E 1723060348 dragon:658 -6.0
I 1723060438 dragon:99 23.98
W 1723060475 chimera:936 18.54
W 1723060550 elemental:389 -61.61
I 1723060560 fairy:511 -94.41
W 1723060658 elemental:16 16.53
E 1723060687 fairy:257 78.39
E 1723061032 basilisk:277 -1.79
E 1723061110 basilisk:907 -35.21
W 1723061311 chimera:93 -85.32
E 1723061342 chimera:317 54.49
E 1723061355 dragon:976 -37.70
E 1723061403 chimera:982 9.0
I 1723061418 elemental:896 62.18
I 1723061426 elemental:272 20.17
E 1723061497 fairy:654 3.96
W 1723061681 elemental:662 -36.43
I 1723061687 dragon:190 86.35
E 1723061764 basilisk:328 -13.42
I 1723061782 fairy:738 61.70
I 1723061941 fairy:775 -6.86
E 1723062029 chimera:616 58.63
W 1723062220 dragon:578 -99.76
I 1723062267 fairy:794 -75.19
E 1723062275 chimera:429 -62.80
E 1723062295 basilisk:752 -13.55
I 1723062354 elemental:724 -93.89
I 1723062367 elemental:278 93.93
W 1723062427 fairy:183 -31.54
E 1723062560 fairy:73 -67.51
E 1723062671 dragon:544 -59.46
I 1723062761 elemental:794 -9.84
E 1723062784 basilisk:184 39.70
E 1723062851 fairy:603 -22.71
E 1723063054 chimera:643 -2.5
I 1723063056 dragon:499 -72.61
I 1723063060 chimera:482 58.88
E 1723063120 fairy:921 32.72
W 1723063185 basilisk:394 -100.50
W 1723063512 basilisk:404 72.75
W 1723063552 chimera:340 -24.49
I 1723063730 fairy:634 -68.77
I 1723063846 dragon:673 -38.56
I 1723063862 elemental:839 -32.93
I 1723064023 basilisk:974 15.60
W 1723064195 elemental:128 86.24
W 1723064270 basilisk:90 10.23
I 1723064297 dragon:865 -15.4
W 1723064337 elemental:420 70.40
E 1723064396 fairy:721 2.18
E 1723064472 basilisk:349 -31.11
I 1723064634 chimera:657 42.96
I 1723064649 chimera:571 -81.28
E 1723064717 elemental:203 9.56
W 1723064850 basilisk:336 47.15
I 1723065096 basilisk:771 -66.4
W 1723065156 dragon:66 -62.74
W 1723065169 basilisk:985 68.28
W 1723065263 fairy:47 66.68
I 1723065286 fairy:327 48.13
I 1723065333 basilisk:92 79.76
I 1723065507 dragon:191 -19.43
I 1723065704 fairy:418 42.30
W 1723065741 elemental:767 76.44
I 1723065925 dragon:517 -68.34
E 1723066184 basilisk:715 -34.3
W 1723066469 basilisk:724 -93.99
I 1723066544 elemental:395 -68.84
W 1723066615 chimera:719 44.22
E 1723066649 basilisk:165 9.19
W 1723066670 fairy:798 90.55
W 1723066836 fairy:304 -79.55
W 1723066942 elemental:955 -3.15
E 1723066991 basilisk:415 -40.38
W 1723067053 basilisk:517 22.76
W 1723067383 elemental:641 56.74
E 1723067582 chimera:631 -33.16
I 1723067756 chimera:186 -33.15
I 1723067898 basilisk:224 28.61
I 1723067976 dragon:154 53.74
I 1723068273 elemental:906 -88.81
W 1723068310 elemental:173 1.74
I 1723068416 basilisk:207 28.67
I 1723068444 dragon:849 50.72
E 1723068671 chimera:410 -100.75
